---------------------------------------------------------------

[2020-05-08T17:08:10+08:00] 127.0.0.1 GET thinkphpcms.com/
[运行时间：0.070842s] [吞吐率：14.12req/s] [内存消耗：3,046.26kb] [文件加载：85]
[ info ] [ LANG ] D:\phpstudy_pro\WWW\thinkphpcms\thinkphp\lang\zh-cn.php
[ info ] [ BIND ] 'index'
[ info ] [ ROUTE ] array (
  'rule' => '',
  'route' => 'index',
  'option' => 
  array (
    'merge_rule_regex' => false,
    'complete_match' => true,
  ),
  'var' => 
  array (
  ),
)
[ info ] [ HEADER ] array (
  'cookie' => '__guid=51701228.1641357141932602600.1588816275384.601',
  'accept-language' => 'zh-CN,zh;q=0.9',
  'accept-encoding' => 'gzip, deflate',
  'accept' => 'text/html,application/xhtml+xml,application/xml;q=0.9,image/webp,image/apng,*/*;q=0.8,application/signed-exchange;v=b3',
  'user-agent' => 'Mozilla/5.0 (Windows NT 10.0; WOW64) AppleWebKit/537.36 (KHTML, like Gecko) Chrome/78.0.3904.108 Safari/537.36',
  'upgrade-insecure-requests' => '1',
  'connection' => 'close',
  'host' => 'thinkphpcms.com',
)
[ info ] [ PARAM ] array (
)
[ info ] [ DB ] INIT mysql
[ info ] [ VIEW ] D:\phpstudy_pro\WWW\thinkphpcms\application\index\view\index\index.html [ array (
  0 => 'system',
  1 => 'ad',
) ]
[ sql ] [ DB ] CONNECT:[ UseTime:0.003649s ] mysql:host=127.0.0.1;dbname=thinkphpcms.com;charset=utf8
[ sql ] [ SQL ] SHOW COLUMNS FROM `lizhili_system` [ RunTime:0.002614s ]
[ sql ] [ SQL ] SELECT `enname`,`value` FROM `lizhili_system` [ RunTime:0.000457s ]
[ sql ] [ SQL ] SELECT `enname`,`value` FROM `lizhili_system` [ RunTime:0.000496s ]
[ sql ] [ SQL ] SHOW COLUMNS FROM `lizhili_advertisement` [ RunTime:0.002555s ]
[ sql ] [ SQL ] SELECT * FROM `lizhili_advertisement` WHERE  `isopen` = 1 [ RunTime:0.000297s ]
---------------------------------------------------------------

[2020-05-08T17:08:22+08:00] 127.0.0.1 GET thinkphpcms.com/manage
[运行时间：0.019589s] [吞吐率：51.05req/s] [内存消耗：1,065.19kb] [文件加载：53]
[ info ] [ LANG ] D:\phpstudy_pro\WWW\thinkphpcms\thinkphp\lang\zh-cn.php
[ info ] [ BIND ] 'index'
[ info ] [ ROUTE ] array (
  'rule' => 'manage',
  'route' => '/manage.php/login/index.html',
  'option' => 
  array (
    'merge_rule_regex' => false,
    'redirect' => true,
    'status' => 302,
  ),
  'var' => 
  array (
  ),
)
[ info ] [ HEADER ] array (
  'cookie' => '__guid=51701228.1641357141932602600.1588816275384.601; monitor_count=1',
  'accept-language' => 'zh-CN,zh;q=0.9',
  'accept-encoding' => 'gzip, deflate',
  'referer' => 'http://thinkphpcms.com/',
  'accept' => 'text/html,application/xhtml+xml,application/xml;q=0.9,image/webp,image/apng,*/*;q=0.8,application/signed-exchange;v=b3',
  'user-agent' => 'Mozilla/5.0 (Windows NT 10.0; WOW64) AppleWebKit/537.36 (KHTML, like Gecko) Chrome/78.0.3904.108 Safari/537.36',
  'upgrade-insecure-requests' => '1',
  'connection' => 'close',
  'host' => 'thinkphpcms.com',
)
[ info ] [ PARAM ] array (
  '/manage' => '',
)
---------------------------------------------------------------

[2020-05-08T17:08:22+08:00] 127.0.0.1 GET thinkphpcms.com/manage.php/login/index.html
[运行时间：0.035762s] [吞吐率：27.96req/s] [内存消耗：2,222.70kb] [文件加载：71]
[ info ] [ LANG ] D:\phpstudy_pro\WWW\thinkphpcms\thinkphp\lang\zh-cn.php
[ info ] [ BIND ] 'manage'
[ info ] [ ROUTE ] array (
)
[ info ] [ HEADER ] array (
  'cookie' => '__guid=51701228.1641357141932602600.1588816275384.601; monitor_count=1',
  'accept-language' => 'zh-CN,zh;q=0.9',
  'accept-encoding' => 'gzip, deflate',
  'referer' => 'http://thinkphpcms.com/',
  'accept' => 'text/html,application/xhtml+xml,application/xml;q=0.9,image/webp,image/apng,*/*;q=0.8,application/signed-exchange;v=b3',
  'user-agent' => 'Mozilla/5.0 (Windows NT 10.0; WOW64) AppleWebKit/537.36 (KHTML, like Gecko) Chrome/78.0.3904.108 Safari/537.36',
  'upgrade-insecure-requests' => '1',
  'connection' => 'close',
  'host' => 'thinkphpcms.com',
)
[ info ] [ PARAM ] array (
)
[ info ] [ VIEW ] D:\phpstudy_pro\WWW\thinkphpcms\application\manage\view\login\login.html [ array (
) ]
---------------------------------------------------------------

[2020-05-08T17:08:22+08:00] 127.0.0.1 GET thinkphpcms.com/manage.php/captcha.html
[运行时间：0.031085s] [吞吐率：32.17req/s] [内存消耗：1,560.51kb] [文件加载：56]
[ info ] [ LANG ] D:\phpstudy_pro\WWW\thinkphpcms\thinkphp\lang\zh-cn.php
[ info ] [ BIND ] 'manage'
[ info ] [ ROUTE ] array (
  'rule' => 'captcha/<id?>',
  'route' => '\\think\\captcha\\CaptchaController@index',
  'option' => 
  array (
    'merge_rule_regex' => false,
  ),
  'var' => 
  array (
  ),
)
[ info ] [ HEADER ] array (
  'cookie' => '__guid=51701228.1641357141932602600.1588816275384.601; monitor_count=1',
  'accept-language' => 'zh-CN,zh;q=0.9',
  'accept-encoding' => 'gzip, deflate',
  'referer' => 'http://thinkphpcms.com/manage.php/login/index.html',
  'accept' => 'image/webp,image/apng,image/*,*/*;q=0.8',
  'user-agent' => 'Mozilla/5.0 (Windows NT 10.0; WOW64) AppleWebKit/537.36 (KHTML, like Gecko) Chrome/78.0.3904.108 Safari/537.36',
  'connection' => 'close',
  'host' => 'thinkphpcms.com',
)
[ info ] [ PARAM ] array (
)
---------------------------------------------------------------

[2020-05-08T17:08:34+08:00] 127.0.0.1 POST thinkphpcms.com/manage.php/login/index.html
[运行时间：0.075500s] [吞吐率：13.25req/s] [内存消耗：3,643.27kb] [文件加载：87]
[ info ] [ LANG ] D:\phpstudy_pro\WWW\thinkphpcms\thinkphp\lang\zh-cn.php
[ info ] [ BIND ] 'manage'
[ info ] [ ROUTE ] array (
)
[ info ] [ HEADER ] array (
  'cookie' => '__guid=51701228.1641357141932602600.1588816275384.601; monitor_count=2; PHPSESSID=f2r0eirfehs3ld3jbkc98t7sk2',
  'accept-language' => 'zh-CN,zh;q=0.9',
  'accept-encoding' => 'gzip, deflate',
  'referer' => 'http://thinkphpcms.com/manage.php/login/index.html',
  'accept' => 'text/html,application/xhtml+xml,application/xml;q=0.9,image/webp,image/apng,*/*;q=0.8,application/signed-exchange;v=b3',
  'user-agent' => 'Mozilla/5.0 (Windows NT 10.0; WOW64) AppleWebKit/537.36 (KHTML, like Gecko) Chrome/78.0.3904.108 Safari/537.36',
  'content-type' => 'application/x-www-form-urlencoded',
  'upgrade-insecure-requests' => '1',
  'origin' => 'http://thinkphpcms.com',
  'cache-control' => 'max-age=0',
  'content-length' => '45',
  'connection' => 'close',
  'host' => 'thinkphpcms.com',
)
[ info ] [ PARAM ] array (
  'username' => 'admin',
  'password' => 'lizhili123',
  'coder' => 'f8rq',
)
[ info ] [ DB ] INIT mysql
[ info ] [ DB ] INIT mysql
[ info ] [ VIEW ] D:\phpstudy_pro\WWW\thinkphpcms\thinkphp\tpl/dispatch_jump.tpl [ array (
  0 => 'code',
  1 => 'msg',
  2 => 'data',
  3 => 'url',
  4 => 'wait',
) ]
[ sql ] [ DB ] CONNECT:[ UseTime:0.010270s ] mysql:host=127.0.0.1;dbname=thinkphpcms.com;charset=utf8
[ sql ] [ SQL ] SHOW COLUMNS FROM `lizhili_log` [ RunTime:0.002500s ]
[ sql ] [ SQL ] INSERT INTO `lizhili_log` (`username` , `ip` , `create_time`) VALUES ('admin' , '127.0.0.1' , 1588928914) [ RunTime:0.000502s ]
[ sql ] [ DB ] CONNECT:[ UseTime:0.010344s ] mysql:host=127.0.0.1;dbname=thinkphpcms.com;charset=utf8
[ sql ] [ SQL ] SHOW COLUMNS FROM `lizhili_admin` [ RunTime:0.002620s ]
[ sql ] [ SQL ] SELECT * FROM `lizhili_admin` WHERE  `username` = 'admin' LIMIT 1 [ RunTime:0.000395s ]
---------------------------------------------------------------

[2020-05-08T17:08:37+08:00] 127.0.0.1 GET thinkphpcms.com/manage.php/index/index.html
[运行时间：0.062160s] [吞吐率：16.09req/s] [内存消耗：3,347.19kb] [文件加载：80]
[ info ] [ LANG ] D:\phpstudy_pro\WWW\thinkphpcms\thinkphp\lang\zh-cn.php
[ info ] [ BIND ] 'manage'
[ info ] [ ROUTE ] array (
)
[ info ] [ HEADER ] array (
  'cookie' => '__guid=51701228.1641357141932602600.1588816275384.601; PHPSESSID=f2r0eirfehs3ld3jbkc98t7sk2; monitor_count=3',
  'accept-language' => 'zh-CN,zh;q=0.9',
  'accept-encoding' => 'gzip, deflate',
  'referer' => 'http://thinkphpcms.com/manage.php/login/index.html',
  'accept' => 'text/html,application/xhtml+xml,application/xml;q=0.9,image/webp,image/apng,*/*;q=0.8,application/signed-exchange;v=b3',
  'user-agent' => 'Mozilla/5.0 (Windows NT 10.0; WOW64) AppleWebKit/537.36 (KHTML, like Gecko) Chrome/78.0.3904.108 Safari/537.36',
  'upgrade-insecure-requests' => '1',
  'connection' => 'close',
  'host' => 'thinkphpcms.com',
)
[ info ] [ PARAM ] array (
)
[ info ] [ DB ] INIT mysql
[ info ] [ DB ] INIT mysql
[ info ] [ VIEW ] D:\phpstudy_pro\WWW\thinkphpcms\application\manage\view\index\index.html [ array (
  0 => 'comment',
  1 => 'message',
) ]
[ sql ] [ DB ] CONNECT:[ UseTime:0.001591s ] mysql:host=127.0.0.1;dbname=thinkphpcms.com;charset=utf8
[ sql ] [ SQL ] SHOW COLUMNS FROM `lizhili_comment` [ RunTime:0.002935s ]
[ sql ] [ SQL ] SELECT COUNT(*) AS tp_count FROM `lizhili_comment` WHERE  `isopen` = -1 [ RunTime:0.000303s ]
[ sql ] [ DB ] CONNECT:[ UseTime:0.009621s ] mysql:host=127.0.0.1;dbname=thinkphpcms.com;charset=utf8
[ sql ] [ SQL ] SHOW COLUMNS FROM `lizhili_message` [ RunTime:0.002180s ]
[ sql ] [ SQL ] SELECT COUNT(*) AS tp_count FROM `lizhili_message` WHERE  `isopen` = 0 [ RunTime:0.000288s ]
---------------------------------------------------------------

[2020-05-08T17:08:37+08:00] 127.0.0.1 GET thinkphpcms.com/manage.php/index/main.html
[运行时间：0.091925s] [吞吐率：10.88req/s] [内存消耗：3,508.46kb] [文件加载：79]
[ info ] [ LANG ] D:\phpstudy_pro\WWW\thinkphpcms\thinkphp\lang\zh-cn.php
[ info ] [ BIND ] 'manage'
[ info ] [ ROUTE ] array (
)
[ info ] [ HEADER ] array (
  'cookie' => '__guid=51701228.1641357141932602600.1588816275384.601; PHPSESSID=f2r0eirfehs3ld3jbkc98t7sk2; monitor_count=4',
  'accept-language' => 'zh-CN,zh;q=0.9',
  'accept-encoding' => 'gzip, deflate',
  'referer' => 'http://thinkphpcms.com/manage.php/index/index.html',
  'accept' => 'text/html,application/xhtml+xml,application/xml;q=0.9,image/webp,image/apng,*/*;q=0.8,application/signed-exchange;v=b3',
  'user-agent' => 'Mozilla/5.0 (Windows NT 10.0; WOW64) AppleWebKit/537.36 (KHTML, like Gecko) Chrome/78.0.3904.108 Safari/537.36',
  'upgrade-insecure-requests' => '1',
  'connection' => 'close',
  'host' => 'thinkphpcms.com',
)
[ info ] [ PARAM ] array (
)
[ info ] [ DB ] INIT mysql
[ info ] [ DB ] INIT mysql
[ info ] [ DB ] INIT mysql
[ info ] [ DB ] INIT mysql
[ info ] [ VIEW ] D:\phpstudy_pro\WWW\thinkphpcms\application\manage\view\index\main.html [ array (
  0 => 'comment',
  1 => 'message',
  2 => 'w',
  3 => 'liu',
  4 => 'yong',
  5 => 'ping',
  6 => 'log',
  7 => 'count1',
) ]
[ sql ] [ DB ] CONNECT:[ UseTime:0.011677s ] mysql:host=127.0.0.1;dbname=thinkphpcms.com;charset=utf8
[ sql ] [ SQL ] SHOW COLUMNS FROM `lizhili_comment` [ RunTime:0.001128s ]
[ sql ] [ SQL ] SELECT COUNT(*) AS tp_count FROM `lizhili_comment` WHERE  `isopen` = -1 [ RunTime:0.000400s ]
[ sql ] [ DB ] CONNECT:[ UseTime:0.001573s ] mysql:host=127.0.0.1;dbname=thinkphpcms.com;charset=utf8
[ sql ] [ SQL ] SHOW COLUMNS FROM `lizhili_message` [ RunTime:0.001068s ]
[ sql ] [ SQL ] SELECT COUNT(*) AS tp_count FROM `lizhili_message` WHERE  `isopen` = 0 [ RunTime:0.000295s ]
[ sql ] [ SQL ] SHOW COLUMNS FROM `lizhili_article` [ RunTime:0.002561s ]
[ sql ] [ SQL ] SELECT COUNT(*) AS tp_count FROM `lizhili_article` [ RunTime:0.000247s ]
[ sql ] [ SQL ] SELECT COUNT(*) AS tp_count FROM `lizhili_article` WHERE  ( to_days(date_format(from_UNIXTIME(`time`),'%Y-%m-%d')) = to_days(now()) ) [ RunTime:0.001904s ]
[ sql ] [ SQL ] select count(*) from `lizhili_article` where to_days(date_format(from_UNIXTIME(`time`),'%Y-%m-%d')) - to_days(now()) <1 and to_days(date_format(from_UNIXTIME(`time`),'%Y-%m-%d')) - to_days(now()) <0; [ RunTime:0.000598s ]
[ sql ] [ SQL ] SELECT COUNT(*) AS tp_count FROM `lizhili_article` WHERE  ( YEARWEEK(date_format(from_UNIXTIME(`time`),'%Y-%m-%d')) = YEARWEEK(now()) ) [ RunTime:0.000265s ]
[ sql ] [ SQL ] SELECT COUNT(*) AS tp_count FROM `lizhili_article` WHERE  ( date_format(date_format(from_UNIXTIME(`time`),'%Y-%m-%d'), '%Y%m') = date_format(curdate() ,'%Y%m') ) [ RunTime:0.000264s ]
[ sql ] [ SQL ] SELECT COUNT(*) AS tp_count FROM `lizhili_message` [ RunTime:0.000454s ]
[ sql ] [ SQL ] SELECT COUNT(*) AS tp_count FROM `lizhili_message` WHERE  ( to_days(date_format(from_UNIXTIME(`create_time`),'%Y-%m-%d')) = to_days(now()) ) [ RunTime:0.000256s ]
[ sql ] [ SQL ] select count(*) from `lizhili_message` where to_days(date_format(from_UNIXTIME(`create_time`),'%Y-%m-%d')) - to_days(now()) <1 and to_days(date_format(from_UNIXTIME(`create_time`),'%Y-%m-%d')) - to_days(now()) <0; [ RunTime:0.000264s ]
[ sql ] [ SQL ] SELECT COUNT(*) AS tp_count FROM `lizhili_message` WHERE  ( YEARWEEK(date_format(from_UNIXTIME(`create_time`),'%Y-%m-%d')) = YEARWEEK(now()) ) [ RunTime:0.000249s ]
[ sql ] [ SQL ] SELECT COUNT(*) AS tp_count FROM `lizhili_message` WHERE  ( date_format(date_format(from_UNIXTIME(`create_time`),'%Y-%m-%d'), '%Y%m') = date_format(curdate() ,'%Y%m') ) [ RunTime:0.000256s ]
[ sql ] [ SQL ] SHOW COLUMNS FROM `lizhili_member` [ RunTime:0.002105s ]
[ sql ] [ SQL ] SELECT COUNT(*) AS tp_count FROM `lizhili_member` [ RunTime:0.000302s ]
[ sql ] [ SQL ] SELECT COUNT(*) AS tp_count FROM `lizhili_member` WHERE  ( to_days(date_format(from_UNIXTIME(`create_time`),'%Y-%m-%d')) = to_days(now()) ) [ RunTime:0.000287s ]
[ sql ] [ SQL ] select count(*) from `lizhili_member` where to_days(date_format(from_UNIXTIME(`create_time`),'%Y-%m-%d')) - to_days(now()) <1 and to_days(date_format(from_UNIXTIME(`create_time`),'%Y-%m-%d')) - to_days(now()) <0; [ RunTime:0.000273s ]
[ sql ] [ SQL ] SELECT COUNT(*) AS tp_count FROM `lizhili_member` WHERE  ( YEARWEEK(date_format(from_UNIXTIME(`create_time`),'%Y-%m-%d')) = YEARWEEK(now()) ) [ RunTime:0.000353s ]
[ sql ] [ SQL ] SELECT COUNT(*) AS tp_count FROM `lizhili_member` WHERE  ( date_format(date_format(from_UNIXTIME(`create_time`),'%Y-%m-%d'), '%Y%m') = date_format(curdate() ,'%Y%m') ) [ RunTime:0.000278s ]
[ sql ] [ SQL ] SELECT COUNT(*) AS tp_count FROM `lizhili_comment` [ RunTime:0.000706s ]
[ sql ] [ SQL ] SELECT COUNT(*) AS tp_count FROM `lizhili_comment` WHERE  ( to_days(date_format(from_UNIXTIME(`create_time`),'%Y-%m-%d')) = to_days(now()) ) [ RunTime:0.000251s ]
[ sql ] [ SQL ] select count(*) from `lizhili_comment` where to_days(date_format(from_UNIXTIME(`create_time`),'%Y-%m-%d')) - to_days(now()) <1 and to_days(date_format(from_UNIXTIME(`create_time`),'%Y-%m-%d')) - to_days(now()) <0; [ RunTime:0.000264s ]
[ sql ] [ SQL ] SELECT COUNT(*) AS tp_count FROM `lizhili_comment` WHERE  ( YEARWEEK(date_format(from_UNIXTIME(`create_time`),'%Y-%m-%d')) = YEARWEEK(now()) ) [ RunTime:0.000252s ]
[ sql ] [ SQL ] SELECT COUNT(*) AS tp_count FROM `lizhili_comment` WHERE  ( date_format(date_format(from_UNIXTIME(`create_time`),'%Y-%m-%d'), '%Y%m') = date_format(curdate() ,'%Y%m') ) [ RunTime:0.000249s ]
[ sql ] [ DB ] CONNECT:[ UseTime:0.001572s ] mysql:host=127.0.0.1;dbname=thinkphpcms.com;charset=utf8
[ sql ] [ SQL ] SHOW COLUMNS FROM `lizhili_log` [ RunTime:0.000987s ]
[ sql ] [ SQL ] SELECT * FROM `lizhili_log` ORDER BY `id` DESC LIMIT 1 [ RunTime:0.000327s ]
[ sql ] [ DB ] CONNECT:[ UseTime:0.010511s ] mysql:host=127.0.0.1;dbname=thinkphpcms.com;charset=utf8
[ sql ] [ SQL ] SELECT COUNT(*) AS tp_count FROM `lizhili_log` [ RunTime:0.000742s ]
---------------------------------------------------------------

[2020-05-08T17:09:54+08:00] 127.0.0.1 GET thinkphpcms.com/manage.php/system/index.html
[运行时间：0.075648s] [吞吐率：13.22req/s] [内存消耗：3,771.91kb] [文件加载：89]
[ info ] [ LANG ] D:\phpstudy_pro\WWW\thinkphpcms\thinkphp\lang\zh-cn.php
[ info ] [ BIND ] 'manage'
[ info ] [ ROUTE ] array (
)
[ info ] [ HEADER ] array (
  'cookie' => '__guid=51701228.1641357141932602600.1588816275384.601; PHPSESSID=f2r0eirfehs3ld3jbkc98t7sk2; monitor_count=4',
  'accept-language' => 'zh-CN,zh;q=0.9',
  'accept-encoding' => 'gzip, deflate',
  'referer' => 'http://thinkphpcms.com/manage.php/index/index.html',
  'accept' => 'text/html,application/xhtml+xml,application/xml;q=0.9,image/webp,image/apng,*/*;q=0.8,application/signed-exchange;v=b3',
  'user-agent' => 'Mozilla/5.0 (Windows NT 10.0; WOW64) AppleWebKit/537.36 (KHTML, like Gecko) Chrome/78.0.3904.108 Safari/537.36',
  'upgrade-insecure-requests' => '1',
  'connection' => 'close',
  'host' => 'thinkphpcms.com',
)
[ info ] [ PARAM ] array (
)
[ info ] [ DB ] INIT mysql
[ info ] [ DB ] INIT mysql
[ info ] [ VIEW ] D:\phpstudy_pro\WWW\thinkphpcms\application\manage\view\system\list.html [ array (
  0 => 'comment',
  1 => 'message',
  2 => 'data',
  3 => 'count1',
) ]
[ sql ] [ DB ] CONNECT:[ UseTime:0.010963s ] mysql:host=127.0.0.1;dbname=thinkphpcms.com;charset=utf8
[ sql ] [ SQL ] SHOW COLUMNS FROM `lizhili_comment` [ RunTime:0.001128s ]
[ sql ] [ SQL ] SELECT COUNT(*) AS tp_count FROM `lizhili_comment` WHERE  `isopen` = -1 [ RunTime:0.000291s ]
[ sql ] [ DB ] CONNECT:[ UseTime:0.010180s ] mysql:host=127.0.0.1;dbname=thinkphpcms.com;charset=utf8
[ sql ] [ SQL ] SHOW COLUMNS FROM `lizhili_message` [ RunTime:0.000947s ]
[ sql ] [ SQL ] SELECT COUNT(*) AS tp_count FROM `lizhili_message` WHERE  `isopen` = 0 [ RunTime:0.000264s ]
[ sql ] [ SQL ] SHOW COLUMNS FROM `lizhili_system` [ RunTime:0.001235s ]
[ sql ] [ SQL ] SELECT * FROM `lizhili_system` ORDER BY `sort` ASC [ RunTime:0.000377s ]
[ sql ] [ SQL ] SELECT COUNT(*) AS tp_count FROM `lizhili_system` [ RunTime:0.000251s ]
---------------------------------------------------------------

[2020-05-08T17:09:55+08:00] 127.0.0.1 GET thinkphpcms.com/manage.php/system/show.html
[运行时间：0.063175s] [吞吐率：15.83req/s] [内存消耗：3,705.66kb] [文件加载：87]
[ info ] [ LANG ] D:\phpstudy_pro\WWW\thinkphpcms\thinkphp\lang\zh-cn.php
[ info ] [ BIND ] 'manage'
[ info ] [ ROUTE ] array (
)
[ info ] [ HEADER ] array (
  'cookie' => '__guid=51701228.1641357141932602600.1588816275384.601; PHPSESSID=f2r0eirfehs3ld3jbkc98t7sk2; monitor_count=4',
  'accept-language' => 'zh-CN,zh;q=0.9',
  'accept-encoding' => 'gzip, deflate',
  'referer' => 'http://thinkphpcms.com/manage.php/index/index.html',
  'accept' => 'text/html,application/xhtml+xml,application/xml;q=0.9,image/webp,image/apng,*/*;q=0.8,application/signed-exchange;v=b3',
  'user-agent' => 'Mozilla/5.0 (Windows NT 10.0; WOW64) AppleWebKit/537.36 (KHTML, like Gecko) Chrome/78.0.3904.108 Safari/537.36',
  'upgrade-insecure-requests' => '1',
  'connection' => 'close',
  'host' => 'thinkphpcms.com',
)
[ info ] [ PARAM ] array (
)
[ info ] [ DB ] INIT mysql
[ info ] [ DB ] INIT mysql
[ info ] [ VIEW ] D:\phpstudy_pro\WWW\thinkphpcms\application\manage\view\system\index.html [ array (
  0 => 'comment',
  1 => 'message',
  2 => 'data',
) ]
[ sql ] [ DB ] CONNECT:[ UseTime:0.010337s ] mysql:host=127.0.0.1;dbname=thinkphpcms.com;charset=utf8
[ sql ] [ SQL ] SHOW COLUMNS FROM `lizhili_comment` [ RunTime:0.001108s ]
[ sql ] [ SQL ] SELECT COUNT(*) AS tp_count FROM `lizhili_comment` WHERE  `isopen` = -1 [ RunTime:0.000294s ]
[ sql ] [ DB ] CONNECT:[ UseTime:0.001276s ] mysql:host=127.0.0.1;dbname=thinkphpcms.com;charset=utf8
[ sql ] [ SQL ] SHOW COLUMNS FROM `lizhili_message` [ RunTime:0.000916s ]
[ sql ] [ SQL ] SELECT COUNT(*) AS tp_count FROM `lizhili_message` WHERE  `isopen` = 0 [ RunTime:0.000255s ]
[ sql ] [ SQL ] SHOW COLUMNS FROM `lizhili_system` [ RunTime:0.000981s ]
[ sql ] [ SQL ] SELECT * FROM `lizhili_system` ORDER BY `sort` ASC [ RunTime:0.000360s ]
---------------------------------------------------------------

[2020-05-08T17:09:56+08:00] 127.0.0.1 GET thinkphpcms.com/manage.php/system/config.html
[运行时间：0.068968s] [吞吐率：14.50req/s] [内存消耗：3,303.13kb] [文件加载：78]
[ info ] [ LANG ] D:\phpstudy_pro\WWW\thinkphpcms\thinkphp\lang\zh-cn.php
[ info ] [ BIND ] 'manage'
[ info ] [ ROUTE ] array (
)
[ info ] [ HEADER ] array (
  'cookie' => '__guid=51701228.1641357141932602600.1588816275384.601; PHPSESSID=f2r0eirfehs3ld3jbkc98t7sk2; monitor_count=4',
  'accept-language' => 'zh-CN,zh;q=0.9',
  'accept-encoding' => 'gzip, deflate',
  'referer' => 'http://thinkphpcms.com/manage.php/index/index.html',
  'accept' => 'text/html,application/xhtml+xml,application/xml;q=0.9,image/webp,image/apng,*/*;q=0.8,application/signed-exchange;v=b3',
  'user-agent' => 'Mozilla/5.0 (Windows NT 10.0; WOW64) AppleWebKit/537.36 (KHTML, like Gecko) Chrome/78.0.3904.108 Safari/537.36',
  'upgrade-insecure-requests' => '1',
  'connection' => 'close',
  'host' => 'thinkphpcms.com',
)
[ info ] [ PARAM ] array (
)
[ info ] [ DB ] INIT mysql
[ info ] [ DB ] INIT mysql
[ info ] [ VIEW ] D:\phpstudy_pro\WWW\thinkphpcms\application\manage\view\system\config.html [ array (
  0 => 'comment',
  1 => 'message',
  2 => 'data',
) ]
[ sql ] [ DB ] CONNECT:[ UseTime:0.010856s ] mysql:host=127.0.0.1;dbname=thinkphpcms.com;charset=utf8
[ sql ] [ SQL ] SHOW COLUMNS FROM `lizhili_comment` [ RunTime:0.001106s ]
[ sql ] [ SQL ] SELECT COUNT(*) AS tp_count FROM `lizhili_comment` WHERE  `isopen` = -1 [ RunTime:0.000297s ]
[ sql ] [ DB ] CONNECT:[ UseTime:0.010283s ] mysql:host=127.0.0.1;dbname=thinkphpcms.com;charset=utf8
[ sql ] [ SQL ] SHOW COLUMNS FROM `lizhili_message` [ RunTime:0.000956s ]
[ sql ] [ SQL ] SELECT COUNT(*) AS tp_count FROM `lizhili_message` WHERE  `isopen` = 0 [ RunTime:0.000266s ]
[ sql ] [ SQL ] SHOW COLUMNS FROM `lizhili_config` [ RunTime:0.002165s ]
[ sql ] [ SQL ] SELECT `key`,`value` FROM `lizhili_config` [ RunTime:0.000338s ]
---------------------------------------------------------------

[2020-05-08T17:09:57+08:00] 127.0.0.1 GET thinkphpcms.com/manage.php/system/shield.html
[运行时间：0.059091s] [吞吐率：16.92req/s] [内存消耗：3,286.83kb] [文件加载：78]
[ info ] [ LANG ] D:\phpstudy_pro\WWW\thinkphpcms\thinkphp\lang\zh-cn.php
[ info ] [ BIND ] 'manage'
[ info ] [ ROUTE ] array (
)
[ info ] [ HEADER ] array (
  'cookie' => '__guid=51701228.1641357141932602600.1588816275384.601; PHPSESSID=f2r0eirfehs3ld3jbkc98t7sk2; monitor_count=4',
  'accept-language' => 'zh-CN,zh;q=0.9',
  'accept-encoding' => 'gzip, deflate',
  'referer' => 'http://thinkphpcms.com/manage.php/index/index.html',
  'accept' => 'text/html,application/xhtml+xml,application/xml;q=0.9,image/webp,image/apng,*/*;q=0.8,application/signed-exchange;v=b3',
  'user-agent' => 'Mozilla/5.0 (Windows NT 10.0; WOW64) AppleWebKit/537.36 (KHTML, like Gecko) Chrome/78.0.3904.108 Safari/537.36',
  'upgrade-insecure-requests' => '1',
  'connection' => 'close',
  'host' => 'thinkphpcms.com',
)
[ info ] [ PARAM ] array (
)
[ info ] [ DB ] INIT mysql
[ info ] [ DB ] INIT mysql
[ info ] [ VIEW ] D:\phpstudy_pro\WWW\thinkphpcms\application\manage\view\system\shield.html [ array (
  0 => 'comment',
  1 => 'message',
  2 => 'data',
) ]
[ sql ] [ DB ] CONNECT:[ UseTime:0.001545s ] mysql:host=127.0.0.1;dbname=thinkphpcms.com;charset=utf8
[ sql ] [ SQL ] SHOW COLUMNS FROM `lizhili_comment` [ RunTime:0.001071s ]
[ sql ] [ SQL ] SELECT COUNT(*) AS tp_count FROM `lizhili_comment` WHERE  `isopen` = -1 [ RunTime:0.000284s ]
[ sql ] [ DB ] CONNECT:[ UseTime:0.009838s ] mysql:host=127.0.0.1;dbname=thinkphpcms.com;charset=utf8
[ sql ] [ SQL ] SHOW COLUMNS FROM `lizhili_message` [ RunTime:0.000918s ]
[ sql ] [ SQL ] SELECT COUNT(*) AS tp_count FROM `lizhili_message` WHERE  `isopen` = 0 [ RunTime:0.000264s ]
[ sql ] [ SQL ] SHOW COLUMNS FROM `lizhili_shield` [ RunTime:0.002447s ]
[ sql ] [ SQL ] SELECT * FROM `lizhili_shield` WHERE  `id` = 1 LIMIT 1 [ RunTime:0.000392s ]
---------------------------------------------------------------

[2020-05-08T17:09:59+08:00] 127.0.0.1 GET thinkphpcms.com/manage.php/sql/index.html
[运行时间：0.048327s] [吞吐率：20.69req/s] [内存消耗：3,301.52kb] [文件加载：76]
[ info ] [ LANG ] D:\phpstudy_pro\WWW\thinkphpcms\thinkphp\lang\zh-cn.php
[ info ] [ BIND ] 'manage'
[ info ] [ ROUTE ] array (
)
[ info ] [ HEADER ] array (
  'cookie' => '__guid=51701228.1641357141932602600.1588816275384.601; PHPSESSID=f2r0eirfehs3ld3jbkc98t7sk2; monitor_count=4',
  'accept-language' => 'zh-CN,zh;q=0.9',
  'accept-encoding' => 'gzip, deflate',
  'referer' => 'http://thinkphpcms.com/manage.php/index/index.html',
  'accept' => 'text/html,application/xhtml+xml,application/xml;q=0.9,image/webp,image/apng,*/*;q=0.8,application/signed-exchange;v=b3',
  'user-agent' => 'Mozilla/5.0 (Windows NT 10.0; WOW64) AppleWebKit/537.36 (KHTML, like Gecko) Chrome/78.0.3904.108 Safari/537.36',
  'upgrade-insecure-requests' => '1',
  'connection' => 'close',
  'host' => 'thinkphpcms.com',
)
[ info ] [ PARAM ] array (
)
[ info ] [ DB ] INIT mysql
[ info ] [ DB ] INIT mysql
[ info ] [ VIEW ] D:\phpstudy_pro\WWW\thinkphpcms\application\manage\view\sql\index.html [ array (
  0 => 'data',
  1 => 'count1',
) ]
[ sql ] [ DB ] CONNECT:[ UseTime:0.001552s ] mysql:host=127.0.0.1;dbname=thinkphpcms.com;charset=utf8
[ sql ] [ SQL ] SHOW COLUMNS FROM `lizhili_sql` [ RunTime:0.002396s ]
[ sql ] [ SQL ] SELECT * FROM `lizhili_sql` ORDER BY `id` DESC [ RunTime:0.000319s ]
[ sql ] [ DB ] CONNECT:[ UseTime:0.001346s ] mysql:host=127.0.0.1;dbname=thinkphpcms.com;charset=utf8
[ sql ] [ SQL ] SELECT COUNT(*) AS tp_count FROM `lizhili_sql` [ RunTime:0.000570s ]
---------------------------------------------------------------

[2020-05-08T17:10:49+08:00] 127.0.0.1 GET thinkphpcms.com/manage.php/cate/index.html
[运行时间：0.086058s] [吞吐率：11.62req/s] [内存消耗：3,845.02kb] [文件加载：89]
[ info ] [ LANG ] D:\phpstudy_pro\WWW\thinkphpcms\thinkphp\lang\zh-cn.php
[ info ] [ BIND ] 'manage'
[ info ] [ ROUTE ] array (
)
[ info ] [ HEADER ] array (
  'cookie' => '__guid=51701228.1641357141932602600.1588816275384.601; PHPSESSID=f2r0eirfehs3ld3jbkc98t7sk2; monitor_count=4',
  'accept-language' => 'zh-CN,zh;q=0.9',
  'accept-encoding' => 'gzip, deflate',
  'referer' => 'http://thinkphpcms.com/manage.php/index/index.html',
  'accept' => 'text/html,application/xhtml+xml,application/xml;q=0.9,image/webp,image/apng,*/*;q=0.8,application/signed-exchange;v=b3',
  'user-agent' => 'Mozilla/5.0 (Windows NT 10.0; WOW64) AppleWebKit/537.36 (KHTML, like Gecko) Chrome/78.0.3904.108 Safari/537.36',
  'upgrade-insecure-requests' => '1',
  'connection' => 'close',
  'host' => 'thinkphpcms.com',
)
[ info ] [ PARAM ] array (
)
[ info ] [ DB ] INIT mysql
[ info ] [ DB ] INIT mysql
[ info ] [ DB ] INIT mysql
[ info ] [ VIEW ] D:\phpstudy_pro\WWW\thinkphpcms\application\manage\view\cate\index.html [ array (
  0 => 'comment',
  1 => 'message',
  2 => 'datasort',
  3 => 'count1',
) ]
[ sql ] [ DB ] CONNECT:[ UseTime:0.009863s ] mysql:host=127.0.0.1;dbname=thinkphpcms.com;charset=utf8
[ sql ] [ SQL ] SHOW COLUMNS FROM `lizhili_comment` [ RunTime:0.000665s ]
[ sql ] [ SQL ] SELECT COUNT(*) AS tp_count FROM `lizhili_comment` WHERE  `isopen` = -1 [ RunTime:0.000288s ]
[ sql ] [ DB ] CONNECT:[ UseTime:0.010870s ] mysql:host=127.0.0.1;dbname=thinkphpcms.com;charset=utf8
[ sql ] [ SQL ] SHOW COLUMNS FROM `lizhili_message` [ RunTime:0.000648s ]
[ sql ] [ SQL ] SELECT COUNT(*) AS tp_count FROM `lizhili_message` WHERE  `isopen` = 0 [ RunTime:0.000276s ]
[ sql ] [ SQL ] SHOW COLUMNS FROM `lizhili_cate` [ RunTime:0.002048s ]
[ sql ] [ SQL ] SELECT * FROM `lizhili_cate` ORDER BY `sort` ASC [ RunTime:0.000311s ]
[ sql ] [ DB ] CONNECT:[ UseTime:0.001426s ] mysql:host=127.0.0.1;dbname=thinkphpcms.com;charset=utf8
[ sql ] [ SQL ] SELECT COUNT(*) AS tp_count FROM `lizhili_cate` [ RunTime:0.000590s ]
---------------------------------------------------------------

[2020-05-08T17:10:50+08:00] 127.0.0.1 GET thinkphpcms.com/manage.php/member/index.html
[运行时间：0.069352s] [吞吐率：14.42req/s] [内存消耗：4,097.15kb] [文件加载：92]
[ info ] [ LANG ] D:\phpstudy_pro\WWW\thinkphpcms\thinkphp\lang\zh-cn.php
[ info ] [ BIND ] 'manage'
[ info ] [ ROUTE ] array (
)
[ info ] [ HEADER ] array (
  'cookie' => '__guid=51701228.1641357141932602600.1588816275384.601; PHPSESSID=f2r0eirfehs3ld3jbkc98t7sk2; monitor_count=4',
  'accept-language' => 'zh-CN,zh;q=0.9',
  'accept-encoding' => 'gzip, deflate',
  'referer' => 'http://thinkphpcms.com/manage.php/index/index.html',
  'accept' => 'text/html,application/xhtml+xml,application/xml;q=0.9,image/webp,image/apng,*/*;q=0.8,application/signed-exchange;v=b3',
  'user-agent' => 'Mozilla/5.0 (Windows NT 10.0; WOW64) AppleWebKit/537.36 (KHTML, like Gecko) Chrome/78.0.3904.108 Safari/537.36',
  'upgrade-insecure-requests' => '1',
  'connection' => 'close',
  'host' => 'thinkphpcms.com',
)
[ info ] [ PARAM ] array (
)
[ info ] [ DB ] INIT mysql
[ info ] [ DB ] INIT mysql
[ info ] [ DB ] INIT mysql
[ info ] [ VIEW ] D:\phpstudy_pro\WWW\thinkphpcms\application\manage\view\member\index.html [ array (
  0 => 'comment',
  1 => 'message',
  2 => 'key',
  3 => 'member',
  4 => 'count1',
) ]
[ sql ] [ DB ] CONNECT:[ UseTime:0.010465s ] mysql:host=127.0.0.1;dbname=thinkphpcms.com;charset=utf8
[ sql ] [ SQL ] SHOW COLUMNS FROM `lizhili_comment` [ RunTime:0.000726s ]
[ sql ] [ SQL ] SELECT COUNT(*) AS tp_count FROM `lizhili_comment` WHERE  `isopen` = -1 [ RunTime:0.000342s ]
[ sql ] [ DB ] CONNECT:[ UseTime:0.001470s ] mysql:host=127.0.0.1;dbname=thinkphpcms.com;charset=utf8
[ sql ] [ SQL ] SHOW COLUMNS FROM `lizhili_message` [ RunTime:0.001018s ]
[ sql ] [ SQL ] SELECT COUNT(*) AS tp_count FROM `lizhili_message` WHERE  `isopen` = 0 [ RunTime:0.000281s ]
[ sql ] [ SQL ] SHOW COLUMNS FROM `lizhili_member` [ RunTime:0.001006s ]
[ sql ] [ SQL ] SELECT COUNT(*) AS tp_count FROM `lizhili_member` WHERE (  `username` LIKE '%%' OR `phone` LIKE '%%' ) AND `lizhili_member`.`delete_time` IS NULL [ RunTime:0.000338s ]
[ sql ] [ SQL ] SELECT * FROM `lizhili_member` WHERE (  `username` LIKE '%%' OR `phone` LIKE '%%' ) AND `lizhili_member`.`delete_time` IS NULL ORDER BY `id` DESC LIMIT 0,10 [ RunTime:0.000724s ]
[ sql ] [ DB ] CONNECT:[ UseTime:0.001373s ] mysql:host=127.0.0.1;dbname=thinkphpcms.com;charset=utf8
[ sql ] [ SQL ] SELECT COUNT(*) AS tp_count FROM `lizhili_member` [ RunTime:0.000639s ]
---------------------------------------------------------------

[2020-05-08T17:10:51+08:00] 127.0.0.1 GET thinkphpcms.com/manage.php/member/shan.html
[运行时间：0.084682s] [吞吐率：11.81req/s] [内存消耗：4,096.52kb] [文件加载：92]
[ info ] [ LANG ] D:\phpstudy_pro\WWW\thinkphpcms\thinkphp\lang\zh-cn.php
[ info ] [ BIND ] 'manage'
[ info ] [ ROUTE ] array (
)
[ info ] [ HEADER ] array (
  'cookie' => '__guid=51701228.1641357141932602600.1588816275384.601; PHPSESSID=f2r0eirfehs3ld3jbkc98t7sk2; monitor_count=4',
  'accept-language' => 'zh-CN,zh;q=0.9',
  'accept-encoding' => 'gzip, deflate',
  'referer' => 'http://thinkphpcms.com/manage.php/index/index.html',
  'accept' => 'text/html,application/xhtml+xml,application/xml;q=0.9,image/webp,image/apng,*/*;q=0.8,application/signed-exchange;v=b3',
  'user-agent' => 'Mozilla/5.0 (Windows NT 10.0; WOW64) AppleWebKit/537.36 (KHTML, like Gecko) Chrome/78.0.3904.108 Safari/537.36',
  'upgrade-insecure-requests' => '1',
  'connection' => 'close',
  'host' => 'thinkphpcms.com',
)
[ info ] [ PARAM ] array (
)
[ info ] [ DB ] INIT mysql
[ info ] [ DB ] INIT mysql
[ info ] [ DB ] INIT mysql
[ info ] [ VIEW ] D:\phpstudy_pro\WWW\thinkphpcms\application\manage\view\member\shan.html [ array (
  0 => 'comment',
  1 => 'message',
  2 => 'key',
  3 => 'member',
  4 => 'count1',
) ]
[ sql ] [ DB ] CONNECT:[ UseTime:0.010339s ] mysql:host=127.0.0.1;dbname=thinkphpcms.com;charset=utf8
[ sql ] [ SQL ] SHOW COLUMNS FROM `lizhili_comment` [ RunTime:0.000648s ]
[ sql ] [ SQL ] SELECT COUNT(*) AS tp_count FROM `lizhili_comment` WHERE  `isopen` = -1 [ RunTime:0.000301s ]
[ sql ] [ DB ] CONNECT:[ UseTime:0.009833s ] mysql:host=127.0.0.1;dbname=thinkphpcms.com;charset=utf8
[ sql ] [ SQL ] SHOW COLUMNS FROM `lizhili_message` [ RunTime:0.000572s ]
[ sql ] [ SQL ] SELECT COUNT(*) AS tp_count FROM `lizhili_message` WHERE  `isopen` = 0 [ RunTime:0.000264s ]
[ sql ] [ SQL ] SHOW COLUMNS FROM `lizhili_member` [ RunTime:0.001083s ]
[ sql ] [ SQL ] SELECT COUNT(*) AS tp_count FROM `lizhili_member` WHERE (  `username` LIKE '%%' OR `phone` LIKE '%%' ) AND `lizhili_member`.`delete_time` IS NOT NULL [ RunTime:0.000305s ]
[ sql ] [ SQL ] SELECT * FROM `lizhili_member` WHERE (  `username` LIKE '%%' OR `phone` LIKE '%%' ) AND `lizhili_member`.`delete_time` IS NOT NULL ORDER BY `id` ASC LIMIT 0,10 [ RunTime:0.000299s ]
[ sql ] [ DB ] CONNECT:[ UseTime:0.009649s ] mysql:host=127.0.0.1;dbname=thinkphpcms.com;charset=utf8
[ sql ] [ SQL ] SELECT COUNT(*) AS tp_count FROM `lizhili_member` WHERE  `delete_time` <> null [ RunTime:0.000776s ]
---------------------------------------------------------------

[2020-05-08T17:10:52+08:00] 127.0.0.1 GET thinkphpcms.com/manage.php/auth_rule/index.html
[运行时间：0.091920s] [吞吐率：10.88req/s] [内存消耗：3,871.04kb] [文件加载：89]
[ info ] [ LANG ] D:\phpstudy_pro\WWW\thinkphpcms\thinkphp\lang\zh-cn.php
[ info ] [ BIND ] 'manage'
[ info ] [ ROUTE ] array (
)
[ info ] [ HEADER ] array (
  'cookie' => '__guid=51701228.1641357141932602600.1588816275384.601; PHPSESSID=f2r0eirfehs3ld3jbkc98t7sk2; monitor_count=4',
  'accept-language' => 'zh-CN,zh;q=0.9',
  'accept-encoding' => 'gzip, deflate',
  'referer' => 'http://thinkphpcms.com/manage.php/index/index.html',
  'accept' => 'text/html,application/xhtml+xml,application/xml;q=0.9,image/webp,image/apng,*/*;q=0.8,application/signed-exchange;v=b3',
  'user-agent' => 'Mozilla/5.0 (Windows NT 10.0; WOW64) AppleWebKit/537.36 (KHTML, like Gecko) Chrome/78.0.3904.108 Safari/537.36',
  'upgrade-insecure-requests' => '1',
  'connection' => 'close',
  'host' => 'thinkphpcms.com',
)
[ info ] [ PARAM ] array (
)
[ info ] [ DB ] INIT mysql
[ info ] [ DB ] INIT mysql
[ info ] [ DB ] INIT mysql
[ info ] [ VIEW ] D:\phpstudy_pro\WWW\thinkphpcms\application\manage\view\auth_rule\admin_permission.html [ array (
  0 => 'comment',
  1 => 'message',
  2 => 'datasort',
  3 => 'show',
  4 => 'count1',
) ]
[ sql ] [ DB ] CONNECT:[ UseTime:0.011093s ] mysql:host=127.0.0.1;dbname=thinkphpcms.com;charset=utf8
[ sql ] [ SQL ] SHOW COLUMNS FROM `lizhili_comment` [ RunTime:0.001092s ]
[ sql ] [ SQL ] SELECT COUNT(*) AS tp_count FROM `lizhili_comment` WHERE  `isopen` = -1 [ RunTime:0.000289s ]
[ sql ] [ DB ] CONNECT:[ UseTime:0.010425s ] mysql:host=127.0.0.1;dbname=thinkphpcms.com;charset=utf8
[ sql ] [ SQL ] SHOW COLUMNS FROM `lizhili_message` [ RunTime:0.000948s ]
[ sql ] [ SQL ] SELECT COUNT(*) AS tp_count FROM `lizhili_message` WHERE  `isopen` = 0 [ RunTime:0.000284s ]
[ sql ] [ SQL ] SHOW COLUMNS FROM `lizhili_auth_rule` [ RunTime:0.004629s ]
[ sql ] [ SQL ] SELECT * FROM `lizhili_auth_rule` ORDER BY `sort` ASC [ RunTime:0.000328s ]
[ sql ] [ DB ] CONNECT:[ UseTime:0.009935s ] mysql:host=127.0.0.1;dbname=thinkphpcms.com;charset=utf8
[ sql ] [ SQL ] SELECT COUNT(*) AS tp_count FROM `lizhili_auth_rule` [ RunTime:0.002873s ]
---------------------------------------------------------------

[2020-05-08T17:10:53+08:00] 127.0.0.1 GET thinkphpcms.com/manage.php/auth_group/index.html
[运行时间：0.080968s] [吞吐率：12.35req/s] [内存消耗：3,544.95kb] [文件加载：80]
[ info ] [ LANG ] D:\phpstudy_pro\WWW\thinkphpcms\thinkphp\lang\zh-cn.php
[ info ] [ BIND ] 'manage'
[ info ] [ ROUTE ] array (
)
[ info ] [ HEADER ] array (
  'cookie' => '__guid=51701228.1641357141932602600.1588816275384.601; PHPSESSID=f2r0eirfehs3ld3jbkc98t7sk2; monitor_count=4',
  'accept-language' => 'zh-CN,zh;q=0.9',
  'accept-encoding' => 'gzip, deflate',
  'referer' => 'http://thinkphpcms.com/manage.php/index/index.html',
  'accept' => 'text/html,application/xhtml+xml,application/xml;q=0.9,image/webp,image/apng,*/*;q=0.8,application/signed-exchange;v=b3',
  'user-agent' => 'Mozilla/5.0 (Windows NT 10.0; WOW64) AppleWebKit/537.36 (KHTML, like Gecko) Chrome/78.0.3904.108 Safari/537.36',
  'upgrade-insecure-requests' => '1',
  'connection' => 'close',
  'host' => 'thinkphpcms.com',
)
[ info ] [ PARAM ] array (
)
[ info ] [ DB ] INIT mysql
[ info ] [ DB ] INIT mysql
[ info ] [ DB ] INIT mysql
[ info ] [ DB ] INIT mysql
[ info ] [ VIEW ] D:\phpstudy_pro\WWW\thinkphpcms\application\manage\view\auth_group\admin_role.html [ array (
  0 => 'comment',
  1 => 'message',
  2 => 'data',
  3 => 'count1',
) ]
[ sql ] [ DB ] CONNECT:[ UseTime:0.001555s ] mysql:host=127.0.0.1;dbname=thinkphpcms.com;charset=utf8
[ sql ] [ SQL ] SHOW COLUMNS FROM `lizhili_comment` [ RunTime:0.000643s ]
[ sql ] [ SQL ] SELECT COUNT(*) AS tp_count FROM `lizhili_comment` WHERE  `isopen` = -1 [ RunTime:0.000285s ]
[ sql ] [ DB ] CONNECT:[ UseTime:0.010303s ] mysql:host=127.0.0.1;dbname=thinkphpcms.com;charset=utf8
[ sql ] [ SQL ] SHOW COLUMNS FROM `lizhili_message` [ RunTime:0.000729s ]
[ sql ] [ SQL ] SELECT COUNT(*) AS tp_count FROM `lizhili_message` WHERE  `isopen` = 0 [ RunTime:0.000289s ]
[ sql ] [ DB ] CONNECT:[ UseTime:0.009724s ] mysql:host=127.0.0.1;dbname=thinkphpcms.com;charset=utf8
[ sql ] [ SQL ] SHOW COLUMNS FROM `lizhili_auth_group` [ RunTime:0.002639s ]
[ sql ] [ SQL ] SELECT * FROM `lizhili_auth_group` ORDER BY `sort` ASC [ RunTime:0.000408s ]
[ sql ] [ DB ] CONNECT:[ UseTime:0.009802s ] mysql:host=127.0.0.1;dbname=thinkphpcms.com;charset=utf8
[ sql ] [ SQL ] SELECT COUNT(*) AS tp_count FROM `lizhili_auth_group` [ RunTime:0.000672s ]
---------------------------------------------------------------

[2020-05-08T17:10:53+08:00] 127.0.0.1 GET thinkphpcms.com/manage.php/auth_rule/index.html
[运行时间：0.085877s] [吞吐率：11.64req/s] [内存消耗：3,720.55kb] [文件加载：87]
[ info ] [ LANG ] D:\phpstudy_pro\WWW\thinkphpcms\thinkphp\lang\zh-cn.php
[ info ] [ BIND ] 'manage'
[ info ] [ ROUTE ] array (
)
[ info ] [ HEADER ] array (
  'cookie' => '__guid=51701228.1641357141932602600.1588816275384.601; PHPSESSID=f2r0eirfehs3ld3jbkc98t7sk2; monitor_count=4',
  'accept-language' => 'zh-CN,zh;q=0.9',
  'accept-encoding' => 'gzip, deflate',
  'referer' => 'http://thinkphpcms.com/manage.php/index/index.html',
  'accept' => 'text/html,application/xhtml+xml,application/xml;q=0.9,image/webp,image/apng,*/*;q=0.8,application/signed-exchange;v=b3',
  'user-agent' => 'Mozilla/5.0 (Windows NT 10.0; WOW64) AppleWebKit/537.36 (KHTML, like Gecko) Chrome/78.0.3904.108 Safari/537.36',
  'upgrade-insecure-requests' => '1',
  'connection' => 'close',
  'host' => 'thinkphpcms.com',
)
[ info ] [ PARAM ] array (
)
[ info ] [ DB ] INIT mysql
[ info ] [ DB ] INIT mysql
[ info ] [ DB ] INIT mysql
[ info ] [ VIEW ] D:\phpstudy_pro\WWW\thinkphpcms\application\manage\view\auth_rule\admin_permission.html [ array (
  0 => 'comment',
  1 => 'message',
  2 => 'datasort',
  3 => 'show',
  4 => 'count1',
) ]
[ sql ] [ DB ] CONNECT:[ UseTime:0.010206s ] mysql:host=127.0.0.1;dbname=thinkphpcms.com;charset=utf8
[ sql ] [ SQL ] SHOW COLUMNS FROM `lizhili_comment` [ RunTime:0.000678s ]
[ sql ] [ SQL ] SELECT COUNT(*) AS tp_count FROM `lizhili_comment` WHERE  `isopen` = -1 [ RunTime:0.000290s ]
[ sql ] [ DB ] CONNECT:[ UseTime:0.010823s ] mysql:host=127.0.0.1;dbname=thinkphpcms.com;charset=utf8
[ sql ] [ SQL ] SHOW COLUMNS FROM `lizhili_message` [ RunTime:0.000604s ]
[ sql ] [ SQL ] SELECT COUNT(*) AS tp_count FROM `lizhili_message` WHERE  `isopen` = 0 [ RunTime:0.000297s ]
[ sql ] [ SQL ] SHOW COLUMNS FROM `lizhili_auth_rule` [ RunTime:0.003097s ]
[ sql ] [ SQL ] SELECT * FROM `lizhili_auth_rule` ORDER BY `sort` ASC [ RunTime:0.000353s ]
[ sql ] [ DB ] CONNECT:[ UseTime:0.009744s ] mysql:host=127.0.0.1;dbname=thinkphpcms.com;charset=utf8
[ sql ] [ SQL ] SELECT COUNT(*) AS tp_count FROM `lizhili_auth_rule` [ RunTime:0.002758s ]
---------------------------------------------------------------

[2020-05-08T17:10:54+08:00] 127.0.0.1 GET thinkphpcms.com/manage.php/admin/index.html
[运行时间：0.071850s] [吞吐率：13.92req/s] [内存消耗：3,561.53kb] [文件加载：83]
[ info ] [ LANG ] D:\phpstudy_pro\WWW\thinkphpcms\thinkphp\lang\zh-cn.php
[ info ] [ BIND ] 'manage'
[ info ] [ ROUTE ] array (
)
[ info ] [ HEADER ] array (
  'cookie' => '__guid=51701228.1641357141932602600.1588816275384.601; PHPSESSID=f2r0eirfehs3ld3jbkc98t7sk2; monitor_count=4',
  'accept-language' => 'zh-CN,zh;q=0.9',
  'accept-encoding' => 'gzip, deflate',
  'referer' => 'http://thinkphpcms.com/manage.php/index/index.html',
  'accept' => 'text/html,application/xhtml+xml,application/xml;q=0.9,image/webp,image/apng,*/*;q=0.8,application/signed-exchange;v=b3',
  'user-agent' => 'Mozilla/5.0 (Windows NT 10.0; WOW64) AppleWebKit/537.36 (KHTML, like Gecko) Chrome/78.0.3904.108 Safari/537.36',
  'upgrade-insecure-requests' => '1',
  'connection' => 'close',
  'host' => 'thinkphpcms.com',
)
[ info ] [ PARAM ] array (
)
[ info ] [ DB ] INIT mysql
[ info ] [ DB ] INIT mysql
[ info ] [ DB ] INIT mysql
[ info ] [ VIEW ] D:\phpstudy_pro\WWW\thinkphpcms\application\manage\view\admin\index.html [ array (
  0 => 'comment',
  1 => 'message',
  2 => 'key',
  3 => 'data',
  4 => 'count1',
) ]
[ sql ] [ DB ] CONNECT:[ UseTime:0.001627s ] mysql:host=127.0.0.1;dbname=thinkphpcms.com;charset=utf8
[ sql ] [ SQL ] SHOW COLUMNS FROM `lizhili_comment` [ RunTime:0.000654s ]
[ sql ] [ SQL ] SELECT COUNT(*) AS tp_count FROM `lizhili_comment` WHERE  `isopen` = -1 [ RunTime:0.000282s ]
[ sql ] [ DB ] CONNECT:[ UseTime:0.010424s ] mysql:host=127.0.0.1;dbname=thinkphpcms.com;charset=utf8
[ sql ] [ SQL ] SHOW COLUMNS FROM `lizhili_message` [ RunTime:0.000553s ]
[ sql ] [ SQL ] SELECT COUNT(*) AS tp_count FROM `lizhili_message` WHERE  `isopen` = 0 [ RunTime:0.000268s ]
[ sql ] [ SQL ] SHOW COLUMNS FROM `lizhili_admin` [ RunTime:0.000970s ]
[ sql ] [ SQL ] SELECT COUNT(*) AS tp_count FROM `lizhili_admin` `a` LEFT JOIN `lizhili_auth_group` `w` ON `a`.`role`=`w`.`id` WHERE  `username` LIKE '%%' [ RunTime:0.000685s ]
[ sql ] [ SQL ] SELECT `a`.`id`,`username`,`w`.`title`,`create_time`,`update_time`,`mark`,`isopen` FROM `lizhili_admin` `a` LEFT JOIN `lizhili_auth_group` `w` ON `a`.`role`=`w`.`id` WHERE  `username` LIKE '%%' ORDER BY `a`.`id` ASC LIMIT 0,10 [ RunTime:0.000352s ]
[ sql ] [ DB ] CONNECT:[ UseTime:0.009999s ] mysql:host=127.0.0.1;dbname=thinkphpcms.com;charset=utf8
[ sql ] [ SQL ] SELECT COUNT(*) AS tp_count FROM `lizhili_admin` [ RunTime:0.000636s ]
---------------------------------------------------------------

[2020-05-08T17:10:56+08:00] 127.0.0.1 GET thinkphpcms.com/manage.php/article/index.html
[运行时间：0.066614s] [吞吐率：15.01req/s] [内存消耗：4,014.04kb] [文件加载：91]
[ info ] [ LANG ] D:\phpstudy_pro\WWW\thinkphpcms\thinkphp\lang\zh-cn.php
[ info ] [ BIND ] 'manage'
[ info ] [ ROUTE ] array (
)
[ info ] [ HEADER ] array (
  'cookie' => '__guid=51701228.1641357141932602600.1588816275384.601; PHPSESSID=f2r0eirfehs3ld3jbkc98t7sk2; monitor_count=4',
  'accept-language' => 'zh-CN,zh;q=0.9',
  'accept-encoding' => 'gzip, deflate',
  'referer' => 'http://thinkphpcms.com/manage.php/index/index.html',
  'accept' => 'text/html,application/xhtml+xml,application/xml;q=0.9,image/webp,image/apng,*/*;q=0.8,application/signed-exchange;v=b3',
  'user-agent' => 'Mozilla/5.0 (Windows NT 10.0; WOW64) AppleWebKit/537.36 (KHTML, like Gecko) Chrome/78.0.3904.108 Safari/537.36',
  'upgrade-insecure-requests' => '1',
  'connection' => 'close',
  'host' => 'thinkphpcms.com',
)
[ info ] [ PARAM ] array (
)
[ info ] [ DB ] INIT mysql
[ info ] [ DB ] INIT mysql
[ info ] [ VIEW ] D:\phpstudy_pro\WWW\thinkphpcms\application\manage\view\article\index.html [ array (
  0 => 'comment',
  1 => 'message',
  2 => 'data',
  3 => 'info',
  4 => 'count1',
  5 => 'datasort',
) ]
[ sql ] [ DB ] CONNECT:[ UseTime:0.009632s ] mysql:host=127.0.0.1;dbname=thinkphpcms.com;charset=utf8
[ sql ] [ SQL ] SHOW COLUMNS FROM `lizhili_comment` [ RunTime:0.000670s ]
[ sql ] [ SQL ] SELECT COUNT(*) AS tp_count FROM `lizhili_comment` WHERE  `isopen` = -1 [ RunTime:0.000295s ]
[ sql ] [ DB ] CONNECT:[ UseTime:0.001302s ] mysql:host=127.0.0.1;dbname=thinkphpcms.com;charset=utf8
[ sql ] [ SQL ] SHOW COLUMNS FROM `lizhili_message` [ RunTime:0.000584s ]
[ sql ] [ SQL ] SELECT COUNT(*) AS tp_count FROM `lizhili_message` WHERE  `isopen` = 0 [ RunTime:0.000289s ]
[ sql ] [ SQL ] SHOW COLUMNS FROM `lizhili_article` [ RunTime:0.001043s ]
[ sql ] [ SQL ] SELECT COUNT(*) AS tp_count FROM `lizhili_article` `a` LEFT JOIN `lizhili_cate` `c` ON `a`.`cateid`=`c`.`id` WHERE  `a`.`title` LIKE '%%' [ RunTime:0.000629s ]
[ sql ] [ SQL ] SELECT `a`.`id`,`a`.`title`,`a`.`author`,`a`.`desc`,`a`.`pic`,`a`.`click`,`a`.`state`,`a`.`time`,`c`.`catename`,`a`.`cateid` FROM `lizhili_article` `a` LEFT JOIN `lizhili_cate` `c` ON `a`.`cateid`=`c`.`id` WHERE  `a`.`title` LIKE '%%' ORDER BY `a`.`id` DESC LIMIT 0,10 [ RunTime:0.000293s ]
[ sql ] [ SQL ] SELECT COUNT(*) AS tp_count FROM `lizhili_article` [ RunTime:0.000270s ]
[ sql ] [ SQL ] SHOW COLUMNS FROM `lizhili_cate` [ RunTime:0.000630s ]
[ sql ] [ SQL ] SELECT * FROM `lizhili_cate` ORDER BY `sort` ASC [ RunTime:0.000289s ]
---------------------------------------------------------------

[2020-05-08T17:10:57+08:00] 127.0.0.1 GET thinkphpcms.com/manage.php/link/index.html
[运行时间：0.076568s] [吞吐率：13.06req/s] [内存消耗：4,045.85kb] [文件加载：91]
[ info ] [ LANG ] D:\phpstudy_pro\WWW\thinkphpcms\thinkphp\lang\zh-cn.php
[ info ] [ BIND ] 'manage'
[ info ] [ ROUTE ] array (
)
[ info ] [ HEADER ] array (
  'cookie' => '__guid=51701228.1641357141932602600.1588816275384.601; PHPSESSID=f2r0eirfehs3ld3jbkc98t7sk2; monitor_count=4',
  'accept-language' => 'zh-CN,zh;q=0.9',
  'accept-encoding' => 'gzip, deflate',
  'referer' => 'http://thinkphpcms.com/manage.php/index/index.html',
  'accept' => 'text/html,application/xhtml+xml,application/xml;q=0.9,image/webp,image/apng,*/*;q=0.8,application/signed-exchange;v=b3',
  'user-agent' => 'Mozilla/5.0 (Windows NT 10.0; WOW64) AppleWebKit/537.36 (KHTML, like Gecko) Chrome/78.0.3904.108 Safari/537.36',
  'upgrade-insecure-requests' => '1',
  'connection' => 'close',
  'host' => 'thinkphpcms.com',
)
[ info ] [ PARAM ] array (
)
[ info ] [ DB ] INIT mysql
[ info ] [ DB ] INIT mysql
[ info ] [ DB ] INIT mysql
[ info ] [ VIEW ] D:\phpstudy_pro\WWW\thinkphpcms\application\manage\view\link\index.html [ array (
  0 => 'comment',
  1 => 'message',
  2 => 'key',
  3 => 'link',
  4 => 'count1',
) ]
[ sql ] [ DB ] CONNECT:[ UseTime:0.010753s ] mysql:host=127.0.0.1;dbname=thinkphpcms.com;charset=utf8
[ sql ] [ SQL ] SHOW COLUMNS FROM `lizhili_comment` [ RunTime:0.000703s ]
[ sql ] [ SQL ] SELECT COUNT(*) AS tp_count FROM `lizhili_comment` WHERE  `isopen` = -1 [ RunTime:0.000311s ]
[ sql ] [ DB ] CONNECT:[ UseTime:0.001398s ] mysql:host=127.0.0.1;dbname=thinkphpcms.com;charset=utf8
[ sql ] [ SQL ] SHOW COLUMNS FROM `lizhili_message` [ RunTime:0.000537s ]
[ sql ] [ SQL ] SELECT COUNT(*) AS tp_count FROM `lizhili_message` WHERE  `isopen` = 0 [ RunTime:0.000256s ]
[ sql ] [ SQL ] SHOW COLUMNS FROM `lizhili_link` [ RunTime:0.002061s ]
[ sql ] [ SQL ] SELECT COUNT(*) AS tp_count FROM `lizhili_link` WHERE  `title` LIKE '%%' [ RunTime:0.000267s ]
[ sql ] [ SQL ] SELECT * FROM `lizhili_link` WHERE  `title` LIKE '%%' ORDER BY `sort` ASC LIMIT 0,4 [ RunTime:0.000271s ]
[ sql ] [ DB ] CONNECT:[ UseTime:0.009752s ] mysql:host=127.0.0.1;dbname=thinkphpcms.com;charset=utf8
[ sql ] [ SQL ] SELECT COUNT(*) AS tp_count FROM `lizhili_link` [ RunTime:0.000738s ]
---------------------------------------------------------------

[2020-05-08T17:10:58+08:00] 127.0.0.1 GET thinkphpcms.com/manage.php/slide/index.html
[运行时间：0.077988s] [吞吐率：12.82req/s] [内存消耗：4,056.48kb] [文件加载：91]
[ info ] [ LANG ] D:\phpstudy_pro\WWW\thinkphpcms\thinkphp\lang\zh-cn.php
[ info ] [ BIND ] 'manage'
[ info ] [ ROUTE ] array (
)
[ info ] [ HEADER ] array (
  'cookie' => '__guid=51701228.1641357141932602600.1588816275384.601; PHPSESSID=f2r0eirfehs3ld3jbkc98t7sk2; monitor_count=4',
  'accept-language' => 'zh-CN,zh;q=0.9',
  'accept-encoding' => 'gzip, deflate',
  'referer' => 'http://thinkphpcms.com/manage.php/index/index.html',
  'accept' => 'text/html,application/xhtml+xml,application/xml;q=0.9,image/webp,image/apng,*/*;q=0.8,application/signed-exchange;v=b3',
  'user-agent' => 'Mozilla/5.0 (Windows NT 10.0; WOW64) AppleWebKit/537.36 (KHTML, like Gecko) Chrome/78.0.3904.108 Safari/537.36',
  'upgrade-insecure-requests' => '1',
  'connection' => 'close',
  'host' => 'thinkphpcms.com',
)
[ info ] [ PARAM ] array (
)
[ info ] [ DB ] INIT mysql
[ info ] [ DB ] INIT mysql
[ info ] [ DB ] INIT mysql
[ info ] [ VIEW ] D:\phpstudy_pro\WWW\thinkphpcms\application\manage\view\slide\index.html [ array (
  0 => 'comment',
  1 => 'message',
  2 => 'key',
  3 => 'slide',
  4 => 'count1',
) ]
[ sql ] [ DB ] CONNECT:[ UseTime:0.010536s ] mysql:host=127.0.0.1;dbname=thinkphpcms.com;charset=utf8
[ sql ] [ SQL ] SHOW COLUMNS FROM `lizhili_comment` [ RunTime:0.001114s ]
[ sql ] [ SQL ] SELECT COUNT(*) AS tp_count FROM `lizhili_comment` WHERE  `isopen` = -1 [ RunTime:0.000294s ]
[ sql ] [ DB ] CONNECT:[ UseTime:0.001321s ] mysql:host=127.0.0.1;dbname=thinkphpcms.com;charset=utf8
[ sql ] [ SQL ] SHOW COLUMNS FROM `lizhili_message` [ RunTime:0.000899s ]
[ sql ] [ SQL ] SELECT COUNT(*) AS tp_count FROM `lizhili_message` WHERE  `isopen` = 0 [ RunTime:0.000260s ]
[ sql ] [ SQL ] SHOW COLUMNS FROM `lizhili_slide` [ RunTime:0.002287s ]
[ sql ] [ SQL ] SELECT COUNT(*) AS tp_count FROM `lizhili_slide` WHERE  `title` LIKE '%%' [ RunTime:0.000295s ]
[ sql ] [ SQL ] SELECT * FROM `lizhili_slide` WHERE  `title` LIKE '%%' ORDER BY `sort` ASC,`id` DESC LIMIT 0,4 [ RunTime:0.000273s ]
[ sql ] [ DB ] CONNECT:[ UseTime:0.010358s ] mysql:host=127.0.0.1;dbname=thinkphpcms.com;charset=utf8
[ sql ] [ SQL ] SELECT COUNT(*) AS tp_count FROM `lizhili_slide` [ RunTime:0.000648s ]
---------------------------------------------------------------

[2020-05-08T17:10:59+08:00] 127.0.0.1 GET thinkphpcms.com/manage.php/advertisement/index.html
[运行时间：0.083401s] [吞吐率：11.99req/s] [内存消耗：4,051.13kb] [文件加载：91]
[ info ] [ LANG ] D:\phpstudy_pro\WWW\thinkphpcms\thinkphp\lang\zh-cn.php
[ info ] [ BIND ] 'manage'
[ info ] [ ROUTE ] array (
)
[ info ] [ HEADER ] array (
  'cookie' => '__guid=51701228.1641357141932602600.1588816275384.601; PHPSESSID=f2r0eirfehs3ld3jbkc98t7sk2; monitor_count=4',
  'accept-language' => 'zh-CN,zh;q=0.9',
  'accept-encoding' => 'gzip, deflate',
  'referer' => 'http://thinkphpcms.com/manage.php/index/index.html',
  'accept' => 'text/html,application/xhtml+xml,application/xml;q=0.9,image/webp,image/apng,*/*;q=0.8,application/signed-exchange;v=b3',
  'user-agent' => 'Mozilla/5.0 (Windows NT 10.0; WOW64) AppleWebKit/537.36 (KHTML, like Gecko) Chrome/78.0.3904.108 Safari/537.36',
  'upgrade-insecure-requests' => '1',
  'connection' => 'close',
  'host' => 'thinkphpcms.com',
)
[ info ] [ PARAM ] array (
)
[ info ] [ DB ] INIT mysql
[ info ] [ DB ] INIT mysql
[ info ] [ DB ] INIT mysql
[ info ] [ VIEW ] D:\phpstudy_pro\WWW\thinkphpcms\application\manage\view\advertisement\index.html [ array (
  0 => 'comment',
  1 => 'message',
  2 => 'key',
  3 => 'advertisement',
  4 => 'count1',
) ]
[ sql ] [ DB ] CONNECT:[ UseTime:0.009918s ] mysql:host=127.0.0.1;dbname=thinkphpcms.com;charset=utf8
[ sql ] [ SQL ] SHOW COLUMNS FROM `lizhili_comment` [ RunTime:0.001110s ]
[ sql ] [ SQL ] SELECT COUNT(*) AS tp_count FROM `lizhili_comment` WHERE  `isopen` = -1 [ RunTime:0.000281s ]
[ sql ] [ DB ] CONNECT:[ UseTime:0.009450s ] mysql:host=127.0.0.1;dbname=thinkphpcms.com;charset=utf8
[ sql ] [ SQL ] SHOW COLUMNS FROM `lizhili_message` [ RunTime:0.000980s ]
[ sql ] [ SQL ] SELECT COUNT(*) AS tp_count FROM `lizhili_message` WHERE  `isopen` = 0 [ RunTime:0.000273s ]
[ sql ] [ SQL ] SHOW COLUMNS FROM `lizhili_advertisement` [ RunTime:0.000982s ]
[ sql ] [ SQL ] SELECT COUNT(*) AS tp_count FROM `lizhili_advertisement` WHERE  (  `title` LIKE '%%'  OR `key` LIKE '%%' ) [ RunTime:0.000288s ]
[ sql ] [ SQL ] SELECT * FROM `lizhili_advertisement` WHERE  (  `title` LIKE '%%'  OR `key` LIKE '%%' ) ORDER BY `id` DESC LIMIT 0,8 [ RunTime:0.000279s ]
[ sql ] [ DB ] CONNECT:[ UseTime:0.009532s ] mysql:host=127.0.0.1;dbname=thinkphpcms.com;charset=utf8
[ sql ] [ SQL ] SELECT COUNT(*) AS tp_count FROM `lizhili_advertisement` [ RunTime:0.000589s ]
---------------------------------------------------------------

[2020-05-08T17:10:59+08:00] 127.0.0.1 GET thinkphpcms.com/manage.php/slide/index.html
[运行时间：0.073017s] [吞吐率：13.70req/s] [内存消耗：3,753.38kb] [文件加载：89]
[ info ] [ LANG ] D:\phpstudy_pro\WWW\thinkphpcms\thinkphp\lang\zh-cn.php
[ info ] [ BIND ] 'manage'
[ info ] [ ROUTE ] array (
)
[ info ] [ HEADER ] array (
  'cookie' => '__guid=51701228.1641357141932602600.1588816275384.601; PHPSESSID=f2r0eirfehs3ld3jbkc98t7sk2; monitor_count=4',
  'accept-language' => 'zh-CN,zh;q=0.9',
  'accept-encoding' => 'gzip, deflate',
  'referer' => 'http://thinkphpcms.com/manage.php/index/index.html',
  'accept' => 'text/html,application/xhtml+xml,application/xml;q=0.9,image/webp,image/apng,*/*;q=0.8,application/signed-exchange;v=b3',
  'user-agent' => 'Mozilla/5.0 (Windows NT 10.0; WOW64) AppleWebKit/537.36 (KHTML, like Gecko) Chrome/78.0.3904.108 Safari/537.36',
  'upgrade-insecure-requests' => '1',
  'connection' => 'close',
  'host' => 'thinkphpcms.com',
)
[ info ] [ PARAM ] array (
)
[ info ] [ DB ] INIT mysql
[ info ] [ DB ] INIT mysql
[ info ] [ DB ] INIT mysql
[ info ] [ VIEW ] D:\phpstudy_pro\WWW\thinkphpcms\application\manage\view\slide\index.html [ array (
  0 => 'comment',
  1 => 'message',
  2 => 'key',
  3 => 'slide',
  4 => 'count1',
) ]
[ sql ] [ DB ] CONNECT:[ UseTime:0.001589s ] mysql:host=127.0.0.1;dbname=thinkphpcms.com;charset=utf8
[ sql ] [ SQL ] SHOW COLUMNS FROM `lizhili_comment` [ RunTime:0.001055s ]
[ sql ] [ SQL ] SELECT COUNT(*) AS tp_count FROM `lizhili_comment` WHERE  `isopen` = -1 [ RunTime:0.000285s ]
[ sql ] [ DB ] CONNECT:[ UseTime:0.010232s ] mysql:host=127.0.0.1;dbname=thinkphpcms.com;charset=utf8
[ sql ] [ SQL ] SHOW COLUMNS FROM `lizhili_message` [ RunTime:0.000930s ]
[ sql ] [ SQL ] SELECT COUNT(*) AS tp_count FROM `lizhili_message` WHERE  `isopen` = 0 [ RunTime:0.000265s ]
[ sql ] [ SQL ] SHOW COLUMNS FROM `lizhili_slide` [ RunTime:0.000961s ]
[ sql ] [ SQL ] SELECT COUNT(*) AS tp_count FROM `lizhili_slide` WHERE  `title` LIKE '%%' [ RunTime:0.000263s ]
[ sql ] [ SQL ] SELECT * FROM `lizhili_slide` WHERE  `title` LIKE '%%' ORDER BY `sort` ASC,`id` DESC LIMIT 0,4 [ RunTime:0.000277s ]
[ sql ] [ DB ] CONNECT:[ UseTime:0.010087s ] mysql:host=127.0.0.1;dbname=thinkphpcms.com;charset=utf8
[ sql ] [ SQL ] SELECT COUNT(*) AS tp_count FROM `lizhili_slide` [ RunTime:0.000650s ]
---------------------------------------------------------------

[2020-05-08T17:11:00+08:00] 127.0.0.1 GET thinkphpcms.com/manage.php/advertisement/index.html
[运行时间：0.057506s] [吞吐率：17.39req/s] [内存消耗：3,751.98kb] [文件加载：89]
[ info ] [ LANG ] D:\phpstudy_pro\WWW\thinkphpcms\thinkphp\lang\zh-cn.php
[ info ] [ BIND ] 'manage'
[ info ] [ ROUTE ] array (
)
[ info ] [ HEADER ] array (
  'cookie' => '__guid=51701228.1641357141932602600.1588816275384.601; PHPSESSID=f2r0eirfehs3ld3jbkc98t7sk2; monitor_count=4',
  'accept-language' => 'zh-CN,zh;q=0.9',
  'accept-encoding' => 'gzip, deflate',
  'referer' => 'http://thinkphpcms.com/manage.php/index/index.html',
  'accept' => 'text/html,application/xhtml+xml,application/xml;q=0.9,image/webp,image/apng,*/*;q=0.8,application/signed-exchange;v=b3',
  'user-agent' => 'Mozilla/5.0 (Windows NT 10.0; WOW64) AppleWebKit/537.36 (KHTML, like Gecko) Chrome/78.0.3904.108 Safari/537.36',
  'upgrade-insecure-requests' => '1',
  'connection' => 'close',
  'host' => 'thinkphpcms.com',
)
[ info ] [ PARAM ] array (
)
[ info ] [ DB ] INIT mysql
[ info ] [ DB ] INIT mysql
[ info ] [ DB ] INIT mysql
[ info ] [ VIEW ] D:\phpstudy_pro\WWW\thinkphpcms\application\manage\view\advertisement\index.html [ array (
  0 => 'comment',
  1 => 'message',
  2 => 'key',
  3 => 'advertisement',
  4 => 'count1',
) ]
[ sql ] [ DB ] CONNECT:[ UseTime:0.001553s ] mysql:host=127.0.0.1;dbname=thinkphpcms.com;charset=utf8
[ sql ] [ SQL ] SHOW COLUMNS FROM `lizhili_comment` [ RunTime:0.001055s ]
[ sql ] [ SQL ] SELECT COUNT(*) AS tp_count FROM `lizhili_comment` WHERE  `isopen` = -1 [ RunTime:0.000294s ]
[ sql ] [ DB ] CONNECT:[ UseTime:0.001276s ] mysql:host=127.0.0.1;dbname=thinkphpcms.com;charset=utf8
[ sql ] [ SQL ] SHOW COLUMNS FROM `lizhili_message` [ RunTime:0.000904s ]
[ sql ] [ SQL ] SELECT COUNT(*) AS tp_count FROM `lizhili_message` WHERE  `isopen` = 0 [ RunTime:0.000264s ]
[ sql ] [ SQL ] SHOW COLUMNS FROM `lizhili_advertisement` [ RunTime:0.000996s ]
[ sql ] [ SQL ] SELECT COUNT(*) AS tp_count FROM `lizhili_advertisement` WHERE  (  `title` LIKE '%%'  OR `key` LIKE '%%' ) [ RunTime:0.000284s ]
[ sql ] [ SQL ] SELECT * FROM `lizhili_advertisement` WHERE  (  `title` LIKE '%%'  OR `key` LIKE '%%' ) ORDER BY `id` DESC LIMIT 0,8 [ RunTime:0.000282s ]
[ sql ] [ DB ] CONNECT:[ UseTime:0.001422s ] mysql:host=127.0.0.1;dbname=thinkphpcms.com;charset=utf8
[ sql ] [ SQL ] SELECT COUNT(*) AS tp_count FROM `lizhili_advertisement` [ RunTime:0.000641s ]
---------------------------------------------------------------

[2020-05-08T17:11:01+08:00] 127.0.0.1 GET thinkphpcms.com/manage.php/comment/index.html
[运行时间：0.083921s] [吞吐率：11.92req/s] [内存消耗：4,039.03kb] [文件加载：90]
[ info ] [ LANG ] D:\phpstudy_pro\WWW\thinkphpcms\thinkphp\lang\zh-cn.php
[ info ] [ BIND ] 'manage'
[ info ] [ ROUTE ] array (
)
[ info ] [ HEADER ] array (
  'cookie' => '__guid=51701228.1641357141932602600.1588816275384.601; PHPSESSID=f2r0eirfehs3ld3jbkc98t7sk2; monitor_count=4',
  'accept-language' => 'zh-CN,zh;q=0.9',
  'accept-encoding' => 'gzip, deflate',
  'referer' => 'http://thinkphpcms.com/manage.php/index/index.html',
  'accept' => 'text/html,application/xhtml+xml,application/xml;q=0.9,image/webp,image/apng,*/*;q=0.8,application/signed-exchange;v=b3',
  'user-agent' => 'Mozilla/5.0 (Windows NT 10.0; WOW64) AppleWebKit/537.36 (KHTML, like Gecko) Chrome/78.0.3904.108 Safari/537.36',
  'upgrade-insecure-requests' => '1',
  'connection' => 'close',
  'host' => 'thinkphpcms.com',
)
[ info ] [ PARAM ] array (
)
[ info ] [ DB ] INIT mysql
[ info ] [ DB ] INIT mysql
[ info ] [ DB ] INIT mysql
[ info ] [ VIEW ] D:\phpstudy_pro\WWW\thinkphpcms\application\manage\view\comment\index.html [ array (
  0 => 'comment',
  1 => 'message',
  2 => 'key',
  3 => 'count1',
) ]
[ sql ] [ DB ] CONNECT:[ UseTime:0.010164s ] mysql:host=127.0.0.1;dbname=thinkphpcms.com;charset=utf8
[ sql ] [ SQL ] SHOW COLUMNS FROM `lizhili_comment` [ RunTime:0.001104s ]
[ sql ] [ SQL ] SELECT COUNT(*) AS tp_count FROM `lizhili_comment` WHERE  `isopen` = -1 [ RunTime:0.000287s ]
[ sql ] [ DB ] CONNECT:[ UseTime:0.010307s ] mysql:host=127.0.0.1;dbname=thinkphpcms.com;charset=utf8
[ sql ] [ SQL ] SHOW COLUMNS FROM `lizhili_message` [ RunTime:0.000967s ]
[ sql ] [ SQL ] SELECT COUNT(*) AS tp_count FROM `lizhili_message` WHERE  `isopen` = 0 [ RunTime:0.000270s ]
[ sql ] [ SQL ] SELECT COUNT(*) AS tp_count FROM `lizhili_comment` `a` LEFT JOIN `lizhili_member` `m` ON `a`.`user_id`=`m`.`id` WHERE  `content` LIKE '%%' [ RunTime:0.000423s ]
[ sql ] [ SQL ] SELECT `a`.`id`,`content`,`wenzhang_id`,`a`.`create_time`,`a`.`update_time`,`m`.`username`,`a`.`isopen`,`score` FROM `lizhili_comment` `a` LEFT JOIN `lizhili_member` `m` ON `a`.`user_id`=`m`.`id` WHERE  `content` LIKE '%%' ORDER BY `a`.`id` ASC LIMIT 0,10 [ RunTime:0.000291s ]
[ sql ] [ DB ] CONNECT:[ UseTime:0.010031s ] mysql:host=127.0.0.1;dbname=thinkphpcms.com;charset=utf8
[ sql ] [ SQL ] SELECT COUNT(*) AS tp_count FROM `lizhili_comment` [ RunTime:0.000244s ]
---------------------------------------------------------------

[2020-05-08T17:11:02+08:00] 127.0.0.1 GET thinkphpcms.com/
[运行时间：0.052990s] [吞吐率：18.87req/s] [内存消耗：2,917.18kb] [文件加载：83]
[ info ] [ LANG ] D:\phpstudy_pro\WWW\thinkphpcms\thinkphp\lang\zh-cn.php
[ info ] [ BIND ] 'index'
[ info ] [ ROUTE ] array (
  'rule' => '',
  'route' => 'index',
  'option' => 
  array (
    'merge_rule_regex' => false,
    'complete_match' => true,
  ),
  'var' => 
  array (
  ),
)
[ info ] [ HEADER ] array (
  'cookie' => '__guid=51701228.1641357141932602600.1588816275384.601; PHPSESSID=f2r0eirfehs3ld3jbkc98t7sk2; monitor_count=4',
  'accept-language' => 'zh-CN,zh;q=0.9',
  'accept-encoding' => 'gzip, deflate',
  'referer' => 'http://thinkphpcms.com/manage.php/index/index.html',
  'accept' => 'text/html,application/xhtml+xml,application/xml;q=0.9,image/webp,image/apng,*/*;q=0.8,application/signed-exchange;v=b3',
  'user-agent' => 'Mozilla/5.0 (Windows NT 10.0; WOW64) AppleWebKit/537.36 (KHTML, like Gecko) Chrome/78.0.3904.108 Safari/537.36',
  'upgrade-insecure-requests' => '1',
  'connection' => 'close',
  'host' => 'thinkphpcms.com',
)
[ info ] [ PARAM ] array (
)
[ info ] [ DB ] INIT mysql
[ info ] [ VIEW ] D:\phpstudy_pro\WWW\thinkphpcms\application\index\view\index\index.html [ array (
  0 => 'system',
  1 => 'ad',
) ]
[ sql ] [ DB ] CONNECT:[ UseTime:0.010007s ] mysql:host=127.0.0.1;dbname=thinkphpcms.com;charset=utf8
[ sql ] [ SQL ] SHOW COLUMNS FROM `lizhili_system` [ RunTime:0.001080s ]
[ sql ] [ SQL ] SELECT `enname`,`value` FROM `lizhili_system` [ RunTime:0.000286s ]
[ sql ] [ SQL ] SELECT `enname`,`value` FROM `lizhili_system` [ RunTime:0.000316s ]
[ sql ] [ SQL ] SHOW COLUMNS FROM `lizhili_advertisement` [ RunTime:0.000996s ]
[ sql ] [ SQL ] SELECT * FROM `lizhili_advertisement` WHERE  `isopen` = 1 [ RunTime:0.000287s ]
---------------------------------------------------------------

[2020-05-08T17:15:23+08:00] 127.0.0.1 GET thinkphpcms.com/manage.php/article/index.html
[运行时间：0.074054s] [吞吐率：13.50req/s] [内存消耗：3,708.88kb] [文件加载：89]
[ info ] [ LANG ] D:\phpstudy_pro\WWW\thinkphpcms\thinkphp\lang\zh-cn.php
[ info ] [ BIND ] 'manage'
[ info ] [ ROUTE ] array (
)
[ info ] [ HEADER ] array (
  'cookie' => '__guid=51701228.1641357141932602600.1588816275384.601; PHPSESSID=f2r0eirfehs3ld3jbkc98t7sk2; monitor_count=5',
  'accept-language' => 'zh-CN,zh;q=0.9',
  'accept-encoding' => 'gzip, deflate',
  'referer' => 'http://thinkphpcms.com/manage.php/index/index.html',
  'accept' => 'text/html,application/xhtml+xml,application/xml;q=0.9,image/webp,image/apng,*/*;q=0.8,application/signed-exchange;v=b3',
  'user-agent' => 'Mozilla/5.0 (Windows NT 10.0; WOW64) AppleWebKit/537.36 (KHTML, like Gecko) Chrome/78.0.3904.108 Safari/537.36',
  'upgrade-insecure-requests' => '1',
  'connection' => 'close',
  'host' => 'thinkphpcms.com',
)
[ info ] [ PARAM ] array (
)
[ info ] [ DB ] INIT mysql
[ info ] [ DB ] INIT mysql
[ info ] [ VIEW ] D:\phpstudy_pro\WWW\thinkphpcms\application\manage\view\article\index.html [ array (
  0 => 'comment',
  1 => 'message',
  2 => 'data',
  3 => 'info',
  4 => 'count1',
  5 => 'datasort',
) ]
[ sql ] [ DB ] CONNECT:[ UseTime:0.001585s ] mysql:host=127.0.0.1;dbname=thinkphpcms.com;charset=utf8
[ sql ] [ SQL ] SHOW COLUMNS FROM `lizhili_comment` [ RunTime:0.000686s ]
[ sql ] [ SQL ] SELECT COUNT(*) AS tp_count FROM `lizhili_comment` WHERE  `isopen` = -1 [ RunTime:0.000293s ]
[ sql ] [ DB ] CONNECT:[ UseTime:0.010286s ] mysql:host=127.0.0.1;dbname=thinkphpcms.com;charset=utf8
[ sql ] [ SQL ] SHOW COLUMNS FROM `lizhili_message` [ RunTime:0.000531s ]
[ sql ] [ SQL ] SELECT COUNT(*) AS tp_count FROM `lizhili_message` WHERE  `isopen` = 0 [ RunTime:0.000263s ]
[ sql ] [ SQL ] SHOW COLUMNS FROM `lizhili_article` [ RunTime:0.001049s ]
[ sql ] [ SQL ] SELECT COUNT(*) AS tp_count FROM `lizhili_article` `a` LEFT JOIN `lizhili_cate` `c` ON `a`.`cateid`=`c`.`id` WHERE  `a`.`title` LIKE '%%' [ RunTime:0.000671s ]
[ sql ] [ SQL ] SELECT `a`.`id`,`a`.`title`,`a`.`author`,`a`.`desc`,`a`.`pic`,`a`.`click`,`a`.`state`,`a`.`time`,`c`.`catename`,`a`.`cateid` FROM `lizhili_article` `a` LEFT JOIN `lizhili_cate` `c` ON `a`.`cateid`=`c`.`id` WHERE  `a`.`title` LIKE '%%' ORDER BY `a`.`id` DESC LIMIT 0,10 [ RunTime:0.000297s ]
[ sql ] [ SQL ] SELECT COUNT(*) AS tp_count FROM `lizhili_article` [ RunTime:0.000279s ]
[ sql ] [ SQL ] SHOW COLUMNS FROM `lizhili_cate` [ RunTime:0.000638s ]
[ sql ] [ SQL ] SELECT * FROM `lizhili_cate` ORDER BY `sort` ASC [ RunTime:0.000294s ]
