---------------------------------------------------------------

[2019-12-19T14:29:14+08:00] 127.0.0.1 GET thinkphpcms.com/
[运行时间：0.107476s] [吞吐率：9.30req/s] [内存消耗：3,437.52kb] [文件加载：88]
[ info ] [ LANG ] D:\phpstudy_pro\WWW\thinkphpcms\thinkphp\lang\zh-cn.php
[ info ] [ BIND ] 'index'
[ info ] [ ROUTE ] array (
  'rule' => '',
  'route' => 'index',
  'option' => 
  array (
    'merge_rule_regex' => false,
    'complete_match' => true,
  ),
  'var' => 
  array (
  ),
)
[ info ] [ HEADER ] array (
  'accept-language' => 'zh-CN,zh;q=0.9',
  'accept-encoding' => 'gzip, deflate',
  'accept' => 'text/html,application/xhtml+xml,application/xml;q=0.9,image/webp,image/apng,*/*;q=0.8,application/signed-exchange;v=b3',
  'user-agent' => 'Mozilla/5.0 (Windows NT 10.0; WOW64) AppleWebKit/537.36 (KHTML, like Gecko) Chrome/78.0.3904.108 Safari/537.36',
  'upgrade-insecure-requests' => '1',
  'connection' => 'close',
  'host' => 'thinkphpcms.com',
)
[ info ] [ PARAM ] array (
)
[ info ] [ DB ] INIT mysql
[ sql ] [ DB ] CONNECT:[ UseTime:0.008019s ] mysql:host=127.0.0.1;dbname=thinkphpcms.com;charset=utf8
[ sql ] [ SQL ] SHOW COLUMNS FROM `lizhili_system` [ RunTime:0.013691s ]
[ sql ] [ SQL ] SELECT `enname`,`value` FROM `lizhili_system` [ RunTime:0.001543s ]
[ error ] [2]fopen(D:\phpstudy_pro\WWW\thinkphpcms\application\index\controller/111.jpg): failed to open stream: No such file or directory[D:\phpstudy_pro\WWW\thinkphpcms\vendor\qiniu\php-sdk\src\Qiniu\Storage\UploadManager.php:91]
