---------------------------------------------------------------

[2020-06-05T18:28:57+08:00] 127.0.0.1 GET thinkphpcms.com/
[运行时间：0.069517s] [吞吐率：14.38req/s] [内存消耗：3,371.10kb] [文件加载：85]
[ info ] [ LANG ] D:\phpstudy_pro\WWW\thinkphpcms\thinkphp\lang\zh-cn.php
[ info ] [ BIND ] 'index'
[ info ] [ ROUTE ] array (
  'rule' => '',
  'route' => 'index',
  'option' => 
  array (
    'merge_rule_regex' => false,
    'complete_match' => true,
  ),
  'var' => 
  array (
  ),
)
[ info ] [ HEADER ] array (
  'cookie' => '__guid=51701228.1641357141932602600.1588816275384.601; monitor_count=166',
  'accept-language' => 'zh-CN,zh;q=0.9',
  'accept-encoding' => 'gzip, deflate',
  'accept' => 'text/html,application/xhtml+xml,application/xml;q=0.9,image/webp,image/apng,*/*;q=0.8,application/signed-exchange;v=b3',
  'user-agent' => 'Mozilla/5.0 (Windows NT 10.0; WOW64) AppleWebKit/537.36 (KHTML, like Gecko) Chrome/78.0.3904.108 Safari/537.36',
  'upgrade-insecure-requests' => '1',
  'connection' => 'close',
  'host' => 'thinkphpcms.com',
)
[ info ] [ PARAM ] array (
)
[ info ] [ DB ] INIT mysql
[ info ] [ VIEW ] D:\phpstudy_pro\WWW\thinkphpcms\application\index\view\index\index.html [ array (
  0 => 'system',
  1 => 'ad',
) ]
[ sql ] [ DB ] CONNECT:[ UseTime:0.002112s ] mysql:host=127.0.0.1;dbname=thinkphpcms.com;charset=utf8
[ sql ] [ SQL ] SHOW COLUMNS FROM `lizhili_system` [ RunTime:0.000705s ]
[ sql ] [ SQL ] SELECT `enname`,`value` FROM `lizhili_system` [ RunTime:0.000300s ]
[ sql ] [ SQL ] SELECT `enname`,`value` FROM `lizhili_system` [ RunTime:0.000422s ]
[ sql ] [ SQL ] SHOW COLUMNS FROM `lizhili_advertisement` [ RunTime:0.001552s ]
[ sql ] [ SQL ] SELECT `key`,`id` FROM `lizhili_advertisement` WHERE  `isopen` = 1 [ RunTime:0.000287s ]
---------------------------------------------------------------

[2020-06-05T18:28:58+08:00] 127.0.0.1 GET thinkphpcms.com/manage
[运行时间：0.023113s] [吞吐率：43.27req/s] [内存消耗：1,386.65kb] [文件加载：52]
[ info ] [ LANG ] D:\phpstudy_pro\WWW\thinkphpcms\thinkphp\lang\zh-cn.php
[ info ] [ BIND ] 'index'
[ info ] [ ROUTE ] array (
  'rule' => 'manage',
  'route' => '/manage.php/login/index.html',
  'option' => 
  array (
    'merge_rule_regex' => false,
    'redirect' => true,
    'status' => 302,
  ),
  'var' => 
  array (
  ),
)
[ info ] [ HEADER ] array (
  'cookie' => '__guid=51701228.1641357141932602600.1588816275384.601; monitor_count=167',
  'accept-language' => 'zh-CN,zh;q=0.9',
  'accept-encoding' => 'gzip, deflate',
  'referer' => 'http://thinkphpcms.com/',
  'accept' => 'text/html,application/xhtml+xml,application/xml;q=0.9,image/webp,image/apng,*/*;q=0.8,application/signed-exchange;v=b3',
  'user-agent' => 'Mozilla/5.0 (Windows NT 10.0; WOW64) AppleWebKit/537.36 (KHTML, like Gecko) Chrome/78.0.3904.108 Safari/537.36',
  'upgrade-insecure-requests' => '1',
  'connection' => 'close',
  'host' => 'thinkphpcms.com',
)
[ info ] [ PARAM ] array (
  '/manage' => '',
)
---------------------------------------------------------------

[2020-06-05T18:28:58+08:00] 127.0.0.1 GET thinkphpcms.com/manage.php/login/index.html
[运行时间：0.036166s] [吞吐率：27.65req/s] [内存消耗：2,226.71kb] [文件加载：71]
[ info ] [ LANG ] D:\phpstudy_pro\WWW\thinkphpcms\thinkphp\lang\zh-cn.php
[ info ] [ BIND ] 'manage'
[ info ] [ ROUTE ] array (
)
[ info ] [ HEADER ] array (
  'cookie' => '__guid=51701228.1641357141932602600.1588816275384.601; monitor_count=167',
  'accept-language' => 'zh-CN,zh;q=0.9',
  'accept-encoding' => 'gzip, deflate',
  'referer' => 'http://thinkphpcms.com/',
  'accept' => 'text/html,application/xhtml+xml,application/xml;q=0.9,image/webp,image/apng,*/*;q=0.8,application/signed-exchange;v=b3',
  'user-agent' => 'Mozilla/5.0 (Windows NT 10.0; WOW64) AppleWebKit/537.36 (KHTML, like Gecko) Chrome/78.0.3904.108 Safari/537.36',
  'upgrade-insecure-requests' => '1',
  'connection' => 'close',
  'host' => 'thinkphpcms.com',
)
[ info ] [ PARAM ] array (
)
[ info ] [ VIEW ] D:\phpstudy_pro\WWW\thinkphpcms\application\manage\view\login\login.html [ array (
) ]
---------------------------------------------------------------

[2020-06-05T18:28:58+08:00] 127.0.0.1 GET thinkphpcms.com/manage.php/captcha.html
[运行时间：0.030610s] [吞吐率：32.67req/s] [内存消耗：1,564.15kb] [文件加载：56]
[ info ] [ LANG ] D:\phpstudy_pro\WWW\thinkphpcms\thinkphp\lang\zh-cn.php
[ info ] [ BIND ] 'manage'
[ info ] [ ROUTE ] array (
  'rule' => 'captcha/<id?>',
  'route' => '\\think\\captcha\\CaptchaController@index',
  'option' => 
  array (
    'merge_rule_regex' => false,
  ),
  'var' => 
  array (
  ),
)
[ info ] [ HEADER ] array (
  'cookie' => '__guid=51701228.1641357141932602600.1588816275384.601; monitor_count=168',
  'accept-language' => 'zh-CN,zh;q=0.9',
  'accept-encoding' => 'gzip, deflate',
  'referer' => 'http://thinkphpcms.com/manage.php/login/index.html',
  'accept' => 'image/webp,image/apng,image/*,*/*;q=0.8',
  'user-agent' => 'Mozilla/5.0 (Windows NT 10.0; WOW64) AppleWebKit/537.36 (KHTML, like Gecko) Chrome/78.0.3904.108 Safari/537.36',
  'connection' => 'close',
  'host' => 'thinkphpcms.com',
)
[ info ] [ PARAM ] array (
)
---------------------------------------------------------------

[2020-06-05T18:29:06+08:00] 127.0.0.1 POST thinkphpcms.com/manage.php/login/index.html
[运行时间：0.063158s] [吞吐率：15.83req/s] [内存消耗：3,646.92kb] [文件加载：87]
[ info ] [ LANG ] D:\phpstudy_pro\WWW\thinkphpcms\thinkphp\lang\zh-cn.php
[ info ] [ BIND ] 'manage'
[ info ] [ ROUTE ] array (
)
[ info ] [ HEADER ] array (
  'cookie' => '__guid=51701228.1641357141932602600.1588816275384.601; monitor_count=168; PHPSESSID=qvh8l5kkqhjjaqi5lft16tqtvq',
  'accept-language' => 'zh-CN,zh;q=0.9',
  'accept-encoding' => 'gzip, deflate',
  'referer' => 'http://thinkphpcms.com/manage.php/login/index.html',
  'accept' => 'text/html,application/xhtml+xml,application/xml;q=0.9,image/webp,image/apng,*/*;q=0.8,application/signed-exchange;v=b3',
  'user-agent' => 'Mozilla/5.0 (Windows NT 10.0; WOW64) AppleWebKit/537.36 (KHTML, like Gecko) Chrome/78.0.3904.108 Safari/537.36',
  'content-type' => 'application/x-www-form-urlencoded',
  'upgrade-insecure-requests' => '1',
  'origin' => 'http://thinkphpcms.com',
  'cache-control' => 'max-age=0',
  'content-length' => '45',
  'connection' => 'close',
  'host' => 'thinkphpcms.com',
)
[ info ] [ PARAM ] array (
  'username' => 'admin',
  'password' => 'lizhili123',
  'coder' => 'zbxs',
)
[ info ] [ DB ] INIT mysql
[ info ] [ DB ] INIT mysql
[ info ] [ VIEW ] D:\phpstudy_pro\WWW\thinkphpcms\thinkphp\tpl/dispatch_jump.tpl [ array (
  0 => 'code',
  1 => 'msg',
  2 => 'data',
  3 => 'url',
  4 => 'wait',
) ]
[ sql ] [ DB ] CONNECT:[ UseTime:0.010326s ] mysql:host=127.0.0.1;dbname=thinkphpcms.com;charset=utf8
[ sql ] [ SQL ] SHOW COLUMNS FROM `lizhili_log` [ RunTime:0.001233s ]
[ sql ] [ SQL ] INSERT INTO `lizhili_log` (`username` , `ip` , `create_time`) VALUES ('admin' , '127.0.0.1' , 1591352946) [ RunTime:0.000461s ]
[ sql ] [ DB ] CONNECT:[ UseTime:0.001517s ] mysql:host=127.0.0.1;dbname=thinkphpcms.com;charset=utf8
[ sql ] [ SQL ] SHOW COLUMNS FROM `lizhili_admin` [ RunTime:0.000593s ]
[ sql ] [ SQL ] SELECT * FROM `lizhili_admin` WHERE  `username` = 'admin' LIMIT 1 [ RunTime:0.000338s ]
---------------------------------------------------------------

[2020-06-05T18:29:08+08:00] 127.0.0.1 GET thinkphpcms.com/manage.php/index/index.html
[运行时间：0.057681s] [吞吐率：17.34req/s] [内存消耗：3,301.83kb] [文件加载：80]
[ info ] [ LANG ] D:\phpstudy_pro\WWW\thinkphpcms\thinkphp\lang\zh-cn.php
[ info ] [ BIND ] 'manage'
[ info ] [ ROUTE ] array (
)
[ info ] [ HEADER ] array (
  'cookie' => '__guid=51701228.1641357141932602600.1588816275384.601; PHPSESSID=qvh8l5kkqhjjaqi5lft16tqtvq; monitor_count=169',
  'accept-language' => 'zh-CN,zh;q=0.9',
  'accept-encoding' => 'gzip, deflate',
  'referer' => 'http://thinkphpcms.com/manage.php/login/index.html',
  'accept' => 'text/html,application/xhtml+xml,application/xml;q=0.9,image/webp,image/apng,*/*;q=0.8,application/signed-exchange;v=b3',
  'user-agent' => 'Mozilla/5.0 (Windows NT 10.0; WOW64) AppleWebKit/537.36 (KHTML, like Gecko) Chrome/78.0.3904.108 Safari/537.36',
  'upgrade-insecure-requests' => '1',
  'connection' => 'close',
  'host' => 'thinkphpcms.com',
)
[ info ] [ PARAM ] array (
)
[ info ] [ DB ] INIT mysql
[ info ] [ VIEW ] D:\phpstudy_pro\WWW\thinkphpcms\application\manage\view\index\index.html [ array (
  0 => 'comment',
  1 => 'message',
  2 => 'pilot_nav',
  3 => 'pilot_list',
) ]
[ sql ] [ DB ] CONNECT:[ UseTime:0.001652s ] mysql:host=127.0.0.1;dbname=thinkphpcms.com;charset=utf8
[ sql ] [ SQL ] SHOW COLUMNS FROM `lizhili_comment` [ RunTime:0.000669s ]
[ sql ] [ SQL ] SELECT COUNT(*) AS tp_count FROM `lizhili_comment` WHERE  `isopen` = -1 [ RunTime:0.000305s ]
[ sql ] [ SQL ] SHOW COLUMNS FROM `lizhili_message` [ RunTime:0.000557s ]
[ sql ] [ SQL ] SELECT COUNT(*) AS tp_count FROM `lizhili_message` WHERE  `isopen` = 0 [ RunTime:0.000266s ]
[ sql ] [ SQL ] SHOW COLUMNS FROM `lizhili_pilot_nav` [ RunTime:0.000580s ]
[ sql ] [ SQL ] SELECT * FROM `lizhili_pilot_nav` WHERE  `isopen` = 1 ORDER BY `sort` ASC [ RunTime:0.000338s ]
[ sql ] [ SQL ] SHOW COLUMNS FROM `lizhili_pilot_list` [ RunTime:0.000577s ]
[ sql ] [ SQL ] SELECT * FROM `lizhili_pilot_list` WHERE  `fid` = 0  AND `pn_id` = 1  AND `isopen` = 1 ORDER BY `sort` ASC [ RunTime:0.000448s ]
[ sql ] [ SQL ] SELECT * FROM `lizhili_pilot_list` WHERE  `fid` = 1  AND `isopen` = 1 ORDER BY `sort` ASC [ RunTime:0.000348s ]
[ sql ] [ SQL ] SELECT * FROM `lizhili_pilot_list` WHERE  `fid` = 2  AND `isopen` = 1 ORDER BY `sort` ASC [ RunTime:0.000353s ]
[ sql ] [ SQL ] SELECT * FROM `lizhili_pilot_list` WHERE  `fid` = 3  AND `isopen` = 1 ORDER BY `sort` ASC [ RunTime:0.000341s ]
[ sql ] [ SQL ] SELECT * FROM `lizhili_pilot_list` WHERE  `fid` = 4  AND `isopen` = 1 ORDER BY `sort` ASC [ RunTime:0.000331s ]
[ sql ] [ SQL ] SELECT * FROM `lizhili_pilot_list` WHERE  `fid` = 31  AND `isopen` = 1 ORDER BY `sort` ASC [ RunTime:0.000326s ]
[ sql ] [ SQL ] SELECT * FROM `lizhili_pilot_list` WHERE  `fid` = 5  AND `isopen` = 1 ORDER BY `sort` ASC [ RunTime:0.000307s ]
[ sql ] [ SQL ] SELECT * FROM `lizhili_pilot_list` WHERE  `fid` = 6  AND `isopen` = 1 ORDER BY `sort` ASC [ RunTime:0.000309s ]
[ sql ] [ SQL ] SELECT * FROM `lizhili_pilot_list` WHERE  `fid` = 24  AND `isopen` = 1 ORDER BY `sort` ASC [ RunTime:0.000347s ]
[ sql ] [ SQL ] SELECT * FROM `lizhili_pilot_list` WHERE  `fid` = 0  AND `pn_id` = 2  AND `isopen` = 1 ORDER BY `sort` ASC [ RunTime:0.000505s ]
[ sql ] [ SQL ] SELECT * FROM `lizhili_pilot_list` WHERE  `fid` = 8  AND `isopen` = 1 ORDER BY `sort` ASC [ RunTime:0.000385s ]
[ sql ] [ SQL ] SELECT * FROM `lizhili_pilot_list` WHERE  `fid` = 9  AND `isopen` = 1 ORDER BY `sort` ASC [ RunTime:0.000330s ]
[ sql ] [ SQL ] SELECT * FROM `lizhili_pilot_list` WHERE  `fid` = 10  AND `isopen` = 1 ORDER BY `sort` ASC [ RunTime:0.000328s ]
[ sql ] [ SQL ] SELECT * FROM `lizhili_pilot_list` WHERE  `fid` = 11  AND `isopen` = 1 ORDER BY `sort` ASC [ RunTime:0.000315s ]
[ sql ] [ SQL ] SELECT * FROM `lizhili_pilot_list` WHERE  `fid` = 12  AND `isopen` = 1 ORDER BY `sort` ASC [ RunTime:0.000318s ]
---------------------------------------------------------------

[2020-06-05T18:29:08+08:00] 127.0.0.1 GET thinkphpcms.com/manage.php/index/main.html
[运行时间：0.077372s] [吞吐率：12.92req/s] [内存消耗：3,277.98kb] [文件加载：79]
[ info ] [ LANG ] D:\phpstudy_pro\WWW\thinkphpcms\thinkphp\lang\zh-cn.php
[ info ] [ BIND ] 'manage'
[ info ] [ ROUTE ] array (
)
[ info ] [ HEADER ] array (
  'cookie' => '__guid=51701228.1641357141932602600.1588816275384.601; PHPSESSID=qvh8l5kkqhjjaqi5lft16tqtvq; monitor_count=170',
  'accept-language' => 'zh-CN,zh;q=0.9',
  'accept-encoding' => 'gzip, deflate',
  'referer' => 'http://thinkphpcms.com/manage.php/index/index.html',
  'accept' => 'text/html,application/xhtml+xml,application/xml;q=0.9,image/webp,image/apng,*/*;q=0.8,application/signed-exchange;v=b3',
  'user-agent' => 'Mozilla/5.0 (Windows NT 10.0; WOW64) AppleWebKit/537.36 (KHTML, like Gecko) Chrome/78.0.3904.108 Safari/537.36',
  'upgrade-insecure-requests' => '1',
  'connection' => 'close',
  'host' => 'thinkphpcms.com',
)
[ info ] [ PARAM ] array (
)
[ info ] [ DB ] INIT mysql
[ info ] [ VIEW ] D:\phpstudy_pro\WWW\thinkphpcms\application\manage\view\index\main.html [ array (
  0 => 'comment',
  1 => 'message',
  2 => 'pilot_nav',
  3 => 'pilot_list',
  4 => 'w',
  5 => 'liu',
  6 => 'yong',
  7 => 'ping',
  8 => 'log',
  9 => 'count1',
  10 => 'cms',
) ]
[ sql ] [ DB ] CONNECT:[ UseTime:0.010046s ] mysql:host=127.0.0.1;dbname=thinkphpcms.com;charset=utf8
[ sql ] [ SQL ] SHOW COLUMNS FROM `lizhili_comment` [ RunTime:0.000719s ]
[ sql ] [ SQL ] SELECT COUNT(*) AS tp_count FROM `lizhili_comment` WHERE  `isopen` = -1 [ RunTime:0.000304s ]
[ sql ] [ SQL ] SHOW COLUMNS FROM `lizhili_message` [ RunTime:0.000566s ]
[ sql ] [ SQL ] SELECT COUNT(*) AS tp_count FROM `lizhili_message` WHERE  `isopen` = 0 [ RunTime:0.000289s ]
[ sql ] [ SQL ] SHOW COLUMNS FROM `lizhili_pilot_nav` [ RunTime:0.000551s ]
[ sql ] [ SQL ] SELECT * FROM `lizhili_pilot_nav` WHERE  `isopen` = 1 ORDER BY `sort` ASC [ RunTime:0.000319s ]
[ sql ] [ SQL ] SHOW COLUMNS FROM `lizhili_pilot_list` [ RunTime:0.000560s ]
[ sql ] [ SQL ] SELECT * FROM `lizhili_pilot_list` WHERE  `fid` = 0  AND `pn_id` = 1  AND `isopen` = 1 ORDER BY `sort` ASC [ RunTime:0.000360s ]
[ sql ] [ SQL ] SELECT * FROM `lizhili_pilot_list` WHERE  `fid` = 1  AND `isopen` = 1 ORDER BY `sort` ASC [ RunTime:0.000315s ]
[ sql ] [ SQL ] SELECT * FROM `lizhili_pilot_list` WHERE  `fid` = 2  AND `isopen` = 1 ORDER BY `sort` ASC [ RunTime:0.000332s ]
[ sql ] [ SQL ] SELECT * FROM `lizhili_pilot_list` WHERE  `fid` = 3  AND `isopen` = 1 ORDER BY `sort` ASC [ RunTime:0.000352s ]
[ sql ] [ SQL ] SELECT * FROM `lizhili_pilot_list` WHERE  `fid` = 4  AND `isopen` = 1 ORDER BY `sort` ASC [ RunTime:0.000341s ]
[ sql ] [ SQL ] SELECT * FROM `lizhili_pilot_list` WHERE  `fid` = 31  AND `isopen` = 1 ORDER BY `sort` ASC [ RunTime:0.000327s ]
[ sql ] [ SQL ] SELECT * FROM `lizhili_pilot_list` WHERE  `fid` = 5  AND `isopen` = 1 ORDER BY `sort` ASC [ RunTime:0.000313s ]
[ sql ] [ SQL ] SELECT * FROM `lizhili_pilot_list` WHERE  `fid` = 6  AND `isopen` = 1 ORDER BY `sort` ASC [ RunTime:0.000316s ]
[ sql ] [ SQL ] SELECT * FROM `lizhili_pilot_list` WHERE  `fid` = 24  AND `isopen` = 1 ORDER BY `sort` ASC [ RunTime:0.000334s ]
[ sql ] [ SQL ] SELECT * FROM `lizhili_pilot_list` WHERE  `fid` = 0  AND `pn_id` = 2  AND `isopen` = 1 ORDER BY `sort` ASC [ RunTime:0.000390s ]
[ sql ] [ SQL ] SELECT * FROM `lizhili_pilot_list` WHERE  `fid` = 8  AND `isopen` = 1 ORDER BY `sort` ASC [ RunTime:0.000440s ]
[ sql ] [ SQL ] SELECT * FROM `lizhili_pilot_list` WHERE  `fid` = 9  AND `isopen` = 1 ORDER BY `sort` ASC [ RunTime:0.000351s ]
[ sql ] [ SQL ] SELECT * FROM `lizhili_pilot_list` WHERE  `fid` = 10  AND `isopen` = 1 ORDER BY `sort` ASC [ RunTime:0.000348s ]
[ sql ] [ SQL ] SELECT * FROM `lizhili_pilot_list` WHERE  `fid` = 11  AND `isopen` = 1 ORDER BY `sort` ASC [ RunTime:0.000334s ]
[ sql ] [ SQL ] SELECT * FROM `lizhili_pilot_list` WHERE  `fid` = 12  AND `isopen` = 1 ORDER BY `sort` ASC [ RunTime:0.000329s ]
[ sql ] [ SQL ] SHOW COLUMNS FROM `lizhili_article` [ RunTime:0.001279s ]
[ sql ] [ SQL ] SELECT COUNT(*) AS tp_count FROM `lizhili_article` [ RunTime:0.000321s ]
[ sql ] [ SQL ] SELECT COUNT(*) AS tp_count FROM `lizhili_article` WHERE  ( to_days(date_format(from_UNIXTIME(`time`),'%Y-%m-%d')) = to_days(now()) ) [ RunTime:0.000326s ]
[ sql ] [ SQL ] select count(*) from `lizhili_article` where to_days(date_format(from_UNIXTIME(`time`),'%Y-%m-%d')) - to_days(now()) <1 and to_days(date_format(from_UNIXTIME(`time`),'%Y-%m-%d')) - to_days(now()) <0; [ RunTime:0.000277s ]
[ sql ] [ SQL ] SELECT COUNT(*) AS tp_count FROM `lizhili_article` WHERE  ( YEARWEEK(date_format(from_UNIXTIME(`time`),'%Y-%m-%d')) = YEARWEEK(now()) ) [ RunTime:0.000264s ]
[ sql ] [ SQL ] SELECT COUNT(*) AS tp_count FROM `lizhili_article` WHERE  ( date_format(date_format(from_UNIXTIME(`time`),'%Y-%m-%d'), '%Y%m') = date_format(curdate() ,'%Y%m') ) [ RunTime:0.000366s ]
[ sql ] [ SQL ] SELECT COUNT(*) AS tp_count FROM `lizhili_message` [ RunTime:0.000273s ]
[ sql ] [ SQL ] SELECT COUNT(*) AS tp_count FROM `lizhili_message` WHERE  ( to_days(date_format(from_UNIXTIME(`create_time`),'%Y-%m-%d')) = to_days(now()) ) [ RunTime:0.000264s ]
[ sql ] [ SQL ] select count(*) from `lizhili_message` where to_days(date_format(from_UNIXTIME(`create_time`),'%Y-%m-%d')) - to_days(now()) <1 and to_days(date_format(from_UNIXTIME(`create_time`),'%Y-%m-%d')) - to_days(now()) <0; [ RunTime:0.000271s ]
[ sql ] [ SQL ] SELECT COUNT(*) AS tp_count FROM `lizhili_message` WHERE  ( YEARWEEK(date_format(from_UNIXTIME(`create_time`),'%Y-%m-%d')) = YEARWEEK(now()) ) [ RunTime:0.000260s ]
[ sql ] [ SQL ] SELECT COUNT(*) AS tp_count FROM `lizhili_message` WHERE  ( date_format(date_format(from_UNIXTIME(`create_time`),'%Y-%m-%d'), '%Y%m') = date_format(curdate() ,'%Y%m') ) [ RunTime:0.000263s ]
[ sql ] [ SQL ] SHOW COLUMNS FROM `lizhili_member` [ RunTime:0.000670s ]
[ sql ] [ SQL ] SELECT COUNT(*) AS tp_count FROM `lizhili_member` [ RunTime:0.000263s ]
[ sql ] [ SQL ] SELECT COUNT(*) AS tp_count FROM `lizhili_member` WHERE  ( to_days(date_format(from_UNIXTIME(`create_time`),'%Y-%m-%d')) = to_days(now()) ) [ RunTime:0.000303s ]
[ sql ] [ SQL ] select count(*) from `lizhili_member` where to_days(date_format(from_UNIXTIME(`create_time`),'%Y-%m-%d')) - to_days(now()) <1 and to_days(date_format(from_UNIXTIME(`create_time`),'%Y-%m-%d')) - to_days(now()) <0; [ RunTime:0.000286s ]
[ sql ] [ SQL ] SELECT COUNT(*) AS tp_count FROM `lizhili_member` WHERE  ( YEARWEEK(date_format(from_UNIXTIME(`create_time`),'%Y-%m-%d')) = YEARWEEK(now()) ) [ RunTime:0.000275s ]
[ sql ] [ SQL ] SELECT COUNT(*) AS tp_count FROM `lizhili_member` WHERE  ( date_format(date_format(from_UNIXTIME(`create_time`),'%Y-%m-%d'), '%Y%m') = date_format(curdate() ,'%Y%m') ) [ RunTime:0.000297s ]
[ sql ] [ SQL ] SELECT COUNT(*) AS tp_count FROM `lizhili_comment` [ RunTime:0.000274s ]
[ sql ] [ SQL ] SELECT COUNT(*) AS tp_count FROM `lizhili_comment` WHERE  ( to_days(date_format(from_UNIXTIME(`create_time`),'%Y-%m-%d')) = to_days(now()) ) [ RunTime:0.000265s ]
[ sql ] [ SQL ] select count(*) from `lizhili_comment` where to_days(date_format(from_UNIXTIME(`create_time`),'%Y-%m-%d')) - to_days(now()) <1 and to_days(date_format(from_UNIXTIME(`create_time`),'%Y-%m-%d')) - to_days(now()) <0; [ RunTime:0.000269s ]
[ sql ] [ SQL ] SELECT COUNT(*) AS tp_count FROM `lizhili_comment` WHERE  ( YEARWEEK(date_format(from_UNIXTIME(`create_time`),'%Y-%m-%d')) = YEARWEEK(now()) ) [ RunTime:0.000259s ]
[ sql ] [ SQL ] SELECT COUNT(*) AS tp_count FROM `lizhili_comment` WHERE  ( date_format(date_format(from_UNIXTIME(`create_time`),'%Y-%m-%d'), '%Y%m') = date_format(curdate() ,'%Y%m') ) [ RunTime:0.000259s ]
[ sql ] [ SQL ] SHOW COLUMNS FROM `lizhili_log` [ RunTime:0.000559s ]
[ sql ] [ SQL ] SELECT * FROM `lizhili_log` ORDER BY `id` DESC LIMIT 1 [ RunTime:0.000288s ]
[ sql ] [ SQL ] SELECT COUNT(*) AS tp_count FROM `lizhili_log` [ RunTime:0.000244s ]
[ sql ] [ SQL ] SHOW COLUMNS FROM `lizhili_cms` [ RunTime:0.000530s ]
[ sql ] [ SQL ] SELECT * FROM `lizhili_cms` WHERE  `id` = 1 LIMIT 1 [ RunTime:0.000291s ]
---------------------------------------------------------------

[2020-06-05T18:29:09+08:00] 127.0.0.1 GET thinkphpcms.com/manage.php/cate/index
[运行时间：0.061421s] [吞吐率：16.28req/s] [内存消耗：3,105.86kb] [文件加载：77]
[ info ] [ LANG ] D:\phpstudy_pro\WWW\thinkphpcms\thinkphp\lang\zh-cn.php
[ info ] [ BIND ] 'manage'
[ info ] [ ROUTE ] array (
  'rule' => 'cate/<id>',
  'route' => 'index/cate',
  'option' => 
  array (
    'merge_rule_regex' => false,
  ),
  'var' => 
  array (
    'id' => 'index',
  ),
)
[ info ] [ HEADER ] array (
  'cookie' => '__guid=51701228.1641357141932602600.1588816275384.601; PHPSESSID=qvh8l5kkqhjjaqi5lft16tqtvq; monitor_count=170',
  'accept-language' => 'zh-CN,zh;q=0.9',
  'accept-encoding' => 'gzip, deflate',
  'referer' => 'http://thinkphpcms.com/manage.php/index/index.html',
  'accept' => 'text/html,application/xhtml+xml,application/xml;q=0.9,image/webp,image/apng,*/*;q=0.8,application/signed-exchange;v=b3',
  'user-agent' => 'Mozilla/5.0 (Windows NT 10.0; WOW64) AppleWebKit/537.36 (KHTML, like Gecko) Chrome/78.0.3904.108 Safari/537.36',
  'upgrade-insecure-requests' => '1',
  'connection' => 'close',
  'host' => 'thinkphpcms.com',
)
[ info ] [ PARAM ] array (
  'id' => 'index',
)
[ info ] [ DB ] INIT mysql
[ sql ] [ DB ] CONNECT:[ UseTime:0.010541s ] mysql:host=127.0.0.1;dbname=thinkphpcms.com;charset=utf8
[ sql ] [ SQL ] SHOW COLUMNS FROM `lizhili_comment` [ RunTime:0.000660s ]
[ sql ] [ SQL ] SELECT COUNT(*) AS tp_count FROM `lizhili_comment` WHERE  `isopen` = -1 [ RunTime:0.000304s ]
[ sql ] [ SQL ] SHOW COLUMNS FROM `lizhili_message` [ RunTime:0.000588s ]
[ sql ] [ SQL ] SELECT COUNT(*) AS tp_count FROM `lizhili_message` WHERE  `isopen` = 0 [ RunTime:0.000271s ]
[ sql ] [ SQL ] SHOW COLUMNS FROM `lizhili_pilot_nav` [ RunTime:0.000541s ]
[ sql ] [ SQL ] SELECT * FROM `lizhili_pilot_nav` WHERE  `isopen` = 1 ORDER BY `sort` ASC [ RunTime:0.000362s ]
[ sql ] [ SQL ] SHOW COLUMNS FROM `lizhili_pilot_list` [ RunTime:0.000555s ]
[ sql ] [ SQL ] SELECT * FROM `lizhili_pilot_list` WHERE  `fid` = 0  AND `pn_id` = 1  AND `isopen` = 1 ORDER BY `sort` ASC [ RunTime:0.000366s ]
[ sql ] [ SQL ] SELECT * FROM `lizhili_pilot_list` WHERE  `fid` = 1  AND `isopen` = 1 ORDER BY `sort` ASC [ RunTime:0.000317s ]
[ sql ] [ SQL ] SELECT * FROM `lizhili_pilot_list` WHERE  `fid` = 2  AND `isopen` = 1 ORDER BY `sort` ASC [ RunTime:0.000329s ]
[ sql ] [ SQL ] SELECT * FROM `lizhili_pilot_list` WHERE  `fid` = 3  AND `isopen` = 1 ORDER BY `sort` ASC [ RunTime:0.000329s ]
[ sql ] [ SQL ] SELECT * FROM `lizhili_pilot_list` WHERE  `fid` = 4  AND `isopen` = 1 ORDER BY `sort` ASC [ RunTime:0.000337s ]
[ sql ] [ SQL ] SELECT * FROM `lizhili_pilot_list` WHERE  `fid` = 31  AND `isopen` = 1 ORDER BY `sort` ASC [ RunTime:0.000329s ]
[ sql ] [ SQL ] SELECT * FROM `lizhili_pilot_list` WHERE  `fid` = 5  AND `isopen` = 1 ORDER BY `sort` ASC [ RunTime:0.000312s ]
[ sql ] [ SQL ] SELECT * FROM `lizhili_pilot_list` WHERE  `fid` = 6  AND `isopen` = 1 ORDER BY `sort` ASC [ RunTime:0.000310s ]
[ sql ] [ SQL ] SELECT * FROM `lizhili_pilot_list` WHERE  `fid` = 24  AND `isopen` = 1 ORDER BY `sort` ASC [ RunTime:0.000309s ]
[ sql ] [ SQL ] SELECT * FROM `lizhili_pilot_list` WHERE  `fid` = 0  AND `pn_id` = 2  AND `isopen` = 1 ORDER BY `sort` ASC [ RunTime:0.000341s ]
[ sql ] [ SQL ] SELECT * FROM `lizhili_pilot_list` WHERE  `fid` = 8  AND `isopen` = 1 ORDER BY `sort` ASC [ RunTime:0.000320s ]
[ sql ] [ SQL ] SELECT * FROM `lizhili_pilot_list` WHERE  `fid` = 9  AND `isopen` = 1 ORDER BY `sort` ASC [ RunTime:0.000317s ]
[ sql ] [ SQL ] SELECT * FROM `lizhili_pilot_list` WHERE  `fid` = 10  AND `isopen` = 1 ORDER BY `sort` ASC [ RunTime:0.000322s ]
[ sql ] [ SQL ] SELECT * FROM `lizhili_pilot_list` WHERE  `fid` = 11  AND `isopen` = 1 ORDER BY `sort` ASC [ RunTime:0.000318s ]
[ sql ] [ SQL ] SELECT * FROM `lizhili_pilot_list` WHERE  `fid` = 12  AND `isopen` = 1 ORDER BY `sort` ASC [ RunTime:0.000314s ]
---------------------------------------------------------------

[2020-06-05T18:29:10+08:00] 127.0.0.1 GET thinkphpcms.com/manage.php/cate/index
[运行时间：0.051738s] [吞吐率：19.33req/s] [内存消耗：3,105.86kb] [文件加载：77]
[ info ] [ LANG ] D:\phpstudy_pro\WWW\thinkphpcms\thinkphp\lang\zh-cn.php
[ info ] [ BIND ] 'manage'
[ info ] [ ROUTE ] array (
  'rule' => 'cate/<id>',
  'route' => 'index/cate',
  'option' => 
  array (
    'merge_rule_regex' => false,
  ),
  'var' => 
  array (
    'id' => 'index',
  ),
)
[ info ] [ HEADER ] array (
  'cookie' => '__guid=51701228.1641357141932602600.1588816275384.601; PHPSESSID=qvh8l5kkqhjjaqi5lft16tqtvq; monitor_count=170',
  'accept-language' => 'zh-CN,zh;q=0.9',
  'accept-encoding' => 'gzip, deflate',
  'referer' => 'http://thinkphpcms.com/manage.php/index/index.html',
  'accept' => 'text/html,application/xhtml+xml,application/xml;q=0.9,image/webp,image/apng,*/*;q=0.8,application/signed-exchange;v=b3',
  'user-agent' => 'Mozilla/5.0 (Windows NT 10.0; WOW64) AppleWebKit/537.36 (KHTML, like Gecko) Chrome/78.0.3904.108 Safari/537.36',
  'upgrade-insecure-requests' => '1',
  'connection' => 'close',
  'host' => 'thinkphpcms.com',
)
[ info ] [ PARAM ] array (
  'id' => 'index',
)
[ info ] [ DB ] INIT mysql
[ sql ] [ DB ] CONNECT:[ UseTime:0.001693s ] mysql:host=127.0.0.1;dbname=thinkphpcms.com;charset=utf8
[ sql ] [ SQL ] SHOW COLUMNS FROM `lizhili_comment` [ RunTime:0.000656s ]
[ sql ] [ SQL ] SELECT COUNT(*) AS tp_count FROM `lizhili_comment` WHERE  `isopen` = -1 [ RunTime:0.000338s ]
[ sql ] [ SQL ] SHOW COLUMNS FROM `lizhili_message` [ RunTime:0.000563s ]
[ sql ] [ SQL ] SELECT COUNT(*) AS tp_count FROM `lizhili_message` WHERE  `isopen` = 0 [ RunTime:0.000271s ]
[ sql ] [ SQL ] SHOW COLUMNS FROM `lizhili_pilot_nav` [ RunTime:0.000532s ]
[ sql ] [ SQL ] SELECT * FROM `lizhili_pilot_nav` WHERE  `isopen` = 1 ORDER BY `sort` ASC [ RunTime:0.000331s ]
[ sql ] [ SQL ] SHOW COLUMNS FROM `lizhili_pilot_list` [ RunTime:0.000550s ]
[ sql ] [ SQL ] SELECT * FROM `lizhili_pilot_list` WHERE  `fid` = 0  AND `pn_id` = 1  AND `isopen` = 1 ORDER BY `sort` ASC [ RunTime:0.000371s ]
[ sql ] [ SQL ] SELECT * FROM `lizhili_pilot_list` WHERE  `fid` = 1  AND `isopen` = 1 ORDER BY `sort` ASC [ RunTime:0.000320s ]
[ sql ] [ SQL ] SELECT * FROM `lizhili_pilot_list` WHERE  `fid` = 2  AND `isopen` = 1 ORDER BY `sort` ASC [ RunTime:0.000323s ]
[ sql ] [ SQL ] SELECT * FROM `lizhili_pilot_list` WHERE  `fid` = 3  AND `isopen` = 1 ORDER BY `sort` ASC [ RunTime:0.000329s ]
[ sql ] [ SQL ] SELECT * FROM `lizhili_pilot_list` WHERE  `fid` = 4  AND `isopen` = 1 ORDER BY `sort` ASC [ RunTime:0.000331s ]
[ sql ] [ SQL ] SELECT * FROM `lizhili_pilot_list` WHERE  `fid` = 31  AND `isopen` = 1 ORDER BY `sort` ASC [ RunTime:0.000328s ]
[ sql ] [ SQL ] SELECT * FROM `lizhili_pilot_list` WHERE  `fid` = 5  AND `isopen` = 1 ORDER BY `sort` ASC [ RunTime:0.000312s ]
[ sql ] [ SQL ] SELECT * FROM `lizhili_pilot_list` WHERE  `fid` = 6  AND `isopen` = 1 ORDER BY `sort` ASC [ RunTime:0.000308s ]
[ sql ] [ SQL ] SELECT * FROM `lizhili_pilot_list` WHERE  `fid` = 24  AND `isopen` = 1 ORDER BY `sort` ASC [ RunTime:0.000311s ]
[ sql ] [ SQL ] SELECT * FROM `lizhili_pilot_list` WHERE  `fid` = 0  AND `pn_id` = 2  AND `isopen` = 1 ORDER BY `sort` ASC [ RunTime:0.000336s ]
[ sql ] [ SQL ] SELECT * FROM `lizhili_pilot_list` WHERE  `fid` = 8  AND `isopen` = 1 ORDER BY `sort` ASC [ RunTime:0.000318s ]
[ sql ] [ SQL ] SELECT * FROM `lizhili_pilot_list` WHERE  `fid` = 9  AND `isopen` = 1 ORDER BY `sort` ASC [ RunTime:0.000313s ]
[ sql ] [ SQL ] SELECT * FROM `lizhili_pilot_list` WHERE  `fid` = 10  AND `isopen` = 1 ORDER BY `sort` ASC [ RunTime:0.000319s ]
[ sql ] [ SQL ] SELECT * FROM `lizhili_pilot_list` WHERE  `fid` = 11  AND `isopen` = 1 ORDER BY `sort` ASC [ RunTime:0.000318s ]
[ sql ] [ SQL ] SELECT * FROM `lizhili_pilot_list` WHERE  `fid` = 12  AND `isopen` = 1 ORDER BY `sort` ASC [ RunTime:0.000315s ]
---------------------------------------------------------------

[2020-06-05T18:29:10+08:00] 127.0.0.1 GET thinkphpcms.com/manage.php/cate/index
[运行时间：0.059633s] [吞吐率：16.77req/s] [内存消耗：3,105.94kb] [文件加载：77]
[ info ] [ LANG ] D:\phpstudy_pro\WWW\thinkphpcms\thinkphp\lang\zh-cn.php
[ info ] [ BIND ] 'manage'
[ info ] [ ROUTE ] array (
  'rule' => 'cate/<id>',
  'route' => 'index/cate',
  'option' => 
  array (
    'merge_rule_regex' => false,
  ),
  'var' => 
  array (
    'id' => 'index',
  ),
)
[ info ] [ HEADER ] array (
  'cookie' => '__guid=51701228.1641357141932602600.1588816275384.601; PHPSESSID=qvh8l5kkqhjjaqi5lft16tqtvq; monitor_count=170',
  'accept-language' => 'zh-CN,zh;q=0.9',
  'accept-encoding' => 'gzip, deflate',
  'referer' => 'http://thinkphpcms.com/manage.php/index/index.html',
  'accept' => 'text/html,application/xhtml+xml,application/xml;q=0.9,image/webp,image/apng,*/*;q=0.8,application/signed-exchange;v=b3',
  'user-agent' => 'Mozilla/5.0 (Windows NT 10.0; WOW64) AppleWebKit/537.36 (KHTML, like Gecko) Chrome/78.0.3904.108 Safari/537.36',
  'upgrade-insecure-requests' => '1',
  'connection' => 'close',
  'host' => 'thinkphpcms.com',
)
[ info ] [ PARAM ] array (
  'id' => 'index',
)
[ info ] [ DB ] INIT mysql
[ sql ] [ DB ] CONNECT:[ UseTime:0.010569s ] mysql:host=127.0.0.1;dbname=thinkphpcms.com;charset=utf8
[ sql ] [ SQL ] SHOW COLUMNS FROM `lizhili_comment` [ RunTime:0.000698s ]
[ sql ] [ SQL ] SELECT COUNT(*) AS tp_count FROM `lizhili_comment` WHERE  `isopen` = -1 [ RunTime:0.000296s ]
[ sql ] [ SQL ] SHOW COLUMNS FROM `lizhili_message` [ RunTime:0.000567s ]
[ sql ] [ SQL ] SELECT COUNT(*) AS tp_count FROM `lizhili_message` WHERE  `isopen` = 0 [ RunTime:0.000269s ]
[ sql ] [ SQL ] SHOW COLUMNS FROM `lizhili_pilot_nav` [ RunTime:0.000525s ]
[ sql ] [ SQL ] SELECT * FROM `lizhili_pilot_nav` WHERE  `isopen` = 1 ORDER BY `sort` ASC [ RunTime:0.000315s ]
[ sql ] [ SQL ] SHOW COLUMNS FROM `lizhili_pilot_list` [ RunTime:0.000542s ]
[ sql ] [ SQL ] SELECT * FROM `lizhili_pilot_list` WHERE  `fid` = 0  AND `pn_id` = 1  AND `isopen` = 1 ORDER BY `sort` ASC [ RunTime:0.000369s ]
[ sql ] [ SQL ] SELECT * FROM `lizhili_pilot_list` WHERE  `fid` = 1  AND `isopen` = 1 ORDER BY `sort` ASC [ RunTime:0.000318s ]
[ sql ] [ SQL ] SELECT * FROM `lizhili_pilot_list` WHERE  `fid` = 2  AND `isopen` = 1 ORDER BY `sort` ASC [ RunTime:0.000323s ]
[ sql ] [ SQL ] SELECT * FROM `lizhili_pilot_list` WHERE  `fid` = 3  AND `isopen` = 1 ORDER BY `sort` ASC [ RunTime:0.000324s ]
[ sql ] [ SQL ] SELECT * FROM `lizhili_pilot_list` WHERE  `fid` = 4  AND `isopen` = 1 ORDER BY `sort` ASC [ RunTime:0.000329s ]
[ sql ] [ SQL ] SELECT * FROM `lizhili_pilot_list` WHERE  `fid` = 31  AND `isopen` = 1 ORDER BY `sort` ASC [ RunTime:0.000329s ]
[ sql ] [ SQL ] SELECT * FROM `lizhili_pilot_list` WHERE  `fid` = 5  AND `isopen` = 1 ORDER BY `sort` ASC [ RunTime:0.000308s ]
[ sql ] [ SQL ] SELECT * FROM `lizhili_pilot_list` WHERE  `fid` = 6  AND `isopen` = 1 ORDER BY `sort` ASC [ RunTime:0.000317s ]
[ sql ] [ SQL ] SELECT * FROM `lizhili_pilot_list` WHERE  `fid` = 24  AND `isopen` = 1 ORDER BY `sort` ASC [ RunTime:0.000329s ]
[ sql ] [ SQL ] SELECT * FROM `lizhili_pilot_list` WHERE  `fid` = 0  AND `pn_id` = 2  AND `isopen` = 1 ORDER BY `sort` ASC [ RunTime:0.000337s ]
[ sql ] [ SQL ] SELECT * FROM `lizhili_pilot_list` WHERE  `fid` = 8  AND `isopen` = 1 ORDER BY `sort` ASC [ RunTime:0.000326s ]
[ sql ] [ SQL ] SELECT * FROM `lizhili_pilot_list` WHERE  `fid` = 9  AND `isopen` = 1 ORDER BY `sort` ASC [ RunTime:0.000312s ]
[ sql ] [ SQL ] SELECT * FROM `lizhili_pilot_list` WHERE  `fid` = 10  AND `isopen` = 1 ORDER BY `sort` ASC [ RunTime:0.000318s ]
[ sql ] [ SQL ] SELECT * FROM `lizhili_pilot_list` WHERE  `fid` = 11  AND `isopen` = 1 ORDER BY `sort` ASC [ RunTime:0.000312s ]
[ sql ] [ SQL ] SELECT * FROM `lizhili_pilot_list` WHERE  `fid` = 12  AND `isopen` = 1 ORDER BY `sort` ASC [ RunTime:0.000314s ]
---------------------------------------------------------------

[2020-06-05T18:29:10+08:00] 127.0.0.1 GET thinkphpcms.com/manage.php/cate/index
[运行时间：0.051894s] [吞吐率：19.27req/s] [内存消耗：3,105.84kb] [文件加载：77]
[ info ] [ LANG ] D:\phpstudy_pro\WWW\thinkphpcms\thinkphp\lang\zh-cn.php
[ info ] [ BIND ] 'manage'
[ info ] [ ROUTE ] array (
  'rule' => 'cate/<id>',
  'route' => 'index/cate',
  'option' => 
  array (
    'merge_rule_regex' => false,
  ),
  'var' => 
  array (
    'id' => 'index',
  ),
)
[ info ] [ HEADER ] array (
  'cookie' => '__guid=51701228.1641357141932602600.1588816275384.601; PHPSESSID=qvh8l5kkqhjjaqi5lft16tqtvq; monitor_count=170',
  'accept-language' => 'zh-CN,zh;q=0.9',
  'accept-encoding' => 'gzip, deflate',
  'referer' => 'http://thinkphpcms.com/manage.php/index/index.html',
  'accept' => 'text/html,application/xhtml+xml,application/xml;q=0.9,image/webp,image/apng,*/*;q=0.8,application/signed-exchange;v=b3',
  'user-agent' => 'Mozilla/5.0 (Windows NT 10.0; WOW64) AppleWebKit/537.36 (KHTML, like Gecko) Chrome/78.0.3904.108 Safari/537.36',
  'upgrade-insecure-requests' => '1',
  'connection' => 'close',
  'host' => 'thinkphpcms.com',
)
[ info ] [ PARAM ] array (
  'id' => 'index',
)
[ info ] [ DB ] INIT mysql
[ sql ] [ DB ] CONNECT:[ UseTime:0.001696s ] mysql:host=127.0.0.1;dbname=thinkphpcms.com;charset=utf8
[ sql ] [ SQL ] SHOW COLUMNS FROM `lizhili_comment` [ RunTime:0.000658s ]
[ sql ] [ SQL ] SELECT COUNT(*) AS tp_count FROM `lizhili_comment` WHERE  `isopen` = -1 [ RunTime:0.000312s ]
[ sql ] [ SQL ] SHOW COLUMNS FROM `lizhili_message` [ RunTime:0.000582s ]
[ sql ] [ SQL ] SELECT COUNT(*) AS tp_count FROM `lizhili_message` WHERE  `isopen` = 0 [ RunTime:0.000294s ]
[ sql ] [ SQL ] SHOW COLUMNS FROM `lizhili_pilot_nav` [ RunTime:0.000532s ]
[ sql ] [ SQL ] SELECT * FROM `lizhili_pilot_nav` WHERE  `isopen` = 1 ORDER BY `sort` ASC [ RunTime:0.000326s ]
[ sql ] [ SQL ] SHOW COLUMNS FROM `lizhili_pilot_list` [ RunTime:0.000541s ]
[ sql ] [ SQL ] SELECT * FROM `lizhili_pilot_list` WHERE  `fid` = 0  AND `pn_id` = 1  AND `isopen` = 1 ORDER BY `sort` ASC [ RunTime:0.000369s ]
[ sql ] [ SQL ] SELECT * FROM `lizhili_pilot_list` WHERE  `fid` = 1  AND `isopen` = 1 ORDER BY `sort` ASC [ RunTime:0.000321s ]
[ sql ] [ SQL ] SELECT * FROM `lizhili_pilot_list` WHERE  `fid` = 2  AND `isopen` = 1 ORDER BY `sort` ASC [ RunTime:0.000325s ]
[ sql ] [ SQL ] SELECT * FROM `lizhili_pilot_list` WHERE  `fid` = 3  AND `isopen` = 1 ORDER BY `sort` ASC [ RunTime:0.000324s ]
[ sql ] [ SQL ] SELECT * FROM `lizhili_pilot_list` WHERE  `fid` = 4  AND `isopen` = 1 ORDER BY `sort` ASC [ RunTime:0.000330s ]
[ sql ] [ SQL ] SELECT * FROM `lizhili_pilot_list` WHERE  `fid` = 31  AND `isopen` = 1 ORDER BY `sort` ASC [ RunTime:0.000363s ]
[ sql ] [ SQL ] SELECT * FROM `lizhili_pilot_list` WHERE  `fid` = 5  AND `isopen` = 1 ORDER BY `sort` ASC [ RunTime:0.000338s ]
[ sql ] [ SQL ] SELECT * FROM `lizhili_pilot_list` WHERE  `fid` = 6  AND `isopen` = 1 ORDER BY `sort` ASC [ RunTime:0.000321s ]
[ sql ] [ SQL ] SELECT * FROM `lizhili_pilot_list` WHERE  `fid` = 24  AND `isopen` = 1 ORDER BY `sort` ASC [ RunTime:0.000310s ]
[ sql ] [ SQL ] SELECT * FROM `lizhili_pilot_list` WHERE  `fid` = 0  AND `pn_id` = 2  AND `isopen` = 1 ORDER BY `sort` ASC [ RunTime:0.000341s ]
[ sql ] [ SQL ] SELECT * FROM `lizhili_pilot_list` WHERE  `fid` = 8  AND `isopen` = 1 ORDER BY `sort` ASC [ RunTime:0.000420s ]
[ sql ] [ SQL ] SELECT * FROM `lizhili_pilot_list` WHERE  `fid` = 9  AND `isopen` = 1 ORDER BY `sort` ASC [ RunTime:0.000348s ]
[ sql ] [ SQL ] SELECT * FROM `lizhili_pilot_list` WHERE  `fid` = 10  AND `isopen` = 1 ORDER BY `sort` ASC [ RunTime:0.000339s ]
[ sql ] [ SQL ] SELECT * FROM `lizhili_pilot_list` WHERE  `fid` = 11  AND `isopen` = 1 ORDER BY `sort` ASC [ RunTime:0.000321s ]
[ sql ] [ SQL ] SELECT * FROM `lizhili_pilot_list` WHERE  `fid` = 12  AND `isopen` = 1 ORDER BY `sort` ASC [ RunTime:0.000323s ]
---------------------------------------------------------------

[2020-06-05T18:29:11+08:00] 127.0.0.1 GET thinkphpcms.com/manage.php/cate/index
[运行时间：0.059874s] [吞吐率：16.70req/s] [内存消耗：3,105.94kb] [文件加载：77]
[ info ] [ LANG ] D:\phpstudy_pro\WWW\thinkphpcms\thinkphp\lang\zh-cn.php
[ info ] [ BIND ] 'manage'
[ info ] [ ROUTE ] array (
  'rule' => 'cate/<id>',
  'route' => 'index/cate',
  'option' => 
  array (
    'merge_rule_regex' => false,
  ),
  'var' => 
  array (
    'id' => 'index',
  ),
)
[ info ] [ HEADER ] array (
  'cookie' => '__guid=51701228.1641357141932602600.1588816275384.601; PHPSESSID=qvh8l5kkqhjjaqi5lft16tqtvq; monitor_count=170',
  'accept-language' => 'zh-CN,zh;q=0.9',
  'accept-encoding' => 'gzip, deflate',
  'referer' => 'http://thinkphpcms.com/manage.php/index/index.html',
  'accept' => 'text/html,application/xhtml+xml,application/xml;q=0.9,image/webp,image/apng,*/*;q=0.8,application/signed-exchange;v=b3',
  'user-agent' => 'Mozilla/5.0 (Windows NT 10.0; WOW64) AppleWebKit/537.36 (KHTML, like Gecko) Chrome/78.0.3904.108 Safari/537.36',
  'upgrade-insecure-requests' => '1',
  'connection' => 'close',
  'host' => 'thinkphpcms.com',
)
[ info ] [ PARAM ] array (
  'id' => 'index',
)
[ info ] [ DB ] INIT mysql
[ sql ] [ DB ] CONNECT:[ UseTime:0.010989s ] mysql:host=127.0.0.1;dbname=thinkphpcms.com;charset=utf8
[ sql ] [ SQL ] SHOW COLUMNS FROM `lizhili_comment` [ RunTime:0.000683s ]
[ sql ] [ SQL ] SELECT COUNT(*) AS tp_count FROM `lizhili_comment` WHERE  `isopen` = -1 [ RunTime:0.000297s ]
[ sql ] [ SQL ] SHOW COLUMNS FROM `lizhili_message` [ RunTime:0.000551s ]
[ sql ] [ SQL ] SELECT COUNT(*) AS tp_count FROM `lizhili_message` WHERE  `isopen` = 0 [ RunTime:0.000264s ]
[ sql ] [ SQL ] SHOW COLUMNS FROM `lizhili_pilot_nav` [ RunTime:0.000528s ]
[ sql ] [ SQL ] SELECT * FROM `lizhili_pilot_nav` WHERE  `isopen` = 1 ORDER BY `sort` ASC [ RunTime:0.000314s ]
[ sql ] [ SQL ] SHOW COLUMNS FROM `lizhili_pilot_list` [ RunTime:0.000547s ]
[ sql ] [ SQL ] SELECT * FROM `lizhili_pilot_list` WHERE  `fid` = 0  AND `pn_id` = 1  AND `isopen` = 1 ORDER BY `sort` ASC [ RunTime:0.000368s ]
[ sql ] [ SQL ] SELECT * FROM `lizhili_pilot_list` WHERE  `fid` = 1  AND `isopen` = 1 ORDER BY `sort` ASC [ RunTime:0.000318s ]
[ sql ] [ SQL ] SELECT * FROM `lizhili_pilot_list` WHERE  `fid` = 2  AND `isopen` = 1 ORDER BY `sort` ASC [ RunTime:0.000339s ]
[ sql ] [ SQL ] SELECT * FROM `lizhili_pilot_list` WHERE  `fid` = 3  AND `isopen` = 1 ORDER BY `sort` ASC [ RunTime:0.000328s ]
[ sql ] [ SQL ] SELECT * FROM `lizhili_pilot_list` WHERE  `fid` = 4  AND `isopen` = 1 ORDER BY `sort` ASC [ RunTime:0.000328s ]
[ sql ] [ SQL ] SELECT * FROM `lizhili_pilot_list` WHERE  `fid` = 31  AND `isopen` = 1 ORDER BY `sort` ASC [ RunTime:0.000326s ]
[ sql ] [ SQL ] SELECT * FROM `lizhili_pilot_list` WHERE  `fid` = 5  AND `isopen` = 1 ORDER BY `sort` ASC [ RunTime:0.000307s ]
[ sql ] [ SQL ] SELECT * FROM `lizhili_pilot_list` WHERE  `fid` = 6  AND `isopen` = 1 ORDER BY `sort` ASC [ RunTime:0.000305s ]
[ sql ] [ SQL ] SELECT * FROM `lizhili_pilot_list` WHERE  `fid` = 24  AND `isopen` = 1 ORDER BY `sort` ASC [ RunTime:0.000303s ]
[ sql ] [ SQL ] SELECT * FROM `lizhili_pilot_list` WHERE  `fid` = 0  AND `pn_id` = 2  AND `isopen` = 1 ORDER BY `sort` ASC [ RunTime:0.000333s ]
[ sql ] [ SQL ] SELECT * FROM `lizhili_pilot_list` WHERE  `fid` = 8  AND `isopen` = 1 ORDER BY `sort` ASC [ RunTime:0.000312s ]
[ sql ] [ SQL ] SELECT * FROM `lizhili_pilot_list` WHERE  `fid` = 9  AND `isopen` = 1 ORDER BY `sort` ASC [ RunTime:0.000311s ]
[ sql ] [ SQL ] SELECT * FROM `lizhili_pilot_list` WHERE  `fid` = 10  AND `isopen` = 1 ORDER BY `sort` ASC [ RunTime:0.000316s ]
[ sql ] [ SQL ] SELECT * FROM `lizhili_pilot_list` WHERE  `fid` = 11  AND `isopen` = 1 ORDER BY `sort` ASC [ RunTime:0.000332s ]
[ sql ] [ SQL ] SELECT * FROM `lizhili_pilot_list` WHERE  `fid` = 12  AND `isopen` = 1 ORDER BY `sort` ASC [ RunTime:0.000322s ]
---------------------------------------------------------------

[2020-06-05T18:29:11+08:00] 127.0.0.1 GET thinkphpcms.com/manage.php/cate/index
[运行时间：0.050938s] [吞吐率：19.63req/s] [内存消耗：3,105.94kb] [文件加载：77]
[ info ] [ LANG ] D:\phpstudy_pro\WWW\thinkphpcms\thinkphp\lang\zh-cn.php
[ info ] [ BIND ] 'manage'
[ info ] [ ROUTE ] array (
  'rule' => 'cate/<id>',
  'route' => 'index/cate',
  'option' => 
  array (
    'merge_rule_regex' => false,
  ),
  'var' => 
  array (
    'id' => 'index',
  ),
)
[ info ] [ HEADER ] array (
  'cookie' => '__guid=51701228.1641357141932602600.1588816275384.601; PHPSESSID=qvh8l5kkqhjjaqi5lft16tqtvq; monitor_count=170',
  'accept-language' => 'zh-CN,zh;q=0.9',
  'accept-encoding' => 'gzip, deflate',
  'referer' => 'http://thinkphpcms.com/manage.php/index/index.html',
  'accept' => 'text/html,application/xhtml+xml,application/xml;q=0.9,image/webp,image/apng,*/*;q=0.8,application/signed-exchange;v=b3',
  'user-agent' => 'Mozilla/5.0 (Windows NT 10.0; WOW64) AppleWebKit/537.36 (KHTML, like Gecko) Chrome/78.0.3904.108 Safari/537.36',
  'upgrade-insecure-requests' => '1',
  'connection' => 'close',
  'host' => 'thinkphpcms.com',
)
[ info ] [ PARAM ] array (
  'id' => 'index',
)
[ info ] [ DB ] INIT mysql
[ sql ] [ DB ] CONNECT:[ UseTime:0.001610s ] mysql:host=127.0.0.1;dbname=thinkphpcms.com;charset=utf8
[ sql ] [ SQL ] SHOW COLUMNS FROM `lizhili_comment` [ RunTime:0.000659s ]
[ sql ] [ SQL ] SELECT COUNT(*) AS tp_count FROM `lizhili_comment` WHERE  `isopen` = -1 [ RunTime:0.000300s ]
[ sql ] [ SQL ] SHOW COLUMNS FROM `lizhili_message` [ RunTime:0.000566s ]
[ sql ] [ SQL ] SELECT COUNT(*) AS tp_count FROM `lizhili_message` WHERE  `isopen` = 0 [ RunTime:0.000264s ]
[ sql ] [ SQL ] SHOW COLUMNS FROM `lizhili_pilot_nav` [ RunTime:0.000529s ]
[ sql ] [ SQL ] SELECT * FROM `lizhili_pilot_nav` WHERE  `isopen` = 1 ORDER BY `sort` ASC [ RunTime:0.000311s ]
[ sql ] [ SQL ] SHOW COLUMNS FROM `lizhili_pilot_list` [ RunTime:0.000566s ]
[ sql ] [ SQL ] SELECT * FROM `lizhili_pilot_list` WHERE  `fid` = 0  AND `pn_id` = 1  AND `isopen` = 1 ORDER BY `sort` ASC [ RunTime:0.000390s ]
[ sql ] [ SQL ] SELECT * FROM `lizhili_pilot_list` WHERE  `fid` = 1  AND `isopen` = 1 ORDER BY `sort` ASC [ RunTime:0.000322s ]
[ sql ] [ SQL ] SELECT * FROM `lizhili_pilot_list` WHERE  `fid` = 2  AND `isopen` = 1 ORDER BY `sort` ASC [ RunTime:0.000321s ]
[ sql ] [ SQL ] SELECT * FROM `lizhili_pilot_list` WHERE  `fid` = 3  AND `isopen` = 1 ORDER BY `sort` ASC [ RunTime:0.000324s ]
[ sql ] [ SQL ] SELECT * FROM `lizhili_pilot_list` WHERE  `fid` = 4  AND `isopen` = 1 ORDER BY `sort` ASC [ RunTime:0.000331s ]
[ sql ] [ SQL ] SELECT * FROM `lizhili_pilot_list` WHERE  `fid` = 31  AND `isopen` = 1 ORDER BY `sort` ASC [ RunTime:0.000322s ]
[ sql ] [ SQL ] SELECT * FROM `lizhili_pilot_list` WHERE  `fid` = 5  AND `isopen` = 1 ORDER BY `sort` ASC [ RunTime:0.000308s ]
[ sql ] [ SQL ] SELECT * FROM `lizhili_pilot_list` WHERE  `fid` = 6  AND `isopen` = 1 ORDER BY `sort` ASC [ RunTime:0.000310s ]
[ sql ] [ SQL ] SELECT * FROM `lizhili_pilot_list` WHERE  `fid` = 24  AND `isopen` = 1 ORDER BY `sort` ASC [ RunTime:0.000309s ]
[ sql ] [ SQL ] SELECT * FROM `lizhili_pilot_list` WHERE  `fid` = 0  AND `pn_id` = 2  AND `isopen` = 1 ORDER BY `sort` ASC [ RunTime:0.000338s ]
[ sql ] [ SQL ] SELECT * FROM `lizhili_pilot_list` WHERE  `fid` = 8  AND `isopen` = 1 ORDER BY `sort` ASC [ RunTime:0.000312s ]
[ sql ] [ SQL ] SELECT * FROM `lizhili_pilot_list` WHERE  `fid` = 9  AND `isopen` = 1 ORDER BY `sort` ASC [ RunTime:0.000315s ]
[ sql ] [ SQL ] SELECT * FROM `lizhili_pilot_list` WHERE  `fid` = 10  AND `isopen` = 1 ORDER BY `sort` ASC [ RunTime:0.000367s ]
[ sql ] [ SQL ] SELECT * FROM `lizhili_pilot_list` WHERE  `fid` = 11  AND `isopen` = 1 ORDER BY `sort` ASC [ RunTime:0.000313s ]
[ sql ] [ SQL ] SELECT * FROM `lizhili_pilot_list` WHERE  `fid` = 12  AND `isopen` = 1 ORDER BY `sort` ASC [ RunTime:0.000317s ]
---------------------------------------------------------------

[2020-06-05T18:29:11+08:00] 127.0.0.1 GET thinkphpcms.com/manage.php/cate/index
[运行时间：0.052018s] [吞吐率：19.22req/s] [内存消耗：3,105.94kb] [文件加载：77]
[ info ] [ LANG ] D:\phpstudy_pro\WWW\thinkphpcms\thinkphp\lang\zh-cn.php
[ info ] [ BIND ] 'manage'
[ info ] [ ROUTE ] array (
  'rule' => 'cate/<id>',
  'route' => 'index/cate',
  'option' => 
  array (
    'merge_rule_regex' => false,
  ),
  'var' => 
  array (
    'id' => 'index',
  ),
)
[ info ] [ HEADER ] array (
  'cookie' => '__guid=51701228.1641357141932602600.1588816275384.601; PHPSESSID=qvh8l5kkqhjjaqi5lft16tqtvq; monitor_count=170',
  'accept-language' => 'zh-CN,zh;q=0.9',
  'accept-encoding' => 'gzip, deflate',
  'referer' => 'http://thinkphpcms.com/manage.php/index/index.html',
  'accept' => 'text/html,application/xhtml+xml,application/xml;q=0.9,image/webp,image/apng,*/*;q=0.8,application/signed-exchange;v=b3',
  'user-agent' => 'Mozilla/5.0 (Windows NT 10.0; WOW64) AppleWebKit/537.36 (KHTML, like Gecko) Chrome/78.0.3904.108 Safari/537.36',
  'upgrade-insecure-requests' => '1',
  'connection' => 'close',
  'host' => 'thinkphpcms.com',
)
[ info ] [ PARAM ] array (
  'id' => 'index',
)
[ info ] [ DB ] INIT mysql
[ sql ] [ DB ] CONNECT:[ UseTime:0.001596s ] mysql:host=127.0.0.1;dbname=thinkphpcms.com;charset=utf8
[ sql ] [ SQL ] SHOW COLUMNS FROM `lizhili_comment` [ RunTime:0.000666s ]
[ sql ] [ SQL ] SELECT COUNT(*) AS tp_count FROM `lizhili_comment` WHERE  `isopen` = -1 [ RunTime:0.000302s ]
[ sql ] [ SQL ] SHOW COLUMNS FROM `lizhili_message` [ RunTime:0.000586s ]
[ sql ] [ SQL ] SELECT COUNT(*) AS tp_count FROM `lizhili_message` WHERE  `isopen` = 0 [ RunTime:0.000280s ]
[ sql ] [ SQL ] SHOW COLUMNS FROM `lizhili_pilot_nav` [ RunTime:0.000538s ]
[ sql ] [ SQL ] SELECT * FROM `lizhili_pilot_nav` WHERE  `isopen` = 1 ORDER BY `sort` ASC [ RunTime:0.000314s ]
[ sql ] [ SQL ] SHOW COLUMNS FROM `lizhili_pilot_list` [ RunTime:0.000552s ]
[ sql ] [ SQL ] SELECT * FROM `lizhili_pilot_list` WHERE  `fid` = 0  AND `pn_id` = 1  AND `isopen` = 1 ORDER BY `sort` ASC [ RunTime:0.000365s ]
[ sql ] [ SQL ] SELECT * FROM `lizhili_pilot_list` WHERE  `fid` = 1  AND `isopen` = 1 ORDER BY `sort` ASC [ RunTime:0.000415s ]
[ sql ] [ SQL ] SELECT * FROM `lizhili_pilot_list` WHERE  `fid` = 2  AND `isopen` = 1 ORDER BY `sort` ASC [ RunTime:0.000325s ]
[ sql ] [ SQL ] SELECT * FROM `lizhili_pilot_list` WHERE  `fid` = 3  AND `isopen` = 1 ORDER BY `sort` ASC [ RunTime:0.000353s ]
[ sql ] [ SQL ] SELECT * FROM `lizhili_pilot_list` WHERE  `fid` = 4  AND `isopen` = 1 ORDER BY `sort` ASC [ RunTime:0.000332s ]
[ sql ] [ SQL ] SELECT * FROM `lizhili_pilot_list` WHERE  `fid` = 31  AND `isopen` = 1 ORDER BY `sort` ASC [ RunTime:0.000328s ]
[ sql ] [ SQL ] SELECT * FROM `lizhili_pilot_list` WHERE  `fid` = 5  AND `isopen` = 1 ORDER BY `sort` ASC [ RunTime:0.000333s ]
[ sql ] [ SQL ] SELECT * FROM `lizhili_pilot_list` WHERE  `fid` = 6  AND `isopen` = 1 ORDER BY `sort` ASC [ RunTime:0.000339s ]
[ sql ] [ SQL ] SELECT * FROM `lizhili_pilot_list` WHERE  `fid` = 24  AND `isopen` = 1 ORDER BY `sort` ASC [ RunTime:0.000335s ]
[ sql ] [ SQL ] SELECT * FROM `lizhili_pilot_list` WHERE  `fid` = 0  AND `pn_id` = 2  AND `isopen` = 1 ORDER BY `sort` ASC [ RunTime:0.000367s ]
[ sql ] [ SQL ] SELECT * FROM `lizhili_pilot_list` WHERE  `fid` = 8  AND `isopen` = 1 ORDER BY `sort` ASC [ RunTime:0.000324s ]
[ sql ] [ SQL ] SELECT * FROM `lizhili_pilot_list` WHERE  `fid` = 9  AND `isopen` = 1 ORDER BY `sort` ASC [ RunTime:0.000313s ]
[ sql ] [ SQL ] SELECT * FROM `lizhili_pilot_list` WHERE  `fid` = 10  AND `isopen` = 1 ORDER BY `sort` ASC [ RunTime:0.000319s ]
[ sql ] [ SQL ] SELECT * FROM `lizhili_pilot_list` WHERE  `fid` = 11  AND `isopen` = 1 ORDER BY `sort` ASC [ RunTime:0.000317s ]
[ sql ] [ SQL ] SELECT * FROM `lizhili_pilot_list` WHERE  `fid` = 12  AND `isopen` = 1 ORDER BY `sort` ASC [ RunTime:0.000313s ]
---------------------------------------------------------------

[2020-06-05T18:29:11+08:00] 127.0.0.1 GET thinkphpcms.com/manage.php/cate/index
[运行时间：0.059600s] [吞吐率：16.78req/s] [内存消耗：3,105.86kb] [文件加载：77]
[ info ] [ LANG ] D:\phpstudy_pro\WWW\thinkphpcms\thinkphp\lang\zh-cn.php
[ info ] [ BIND ] 'manage'
[ info ] [ ROUTE ] array (
  'rule' => 'cate/<id>',
  'route' => 'index/cate',
  'option' => 
  array (
    'merge_rule_regex' => false,
  ),
  'var' => 
  array (
    'id' => 'index',
  ),
)
[ info ] [ HEADER ] array (
  'cookie' => '__guid=51701228.1641357141932602600.1588816275384.601; PHPSESSID=qvh8l5kkqhjjaqi5lft16tqtvq; monitor_count=170',
  'accept-language' => 'zh-CN,zh;q=0.9',
  'accept-encoding' => 'gzip, deflate',
  'referer' => 'http://thinkphpcms.com/manage.php/index/index.html',
  'accept' => 'text/html,application/xhtml+xml,application/xml;q=0.9,image/webp,image/apng,*/*;q=0.8,application/signed-exchange;v=b3',
  'user-agent' => 'Mozilla/5.0 (Windows NT 10.0; WOW64) AppleWebKit/537.36 (KHTML, like Gecko) Chrome/78.0.3904.108 Safari/537.36',
  'upgrade-insecure-requests' => '1',
  'connection' => 'close',
  'host' => 'thinkphpcms.com',
)
[ info ] [ PARAM ] array (
  'id' => 'index',
)
[ info ] [ DB ] INIT mysql
[ sql ] [ DB ] CONNECT:[ UseTime:0.009691s ] mysql:host=127.0.0.1;dbname=thinkphpcms.com;charset=utf8
[ sql ] [ SQL ] SHOW COLUMNS FROM `lizhili_comment` [ RunTime:0.000695s ]
[ sql ] [ SQL ] SELECT COUNT(*) AS tp_count FROM `lizhili_comment` WHERE  `isopen` = -1 [ RunTime:0.000298s ]
[ sql ] [ SQL ] SHOW COLUMNS FROM `lizhili_message` [ RunTime:0.000552s ]
[ sql ] [ SQL ] SELECT COUNT(*) AS tp_count FROM `lizhili_message` WHERE  `isopen` = 0 [ RunTime:0.000270s ]
[ sql ] [ SQL ] SHOW COLUMNS FROM `lizhili_pilot_nav` [ RunTime:0.000528s ]
[ sql ] [ SQL ] SELECT * FROM `lizhili_pilot_nav` WHERE  `isopen` = 1 ORDER BY `sort` ASC [ RunTime:0.000322s ]
[ sql ] [ SQL ] SHOW COLUMNS FROM `lizhili_pilot_list` [ RunTime:0.000539s ]
[ sql ] [ SQL ] SELECT * FROM `lizhili_pilot_list` WHERE  `fid` = 0  AND `pn_id` = 1  AND `isopen` = 1 ORDER BY `sort` ASC [ RunTime:0.000435s ]
[ sql ] [ SQL ] SELECT * FROM `lizhili_pilot_list` WHERE  `fid` = 1  AND `isopen` = 1 ORDER BY `sort` ASC [ RunTime:0.000334s ]
[ sql ] [ SQL ] SELECT * FROM `lizhili_pilot_list` WHERE  `fid` = 2  AND `isopen` = 1 ORDER BY `sort` ASC [ RunTime:0.000333s ]
[ sql ] [ SQL ] SELECT * FROM `lizhili_pilot_list` WHERE  `fid` = 3  AND `isopen` = 1 ORDER BY `sort` ASC [ RunTime:0.000327s ]
[ sql ] [ SQL ] SELECT * FROM `lizhili_pilot_list` WHERE  `fid` = 4  AND `isopen` = 1 ORDER BY `sort` ASC [ RunTime:0.000338s ]
[ sql ] [ SQL ] SELECT * FROM `lizhili_pilot_list` WHERE  `fid` = 31  AND `isopen` = 1 ORDER BY `sort` ASC [ RunTime:0.000324s ]
[ sql ] [ SQL ] SELECT * FROM `lizhili_pilot_list` WHERE  `fid` = 5  AND `isopen` = 1 ORDER BY `sort` ASC [ RunTime:0.000304s ]
[ sql ] [ SQL ] SELECT * FROM `lizhili_pilot_list` WHERE  `fid` = 6  AND `isopen` = 1 ORDER BY `sort` ASC [ RunTime:0.000307s ]
[ sql ] [ SQL ] SELECT * FROM `lizhili_pilot_list` WHERE  `fid` = 24  AND `isopen` = 1 ORDER BY `sort` ASC [ RunTime:0.000305s ]
[ sql ] [ SQL ] SELECT * FROM `lizhili_pilot_list` WHERE  `fid` = 0  AND `pn_id` = 2  AND `isopen` = 1 ORDER BY `sort` ASC [ RunTime:0.000332s ]
[ sql ] [ SQL ] SELECT * FROM `lizhili_pilot_list` WHERE  `fid` = 8  AND `isopen` = 1 ORDER BY `sort` ASC [ RunTime:0.000324s ]
[ sql ] [ SQL ] SELECT * FROM `lizhili_pilot_list` WHERE  `fid` = 9  AND `isopen` = 1 ORDER BY `sort` ASC [ RunTime:0.000312s ]
[ sql ] [ SQL ] SELECT * FROM `lizhili_pilot_list` WHERE  `fid` = 10  AND `isopen` = 1 ORDER BY `sort` ASC [ RunTime:0.000316s ]
[ sql ] [ SQL ] SELECT * FROM `lizhili_pilot_list` WHERE  `fid` = 11  AND `isopen` = 1 ORDER BY `sort` ASC [ RunTime:0.000313s ]
[ sql ] [ SQL ] SELECT * FROM `lizhili_pilot_list` WHERE  `fid` = 12  AND `isopen` = 1 ORDER BY `sort` ASC [ RunTime:0.000312s ]
---------------------------------------------------------------

[2020-06-05T18:29:11+08:00] 127.0.0.1 GET thinkphpcms.com/manage.php/cate/index
[运行时间：0.060778s] [吞吐率：16.45req/s] [内存消耗：3,105.86kb] [文件加载：77]
[ info ] [ LANG ] D:\phpstudy_pro\WWW\thinkphpcms\thinkphp\lang\zh-cn.php
[ info ] [ BIND ] 'manage'
[ info ] [ ROUTE ] array (
  'rule' => 'cate/<id>',
  'route' => 'index/cate',
  'option' => 
  array (
    'merge_rule_regex' => false,
  ),
  'var' => 
  array (
    'id' => 'index',
  ),
)
[ info ] [ HEADER ] array (
  'cookie' => '__guid=51701228.1641357141932602600.1588816275384.601; PHPSESSID=qvh8l5kkqhjjaqi5lft16tqtvq; monitor_count=170',
  'accept-language' => 'zh-CN,zh;q=0.9',
  'accept-encoding' => 'gzip, deflate',
  'referer' => 'http://thinkphpcms.com/manage.php/index/index.html',
  'accept' => 'text/html,application/xhtml+xml,application/xml;q=0.9,image/webp,image/apng,*/*;q=0.8,application/signed-exchange;v=b3',
  'user-agent' => 'Mozilla/5.0 (Windows NT 10.0; WOW64) AppleWebKit/537.36 (KHTML, like Gecko) Chrome/78.0.3904.108 Safari/537.36',
  'upgrade-insecure-requests' => '1',
  'connection' => 'close',
  'host' => 'thinkphpcms.com',
)
[ info ] [ PARAM ] array (
  'id' => 'index',
)
[ info ] [ DB ] INIT mysql
[ sql ] [ DB ] CONNECT:[ UseTime:0.010304s ] mysql:host=127.0.0.1;dbname=thinkphpcms.com;charset=utf8
[ sql ] [ SQL ] SHOW COLUMNS FROM `lizhili_comment` [ RunTime:0.000644s ]
[ sql ] [ SQL ] SELECT COUNT(*) AS tp_count FROM `lizhili_comment` WHERE  `isopen` = -1 [ RunTime:0.000297s ]
[ sql ] [ SQL ] SHOW COLUMNS FROM `lizhili_message` [ RunTime:0.000554s ]
[ sql ] [ SQL ] SELECT COUNT(*) AS tp_count FROM `lizhili_message` WHERE  `isopen` = 0 [ RunTime:0.000318s ]
[ sql ] [ SQL ] SHOW COLUMNS FROM `lizhili_pilot_nav` [ RunTime:0.000530s ]
[ sql ] [ SQL ] SELECT * FROM `lizhili_pilot_nav` WHERE  `isopen` = 1 ORDER BY `sort` ASC [ RunTime:0.000313s ]
[ sql ] [ SQL ] SHOW COLUMNS FROM `lizhili_pilot_list` [ RunTime:0.000539s ]
[ sql ] [ SQL ] SELECT * FROM `lizhili_pilot_list` WHERE  `fid` = 0  AND `pn_id` = 1  AND `isopen` = 1 ORDER BY `sort` ASC [ RunTime:0.000372s ]
[ sql ] [ SQL ] SELECT * FROM `lizhili_pilot_list` WHERE  `fid` = 1  AND `isopen` = 1 ORDER BY `sort` ASC [ RunTime:0.000316s ]
[ sql ] [ SQL ] SELECT * FROM `lizhili_pilot_list` WHERE  `fid` = 2  AND `isopen` = 1 ORDER BY `sort` ASC [ RunTime:0.000352s ]
[ sql ] [ SQL ] SELECT * FROM `lizhili_pilot_list` WHERE  `fid` = 3  AND `isopen` = 1 ORDER BY `sort` ASC [ RunTime:0.000336s ]
[ sql ] [ SQL ] SELECT * FROM `lizhili_pilot_list` WHERE  `fid` = 4  AND `isopen` = 1 ORDER BY `sort` ASC [ RunTime:0.000332s ]
[ sql ] [ SQL ] SELECT * FROM `lizhili_pilot_list` WHERE  `fid` = 31  AND `isopen` = 1 ORDER BY `sort` ASC [ RunTime:0.000328s ]
[ sql ] [ SQL ] SELECT * FROM `lizhili_pilot_list` WHERE  `fid` = 5  AND `isopen` = 1 ORDER BY `sort` ASC [ RunTime:0.000308s ]
[ sql ] [ SQL ] SELECT * FROM `lizhili_pilot_list` WHERE  `fid` = 6  AND `isopen` = 1 ORDER BY `sort` ASC [ RunTime:0.000312s ]
[ sql ] [ SQL ] SELECT * FROM `lizhili_pilot_list` WHERE  `fid` = 24  AND `isopen` = 1 ORDER BY `sort` ASC [ RunTime:0.000307s ]
[ sql ] [ SQL ] SELECT * FROM `lizhili_pilot_list` WHERE  `fid` = 0  AND `pn_id` = 2  AND `isopen` = 1 ORDER BY `sort` ASC [ RunTime:0.000335s ]
[ sql ] [ SQL ] SELECT * FROM `lizhili_pilot_list` WHERE  `fid` = 8  AND `isopen` = 1 ORDER BY `sort` ASC [ RunTime:0.000315s ]
[ sql ] [ SQL ] SELECT * FROM `lizhili_pilot_list` WHERE  `fid` = 9  AND `isopen` = 1 ORDER BY `sort` ASC [ RunTime:0.000309s ]
[ sql ] [ SQL ] SELECT * FROM `lizhili_pilot_list` WHERE  `fid` = 10  AND `isopen` = 1 ORDER BY `sort` ASC [ RunTime:0.000314s ]
[ sql ] [ SQL ] SELECT * FROM `lizhili_pilot_list` WHERE  `fid` = 11  AND `isopen` = 1 ORDER BY `sort` ASC [ RunTime:0.000313s ]
[ sql ] [ SQL ] SELECT * FROM `lizhili_pilot_list` WHERE  `fid` = 12  AND `isopen` = 1 ORDER BY `sort` ASC [ RunTime:0.000312s ]
---------------------------------------------------------------

[2020-06-05T18:29:12+08:00] 127.0.0.1 GET thinkphpcms.com/manage.php/cate/index
[运行时间：0.059615s] [吞吐率：16.77req/s] [内存消耗：3,105.84kb] [文件加载：77]
[ info ] [ LANG ] D:\phpstudy_pro\WWW\thinkphpcms\thinkphp\lang\zh-cn.php
[ info ] [ BIND ] 'manage'
[ info ] [ ROUTE ] array (
  'rule' => 'cate/<id>',
  'route' => 'index/cate',
  'option' => 
  array (
    'merge_rule_regex' => false,
  ),
  'var' => 
  array (
    'id' => 'index',
  ),
)
[ info ] [ HEADER ] array (
  'cookie' => '__guid=51701228.1641357141932602600.1588816275384.601; PHPSESSID=qvh8l5kkqhjjaqi5lft16tqtvq; monitor_count=170',
  'accept-language' => 'zh-CN,zh;q=0.9',
  'accept-encoding' => 'gzip, deflate',
  'referer' => 'http://thinkphpcms.com/manage.php/index/index.html',
  'accept' => 'text/html,application/xhtml+xml,application/xml;q=0.9,image/webp,image/apng,*/*;q=0.8,application/signed-exchange;v=b3',
  'user-agent' => 'Mozilla/5.0 (Windows NT 10.0; WOW64) AppleWebKit/537.36 (KHTML, like Gecko) Chrome/78.0.3904.108 Safari/537.36',
  'upgrade-insecure-requests' => '1',
  'connection' => 'close',
  'host' => 'thinkphpcms.com',
)
[ info ] [ PARAM ] array (
  'id' => 'index',
)
[ info ] [ DB ] INIT mysql
[ sql ] [ DB ] CONNECT:[ UseTime:0.009713s ] mysql:host=127.0.0.1;dbname=thinkphpcms.com;charset=utf8
[ sql ] [ SQL ] SHOW COLUMNS FROM `lizhili_comment` [ RunTime:0.000669s ]
[ sql ] [ SQL ] SELECT COUNT(*) AS tp_count FROM `lizhili_comment` WHERE  `isopen` = -1 [ RunTime:0.000298s ]
[ sql ] [ SQL ] SHOW COLUMNS FROM `lizhili_message` [ RunTime:0.000552s ]
[ sql ] [ SQL ] SELECT COUNT(*) AS tp_count FROM `lizhili_message` WHERE  `isopen` = 0 [ RunTime:0.000312s ]
[ sql ] [ SQL ] SHOW COLUMNS FROM `lizhili_pilot_nav` [ RunTime:0.000542s ]
[ sql ] [ SQL ] SELECT * FROM `lizhili_pilot_nav` WHERE  `isopen` = 1 ORDER BY `sort` ASC [ RunTime:0.000318s ]
[ sql ] [ SQL ] SHOW COLUMNS FROM `lizhili_pilot_list` [ RunTime:0.000548s ]
[ sql ] [ SQL ] SELECT * FROM `lizhili_pilot_list` WHERE  `fid` = 0  AND `pn_id` = 1  AND `isopen` = 1 ORDER BY `sort` ASC [ RunTime:0.000450s ]
[ sql ] [ SQL ] SELECT * FROM `lizhili_pilot_list` WHERE  `fid` = 1  AND `isopen` = 1 ORDER BY `sort` ASC [ RunTime:0.000317s ]
[ sql ] [ SQL ] SELECT * FROM `lizhili_pilot_list` WHERE  `fid` = 2  AND `isopen` = 1 ORDER BY `sort` ASC [ RunTime:0.000322s ]
[ sql ] [ SQL ] SELECT * FROM `lizhili_pilot_list` WHERE  `fid` = 3  AND `isopen` = 1 ORDER BY `sort` ASC [ RunTime:0.000321s ]
[ sql ] [ SQL ] SELECT * FROM `lizhili_pilot_list` WHERE  `fid` = 4  AND `isopen` = 1 ORDER BY `sort` ASC [ RunTime:0.000329s ]
[ sql ] [ SQL ] SELECT * FROM `lizhili_pilot_list` WHERE  `fid` = 31  AND `isopen` = 1 ORDER BY `sort` ASC [ RunTime:0.000323s ]
[ sql ] [ SQL ] SELECT * FROM `lizhili_pilot_list` WHERE  `fid` = 5  AND `isopen` = 1 ORDER BY `sort` ASC [ RunTime:0.000306s ]
[ sql ] [ SQL ] SELECT * FROM `lizhili_pilot_list` WHERE  `fid` = 6  AND `isopen` = 1 ORDER BY `sort` ASC [ RunTime:0.000312s ]
[ sql ] [ SQL ] SELECT * FROM `lizhili_pilot_list` WHERE  `fid` = 24  AND `isopen` = 1 ORDER BY `sort` ASC [ RunTime:0.000305s ]
[ sql ] [ SQL ] SELECT * FROM `lizhili_pilot_list` WHERE  `fid` = 0  AND `pn_id` = 2  AND `isopen` = 1 ORDER BY `sort` ASC [ RunTime:0.000336s ]
[ sql ] [ SQL ] SELECT * FROM `lizhili_pilot_list` WHERE  `fid` = 8  AND `isopen` = 1 ORDER BY `sort` ASC [ RunTime:0.000315s ]
[ sql ] [ SQL ] SELECT * FROM `lizhili_pilot_list` WHERE  `fid` = 9  AND `isopen` = 1 ORDER BY `sort` ASC [ RunTime:0.000311s ]
[ sql ] [ SQL ] SELECT * FROM `lizhili_pilot_list` WHERE  `fid` = 10  AND `isopen` = 1 ORDER BY `sort` ASC [ RunTime:0.000317s ]
[ sql ] [ SQL ] SELECT * FROM `lizhili_pilot_list` WHERE  `fid` = 11  AND `isopen` = 1 ORDER BY `sort` ASC [ RunTime:0.000321s ]
[ sql ] [ SQL ] SELECT * FROM `lizhili_pilot_list` WHERE  `fid` = 12  AND `isopen` = 1 ORDER BY `sort` ASC [ RunTime:0.000312s ]
---------------------------------------------------------------

[2020-06-05T18:29:12+08:00] 127.0.0.1 GET thinkphpcms.com/manage.php/cate/index
[运行时间：0.051313s] [吞吐率：19.49req/s] [内存消耗：3,105.84kb] [文件加载：77]
[ info ] [ LANG ] D:\phpstudy_pro\WWW\thinkphpcms\thinkphp\lang\zh-cn.php
[ info ] [ BIND ] 'manage'
[ info ] [ ROUTE ] array (
  'rule' => 'cate/<id>',
  'route' => 'index/cate',
  'option' => 
  array (
    'merge_rule_regex' => false,
  ),
  'var' => 
  array (
    'id' => 'index',
  ),
)
[ info ] [ HEADER ] array (
  'cookie' => '__guid=51701228.1641357141932602600.1588816275384.601; PHPSESSID=qvh8l5kkqhjjaqi5lft16tqtvq; monitor_count=170',
  'accept-language' => 'zh-CN,zh;q=0.9',
  'accept-encoding' => 'gzip, deflate',
  'referer' => 'http://thinkphpcms.com/manage.php/index/index.html',
  'accept' => 'text/html,application/xhtml+xml,application/xml;q=0.9,image/webp,image/apng,*/*;q=0.8,application/signed-exchange;v=b3',
  'user-agent' => 'Mozilla/5.0 (Windows NT 10.0; WOW64) AppleWebKit/537.36 (KHTML, like Gecko) Chrome/78.0.3904.108 Safari/537.36',
  'upgrade-insecure-requests' => '1',
  'connection' => 'close',
  'host' => 'thinkphpcms.com',
)
[ info ] [ PARAM ] array (
  'id' => 'index',
)
[ info ] [ DB ] INIT mysql
[ sql ] [ DB ] CONNECT:[ UseTime:0.001566s ] mysql:host=127.0.0.1;dbname=thinkphpcms.com;charset=utf8
[ sql ] [ SQL ] SHOW COLUMNS FROM `lizhili_comment` [ RunTime:0.000648s ]
[ sql ] [ SQL ] SELECT COUNT(*) AS tp_count FROM `lizhili_comment` WHERE  `isopen` = -1 [ RunTime:0.000296s ]
[ sql ] [ SQL ] SHOW COLUMNS FROM `lizhili_message` [ RunTime:0.000582s ]
[ sql ] [ SQL ] SELECT COUNT(*) AS tp_count FROM `lizhili_message` WHERE  `isopen` = 0 [ RunTime:0.000287s ]
[ sql ] [ SQL ] SHOW COLUMNS FROM `lizhili_pilot_nav` [ RunTime:0.000545s ]
[ sql ] [ SQL ] SELECT * FROM `lizhili_pilot_nav` WHERE  `isopen` = 1 ORDER BY `sort` ASC [ RunTime:0.000313s ]
[ sql ] [ SQL ] SHOW COLUMNS FROM `lizhili_pilot_list` [ RunTime:0.000544s ]
[ sql ] [ SQL ] SELECT * FROM `lizhili_pilot_list` WHERE  `fid` = 0  AND `pn_id` = 1  AND `isopen` = 1 ORDER BY `sort` ASC [ RunTime:0.000362s ]
[ sql ] [ SQL ] SELECT * FROM `lizhili_pilot_list` WHERE  `fid` = 1  AND `isopen` = 1 ORDER BY `sort` ASC [ RunTime:0.000322s ]
[ sql ] [ SQL ] SELECT * FROM `lizhili_pilot_list` WHERE  `fid` = 2  AND `isopen` = 1 ORDER BY `sort` ASC [ RunTime:0.000317s ]
[ sql ] [ SQL ] SELECT * FROM `lizhili_pilot_list` WHERE  `fid` = 3  AND `isopen` = 1 ORDER BY `sort` ASC [ RunTime:0.000322s ]
[ sql ] [ SQL ] SELECT * FROM `lizhili_pilot_list` WHERE  `fid` = 4  AND `isopen` = 1 ORDER BY `sort` ASC [ RunTime:0.000328s ]
[ sql ] [ SQL ] SELECT * FROM `lizhili_pilot_list` WHERE  `fid` = 31  AND `isopen` = 1 ORDER BY `sort` ASC [ RunTime:0.000323s ]
[ sql ] [ SQL ] SELECT * FROM `lizhili_pilot_list` WHERE  `fid` = 5  AND `isopen` = 1 ORDER BY `sort` ASC [ RunTime:0.000308s ]
[ sql ] [ SQL ] SELECT * FROM `lizhili_pilot_list` WHERE  `fid` = 6  AND `isopen` = 1 ORDER BY `sort` ASC [ RunTime:0.000305s ]
[ sql ] [ SQL ] SELECT * FROM `lizhili_pilot_list` WHERE  `fid` = 24  AND `isopen` = 1 ORDER BY `sort` ASC [ RunTime:0.000305s ]
[ sql ] [ SQL ] SELECT * FROM `lizhili_pilot_list` WHERE  `fid` = 0  AND `pn_id` = 2  AND `isopen` = 1 ORDER BY `sort` ASC [ RunTime:0.000343s ]
[ sql ] [ SQL ] SELECT * FROM `lizhili_pilot_list` WHERE  `fid` = 8  AND `isopen` = 1 ORDER BY `sort` ASC [ RunTime:0.000326s ]
[ sql ] [ SQL ] SELECT * FROM `lizhili_pilot_list` WHERE  `fid` = 9  AND `isopen` = 1 ORDER BY `sort` ASC [ RunTime:0.000331s ]
[ sql ] [ SQL ] SELECT * FROM `lizhili_pilot_list` WHERE  `fid` = 10  AND `isopen` = 1 ORDER BY `sort` ASC [ RunTime:0.000332s ]
[ sql ] [ SQL ] SELECT * FROM `lizhili_pilot_list` WHERE  `fid` = 11  AND `isopen` = 1 ORDER BY `sort` ASC [ RunTime:0.000326s ]
[ sql ] [ SQL ] SELECT * FROM `lizhili_pilot_list` WHERE  `fid` = 12  AND `isopen` = 1 ORDER BY `sort` ASC [ RunTime:0.000359s ]
---------------------------------------------------------------

[2020-06-05T18:29:12+08:00] 127.0.0.1 GET thinkphpcms.com/manage.php/cate/index
[运行时间：0.051877s] [吞吐率：19.28req/s] [内存消耗：3,105.94kb] [文件加载：77]
[ info ] [ LANG ] D:\phpstudy_pro\WWW\thinkphpcms\thinkphp\lang\zh-cn.php
[ info ] [ BIND ] 'manage'
[ info ] [ ROUTE ] array (
  'rule' => 'cate/<id>',
  'route' => 'index/cate',
  'option' => 
  array (
    'merge_rule_regex' => false,
  ),
  'var' => 
  array (
    'id' => 'index',
  ),
)
[ info ] [ HEADER ] array (
  'cookie' => '__guid=51701228.1641357141932602600.1588816275384.601; PHPSESSID=qvh8l5kkqhjjaqi5lft16tqtvq; monitor_count=170',
  'accept-language' => 'zh-CN,zh;q=0.9',
  'accept-encoding' => 'gzip, deflate',
  'referer' => 'http://thinkphpcms.com/manage.php/index/index.html',
  'accept' => 'text/html,application/xhtml+xml,application/xml;q=0.9,image/webp,image/apng,*/*;q=0.8,application/signed-exchange;v=b3',
  'user-agent' => 'Mozilla/5.0 (Windows NT 10.0; WOW64) AppleWebKit/537.36 (KHTML, like Gecko) Chrome/78.0.3904.108 Safari/537.36',
  'upgrade-insecure-requests' => '1',
  'connection' => 'close',
  'host' => 'thinkphpcms.com',
)
[ info ] [ PARAM ] array (
  'id' => 'index',
)
[ info ] [ DB ] INIT mysql
[ sql ] [ DB ] CONNECT:[ UseTime:0.001618s ] mysql:host=127.0.0.1;dbname=thinkphpcms.com;charset=utf8
[ sql ] [ SQL ] SHOW COLUMNS FROM `lizhili_comment` [ RunTime:0.000645s ]
[ sql ] [ SQL ] SELECT COUNT(*) AS tp_count FROM `lizhili_comment` WHERE  `isopen` = -1 [ RunTime:0.000319s ]
[ sql ] [ SQL ] SHOW COLUMNS FROM `lizhili_message` [ RunTime:0.000565s ]
[ sql ] [ SQL ] SELECT COUNT(*) AS tp_count FROM `lizhili_message` WHERE  `isopen` = 0 [ RunTime:0.000281s ]
[ sql ] [ SQL ] SHOW COLUMNS FROM `lizhili_pilot_nav` [ RunTime:0.000543s ]
[ sql ] [ SQL ] SELECT * FROM `lizhili_pilot_nav` WHERE  `isopen` = 1 ORDER BY `sort` ASC [ RunTime:0.000332s ]
[ sql ] [ SQL ] SHOW COLUMNS FROM `lizhili_pilot_list` [ RunTime:0.000553s ]
[ sql ] [ SQL ] SELECT * FROM `lizhili_pilot_list` WHERE  `fid` = 0  AND `pn_id` = 1  AND `isopen` = 1 ORDER BY `sort` ASC [ RunTime:0.000390s ]
[ sql ] [ SQL ] SELECT * FROM `lizhili_pilot_list` WHERE  `fid` = 1  AND `isopen` = 1 ORDER BY `sort` ASC [ RunTime:0.000335s ]
[ sql ] [ SQL ] SELECT * FROM `lizhili_pilot_list` WHERE  `fid` = 2  AND `isopen` = 1 ORDER BY `sort` ASC [ RunTime:0.000336s ]
[ sql ] [ SQL ] SELECT * FROM `lizhili_pilot_list` WHERE  `fid` = 3  AND `isopen` = 1 ORDER BY `sort` ASC [ RunTime:0.000339s ]
[ sql ] [ SQL ] SELECT * FROM `lizhili_pilot_list` WHERE  `fid` = 4  AND `isopen` = 1 ORDER BY `sort` ASC [ RunTime:0.000350s ]
[ sql ] [ SQL ] SELECT * FROM `lizhili_pilot_list` WHERE  `fid` = 31  AND `isopen` = 1 ORDER BY `sort` ASC [ RunTime:0.000332s ]
[ sql ] [ SQL ] SELECT * FROM `lizhili_pilot_list` WHERE  `fid` = 5  AND `isopen` = 1 ORDER BY `sort` ASC [ RunTime:0.000307s ]
[ sql ] [ SQL ] SELECT * FROM `lizhili_pilot_list` WHERE  `fid` = 6  AND `isopen` = 1 ORDER BY `sort` ASC [ RunTime:0.000312s ]
[ sql ] [ SQL ] SELECT * FROM `lizhili_pilot_list` WHERE  `fid` = 24  AND `isopen` = 1 ORDER BY `sort` ASC [ RunTime:0.000307s ]
[ sql ] [ SQL ] SELECT * FROM `lizhili_pilot_list` WHERE  `fid` = 0  AND `pn_id` = 2  AND `isopen` = 1 ORDER BY `sort` ASC [ RunTime:0.000343s ]
[ sql ] [ SQL ] SELECT * FROM `lizhili_pilot_list` WHERE  `fid` = 8  AND `isopen` = 1 ORDER BY `sort` ASC [ RunTime:0.000315s ]
[ sql ] [ SQL ] SELECT * FROM `lizhili_pilot_list` WHERE  `fid` = 9  AND `isopen` = 1 ORDER BY `sort` ASC [ RunTime:0.000314s ]
[ sql ] [ SQL ] SELECT * FROM `lizhili_pilot_list` WHERE  `fid` = 10  AND `isopen` = 1 ORDER BY `sort` ASC [ RunTime:0.000332s ]
[ sql ] [ SQL ] SELECT * FROM `lizhili_pilot_list` WHERE  `fid` = 11  AND `isopen` = 1 ORDER BY `sort` ASC [ RunTime:0.000504s ]
[ sql ] [ SQL ] SELECT * FROM `lizhili_pilot_list` WHERE  `fid` = 12  AND `isopen` = 1 ORDER BY `sort` ASC [ RunTime:0.000329s ]
---------------------------------------------------------------

[2020-06-05T18:29:13+08:00] 127.0.0.1 GET thinkphpcms.com/manage.php/cate/index
[运行时间：0.059514s] [吞吐率：16.80req/s] [内存消耗：3,105.84kb] [文件加载：77]
[ info ] [ LANG ] D:\phpstudy_pro\WWW\thinkphpcms\thinkphp\lang\zh-cn.php
[ info ] [ BIND ] 'manage'
[ info ] [ ROUTE ] array (
  'rule' => 'cate/<id>',
  'route' => 'index/cate',
  'option' => 
  array (
    'merge_rule_regex' => false,
  ),
  'var' => 
  array (
    'id' => 'index',
  ),
)
[ info ] [ HEADER ] array (
  'cookie' => '__guid=51701228.1641357141932602600.1588816275384.601; PHPSESSID=qvh8l5kkqhjjaqi5lft16tqtvq; monitor_count=170',
  'accept-language' => 'zh-CN,zh;q=0.9',
  'accept-encoding' => 'gzip, deflate',
  'referer' => 'http://thinkphpcms.com/manage.php/index/index.html',
  'accept' => 'text/html,application/xhtml+xml,application/xml;q=0.9,image/webp,image/apng,*/*;q=0.8,application/signed-exchange;v=b3',
  'user-agent' => 'Mozilla/5.0 (Windows NT 10.0; WOW64) AppleWebKit/537.36 (KHTML, like Gecko) Chrome/78.0.3904.108 Safari/537.36',
  'upgrade-insecure-requests' => '1',
  'connection' => 'close',
  'host' => 'thinkphpcms.com',
)
[ info ] [ PARAM ] array (
  'id' => 'index',
)
[ info ] [ DB ] INIT mysql
[ sql ] [ DB ] CONNECT:[ UseTime:0.010596s ] mysql:host=127.0.0.1;dbname=thinkphpcms.com;charset=utf8
[ sql ] [ SQL ] SHOW COLUMNS FROM `lizhili_comment` [ RunTime:0.000678s ]
[ sql ] [ SQL ] SELECT COUNT(*) AS tp_count FROM `lizhili_comment` WHERE  `isopen` = -1 [ RunTime:0.000298s ]
[ sql ] [ SQL ] SHOW COLUMNS FROM `lizhili_message` [ RunTime:0.000553s ]
[ sql ] [ SQL ] SELECT COUNT(*) AS tp_count FROM `lizhili_message` WHERE  `isopen` = 0 [ RunTime:0.000269s ]
[ sql ] [ SQL ] SHOW COLUMNS FROM `lizhili_pilot_nav` [ RunTime:0.000532s ]
[ sql ] [ SQL ] SELECT * FROM `lizhili_pilot_nav` WHERE  `isopen` = 1 ORDER BY `sort` ASC [ RunTime:0.000317s ]
[ sql ] [ SQL ] SHOW COLUMNS FROM `lizhili_pilot_list` [ RunTime:0.000544s ]
[ sql ] [ SQL ] SELECT * FROM `lizhili_pilot_list` WHERE  `fid` = 0  AND `pn_id` = 1  AND `isopen` = 1 ORDER BY `sort` ASC [ RunTime:0.000364s ]
[ sql ] [ SQL ] SELECT * FROM `lizhili_pilot_list` WHERE  `fid` = 1  AND `isopen` = 1 ORDER BY `sort` ASC [ RunTime:0.000319s ]
[ sql ] [ SQL ] SELECT * FROM `lizhili_pilot_list` WHERE  `fid` = 2  AND `isopen` = 1 ORDER BY `sort` ASC [ RunTime:0.000322s ]
[ sql ] [ SQL ] SELECT * FROM `lizhili_pilot_list` WHERE  `fid` = 3  AND `isopen` = 1 ORDER BY `sort` ASC [ RunTime:0.000325s ]
[ sql ] [ SQL ] SELECT * FROM `lizhili_pilot_list` WHERE  `fid` = 4  AND `isopen` = 1 ORDER BY `sort` ASC [ RunTime:0.000365s ]
[ sql ] [ SQL ] SELECT * FROM `lizhili_pilot_list` WHERE  `fid` = 31  AND `isopen` = 1 ORDER BY `sort` ASC [ RunTime:0.000340s ]
[ sql ] [ SQL ] SELECT * FROM `lizhili_pilot_list` WHERE  `fid` = 5  AND `isopen` = 1 ORDER BY `sort` ASC [ RunTime:0.000307s ]
[ sql ] [ SQL ] SELECT * FROM `lizhili_pilot_list` WHERE  `fid` = 6  AND `isopen` = 1 ORDER BY `sort` ASC [ RunTime:0.000314s ]
[ sql ] [ SQL ] SELECT * FROM `lizhili_pilot_list` WHERE  `fid` = 24  AND `isopen` = 1 ORDER BY `sort` ASC [ RunTime:0.000305s ]
[ sql ] [ SQL ] SELECT * FROM `lizhili_pilot_list` WHERE  `fid` = 0  AND `pn_id` = 2  AND `isopen` = 1 ORDER BY `sort` ASC [ RunTime:0.000336s ]
[ sql ] [ SQL ] SELECT * FROM `lizhili_pilot_list` WHERE  `fid` = 8  AND `isopen` = 1 ORDER BY `sort` ASC [ RunTime:0.000314s ]
[ sql ] [ SQL ] SELECT * FROM `lizhili_pilot_list` WHERE  `fid` = 9  AND `isopen` = 1 ORDER BY `sort` ASC [ RunTime:0.000312s ]
[ sql ] [ SQL ] SELECT * FROM `lizhili_pilot_list` WHERE  `fid` = 10  AND `isopen` = 1 ORDER BY `sort` ASC [ RunTime:0.000321s ]
[ sql ] [ SQL ] SELECT * FROM `lizhili_pilot_list` WHERE  `fid` = 11  AND `isopen` = 1 ORDER BY `sort` ASC [ RunTime:0.000314s ]
[ sql ] [ SQL ] SELECT * FROM `lizhili_pilot_list` WHERE  `fid` = 12  AND `isopen` = 1 ORDER BY `sort` ASC [ RunTime:0.000313s ]
---------------------------------------------------------------

[2020-06-05T18:29:13+08:00] 127.0.0.1 GET thinkphpcms.com/manage.php/cate/index
[运行时间：0.059355s] [吞吐率：16.85req/s] [内存消耗：3,105.86kb] [文件加载：77]
[ info ] [ LANG ] D:\phpstudy_pro\WWW\thinkphpcms\thinkphp\lang\zh-cn.php
[ info ] [ BIND ] 'manage'
[ info ] [ ROUTE ] array (
  'rule' => 'cate/<id>',
  'route' => 'index/cate',
  'option' => 
  array (
    'merge_rule_regex' => false,
  ),
  'var' => 
  array (
    'id' => 'index',
  ),
)
[ info ] [ HEADER ] array (
  'cookie' => '__guid=51701228.1641357141932602600.1588816275384.601; PHPSESSID=qvh8l5kkqhjjaqi5lft16tqtvq; monitor_count=170',
  'accept-language' => 'zh-CN,zh;q=0.9',
  'accept-encoding' => 'gzip, deflate',
  'referer' => 'http://thinkphpcms.com/manage.php/index/index.html',
  'accept' => 'text/html,application/xhtml+xml,application/xml;q=0.9,image/webp,image/apng,*/*;q=0.8,application/signed-exchange;v=b3',
  'user-agent' => 'Mozilla/5.0 (Windows NT 10.0; WOW64) AppleWebKit/537.36 (KHTML, like Gecko) Chrome/78.0.3904.108 Safari/537.36',
  'upgrade-insecure-requests' => '1',
  'connection' => 'close',
  'host' => 'thinkphpcms.com',
)
[ info ] [ PARAM ] array (
  'id' => 'index',
)
[ info ] [ DB ] INIT mysql
[ sql ] [ DB ] CONNECT:[ UseTime:0.010415s ] mysql:host=127.0.0.1;dbname=thinkphpcms.com;charset=utf8
[ sql ] [ SQL ] SHOW COLUMNS FROM `lizhili_comment` [ RunTime:0.000647s ]
[ sql ] [ SQL ] SELECT COUNT(*) AS tp_count FROM `lizhili_comment` WHERE  `isopen` = -1 [ RunTime:0.000296s ]
[ sql ] [ SQL ] SHOW COLUMNS FROM `lizhili_message` [ RunTime:0.000550s ]
[ sql ] [ SQL ] SELECT COUNT(*) AS tp_count FROM `lizhili_message` WHERE  `isopen` = 0 [ RunTime:0.000280s ]
[ sql ] [ SQL ] SHOW COLUMNS FROM `lizhili_pilot_nav` [ RunTime:0.000525s ]
[ sql ] [ SQL ] SELECT * FROM `lizhili_pilot_nav` WHERE  `isopen` = 1 ORDER BY `sort` ASC [ RunTime:0.000330s ]
[ sql ] [ SQL ] SHOW COLUMNS FROM `lizhili_pilot_list` [ RunTime:0.000539s ]
[ sql ] [ SQL ] SELECT * FROM `lizhili_pilot_list` WHERE  `fid` = 0  AND `pn_id` = 1  AND `isopen` = 1 ORDER BY `sort` ASC [ RunTime:0.000379s ]
[ sql ] [ SQL ] SELECT * FROM `lizhili_pilot_list` WHERE  `fid` = 1  AND `isopen` = 1 ORDER BY `sort` ASC [ RunTime:0.000314s ]
[ sql ] [ SQL ] SELECT * FROM `lizhili_pilot_list` WHERE  `fid` = 2  AND `isopen` = 1 ORDER BY `sort` ASC [ RunTime:0.000335s ]
[ sql ] [ SQL ] SELECT * FROM `lizhili_pilot_list` WHERE  `fid` = 3  AND `isopen` = 1 ORDER BY `sort` ASC [ RunTime:0.000329s ]
[ sql ] [ SQL ] SELECT * FROM `lizhili_pilot_list` WHERE  `fid` = 4  AND `isopen` = 1 ORDER BY `sort` ASC [ RunTime:0.000325s ]
[ sql ] [ SQL ] SELECT * FROM `lizhili_pilot_list` WHERE  `fid` = 31  AND `isopen` = 1 ORDER BY `sort` ASC [ RunTime:0.000365s ]
[ sql ] [ SQL ] SELECT * FROM `lizhili_pilot_list` WHERE  `fid` = 5  AND `isopen` = 1 ORDER BY `sort` ASC [ RunTime:0.000311s ]
[ sql ] [ SQL ] SELECT * FROM `lizhili_pilot_list` WHERE  `fid` = 6  AND `isopen` = 1 ORDER BY `sort` ASC [ RunTime:0.000326s ]
[ sql ] [ SQL ] SELECT * FROM `lizhili_pilot_list` WHERE  `fid` = 24  AND `isopen` = 1 ORDER BY `sort` ASC [ RunTime:0.000303s ]
[ sql ] [ SQL ] SELECT * FROM `lizhili_pilot_list` WHERE  `fid` = 0  AND `pn_id` = 2  AND `isopen` = 1 ORDER BY `sort` ASC [ RunTime:0.000333s ]
[ sql ] [ SQL ] SELECT * FROM `lizhili_pilot_list` WHERE  `fid` = 8  AND `isopen` = 1 ORDER BY `sort` ASC [ RunTime:0.000311s ]
[ sql ] [ SQL ] SELECT * FROM `lizhili_pilot_list` WHERE  `fid` = 9  AND `isopen` = 1 ORDER BY `sort` ASC [ RunTime:0.000309s ]
[ sql ] [ SQL ] SELECT * FROM `lizhili_pilot_list` WHERE  `fid` = 10  AND `isopen` = 1 ORDER BY `sort` ASC [ RunTime:0.000317s ]
[ sql ] [ SQL ] SELECT * FROM `lizhili_pilot_list` WHERE  `fid` = 11  AND `isopen` = 1 ORDER BY `sort` ASC [ RunTime:0.000321s ]
[ sql ] [ SQL ] SELECT * FROM `lizhili_pilot_list` WHERE  `fid` = 12  AND `isopen` = 1 ORDER BY `sort` ASC [ RunTime:0.000310s ]
---------------------------------------------------------------

[2020-06-05T18:30:01+08:00] 127.0.0.1 GET thinkphpcms.com/manage.php/cate/index
[运行时间：0.059743s] [吞吐率：16.74req/s] [内存消耗：3,105.86kb] [文件加载：77]
[ info ] [ LANG ] D:\phpstudy_pro\WWW\thinkphpcms\thinkphp\lang\zh-cn.php
[ info ] [ BIND ] 'manage'
[ info ] [ ROUTE ] array (
  'rule' => 'cate/<id>',
  'route' => 'index/cate',
  'option' => 
  array (
    'merge_rule_regex' => false,
  ),
  'var' => 
  array (
    'id' => 'index',
  ),
)
[ info ] [ HEADER ] array (
  'cookie' => '__guid=51701228.1641357141932602600.1588816275384.601; PHPSESSID=qvh8l5kkqhjjaqi5lft16tqtvq; monitor_count=170',
  'accept-language' => 'zh-CN,zh;q=0.9',
  'accept-encoding' => 'gzip, deflate',
  'referer' => 'http://thinkphpcms.com/manage.php/index/index.html',
  'accept' => 'text/html,application/xhtml+xml,application/xml;q=0.9,image/webp,image/apng,*/*;q=0.8,application/signed-exchange;v=b3',
  'user-agent' => 'Mozilla/5.0 (Windows NT 10.0; WOW64) AppleWebKit/537.36 (KHTML, like Gecko) Chrome/78.0.3904.108 Safari/537.36',
  'upgrade-insecure-requests' => '1',
  'connection' => 'close',
  'host' => 'thinkphpcms.com',
)
[ info ] [ PARAM ] array (
  'id' => 'index',
)
[ info ] [ DB ] INIT mysql
[ sql ] [ DB ] CONNECT:[ UseTime:0.010133s ] mysql:host=127.0.0.1;dbname=thinkphpcms.com;charset=utf8
[ sql ] [ SQL ] SHOW COLUMNS FROM `lizhili_comment` [ RunTime:0.000700s ]
[ sql ] [ SQL ] SELECT COUNT(*) AS tp_count FROM `lizhili_comment` WHERE  `isopen` = -1 [ RunTime:0.000302s ]
[ sql ] [ SQL ] SHOW COLUMNS FROM `lizhili_message` [ RunTime:0.000554s ]
[ sql ] [ SQL ] SELECT COUNT(*) AS tp_count FROM `lizhili_message` WHERE  `isopen` = 0 [ RunTime:0.000267s ]
[ sql ] [ SQL ] SHOW COLUMNS FROM `lizhili_pilot_nav` [ RunTime:0.000528s ]
[ sql ] [ SQL ] SELECT * FROM `lizhili_pilot_nav` WHERE  `isopen` = 1 ORDER BY `sort` ASC [ RunTime:0.000321s ]
[ sql ] [ SQL ] SHOW COLUMNS FROM `lizhili_pilot_list` [ RunTime:0.000549s ]
[ sql ] [ SQL ] SELECT * FROM `lizhili_pilot_list` WHERE  `fid` = 0  AND `pn_id` = 1  AND `isopen` = 1 ORDER BY `sort` ASC [ RunTime:0.000367s ]
[ sql ] [ SQL ] SELECT * FROM `lizhili_pilot_list` WHERE  `fid` = 1  AND `isopen` = 1 ORDER BY `sort` ASC [ RunTime:0.000323s ]
[ sql ] [ SQL ] SELECT * FROM `lizhili_pilot_list` WHERE  `fid` = 2  AND `isopen` = 1 ORDER BY `sort` ASC [ RunTime:0.000329s ]
[ sql ] [ SQL ] SELECT * FROM `lizhili_pilot_list` WHERE  `fid` = 3  AND `isopen` = 1 ORDER BY `sort` ASC [ RunTime:0.000374s ]
[ sql ] [ SQL ] SELECT * FROM `lizhili_pilot_list` WHERE  `fid` = 4  AND `isopen` = 1 ORDER BY `sort` ASC [ RunTime:0.000335s ]
[ sql ] [ SQL ] SELECT * FROM `lizhili_pilot_list` WHERE  `fid` = 31  AND `isopen` = 1 ORDER BY `sort` ASC [ RunTime:0.000337s ]
[ sql ] [ SQL ] SELECT * FROM `lizhili_pilot_list` WHERE  `fid` = 5  AND `isopen` = 1 ORDER BY `sort` ASC [ RunTime:0.000310s ]
[ sql ] [ SQL ] SELECT * FROM `lizhili_pilot_list` WHERE  `fid` = 6  AND `isopen` = 1 ORDER BY `sort` ASC [ RunTime:0.000309s ]
[ sql ] [ SQL ] SELECT * FROM `lizhili_pilot_list` WHERE  `fid` = 24  AND `isopen` = 1 ORDER BY `sort` ASC [ RunTime:0.000310s ]
[ sql ] [ SQL ] SELECT * FROM `lizhili_pilot_list` WHERE  `fid` = 0  AND `pn_id` = 2  AND `isopen` = 1 ORDER BY `sort` ASC [ RunTime:0.000337s ]
[ sql ] [ SQL ] SELECT * FROM `lizhili_pilot_list` WHERE  `fid` = 8  AND `isopen` = 1 ORDER BY `sort` ASC [ RunTime:0.000317s ]
[ sql ] [ SQL ] SELECT * FROM `lizhili_pilot_list` WHERE  `fid` = 9  AND `isopen` = 1 ORDER BY `sort` ASC [ RunTime:0.000314s ]
[ sql ] [ SQL ] SELECT * FROM `lizhili_pilot_list` WHERE  `fid` = 10  AND `isopen` = 1 ORDER BY `sort` ASC [ RunTime:0.000321s ]
[ sql ] [ SQL ] SELECT * FROM `lizhili_pilot_list` WHERE  `fid` = 11  AND `isopen` = 1 ORDER BY `sort` ASC [ RunTime:0.000315s ]
[ sql ] [ SQL ] SELECT * FROM `lizhili_pilot_list` WHERE  `fid` = 12  AND `isopen` = 1 ORDER BY `sort` ASC [ RunTime:0.000317s ]
---------------------------------------------------------------

[2020-06-05T18:30:09+08:00] 127.0.0.1 GET thinkphpcms.com/manage.php/cate
[运行时间：0.067447s] [吞吐率：14.83req/s] [内存消耗：3,798.12kb] [文件加载：89]
[ info ] [ LANG ] D:\phpstudy_pro\WWW\thinkphpcms\thinkphp\lang\zh-cn.php
[ info ] [ BIND ] 'manage'
[ info ] [ ROUTE ] array (
)
[ info ] [ HEADER ] array (
  'cookie' => '__guid=51701228.1641357141932602600.1588816275384.601; PHPSESSID=qvh8l5kkqhjjaqi5lft16tqtvq; monitor_count=170',
  'accept-language' => 'zh-CN,zh;q=0.9',
  'accept-encoding' => 'gzip, deflate',
  'accept' => 'text/html,application/xhtml+xml,application/xml;q=0.9,image/webp,image/apng,*/*;q=0.8,application/signed-exchange;v=b3',
  'user-agent' => 'Mozilla/5.0 (Windows NT 10.0; WOW64) AppleWebKit/537.36 (KHTML, like Gecko) Chrome/78.0.3904.108 Safari/537.36',
  'upgrade-insecure-requests' => '1',
  'connection' => 'close',
  'host' => 'thinkphpcms.com',
)
[ info ] [ PARAM ] array (
)
[ info ] [ DB ] INIT mysql
[ info ] [ DB ] INIT mysql
[ info ] [ VIEW ] D:\phpstudy_pro\WWW\thinkphpcms\application\manage\view\cate\index.html [ array (
  0 => 'comment',
  1 => 'message',
  2 => 'pilot_nav',
  3 => 'pilot_list',
  4 => 'datasort',
  5 => 'count1',
) ]
[ sql ] [ DB ] CONNECT:[ UseTime:0.001623s ] mysql:host=127.0.0.1;dbname=thinkphpcms.com;charset=utf8
[ sql ] [ SQL ] SHOW COLUMNS FROM `lizhili_comment` [ RunTime:0.000665s ]
[ sql ] [ SQL ] SELECT COUNT(*) AS tp_count FROM `lizhili_comment` WHERE  `isopen` = -1 [ RunTime:0.000300s ]
[ sql ] [ SQL ] SHOW COLUMNS FROM `lizhili_message` [ RunTime:0.000601s ]
[ sql ] [ SQL ] SELECT COUNT(*) AS tp_count FROM `lizhili_message` WHERE  `isopen` = 0 [ RunTime:0.000289s ]
[ sql ] [ SQL ] SHOW COLUMNS FROM `lizhili_pilot_nav` [ RunTime:0.000549s ]
[ sql ] [ SQL ] SELECT * FROM `lizhili_pilot_nav` WHERE  `isopen` = 1 ORDER BY `sort` ASC [ RunTime:0.000374s ]
[ sql ] [ SQL ] SHOW COLUMNS FROM `lizhili_pilot_list` [ RunTime:0.000571s ]
[ sql ] [ SQL ] SELECT * FROM `lizhili_pilot_list` WHERE  `fid` = 0  AND `pn_id` = 1  AND `isopen` = 1 ORDER BY `sort` ASC [ RunTime:0.000368s ]
[ sql ] [ SQL ] SELECT * FROM `lizhili_pilot_list` WHERE  `fid` = 1  AND `isopen` = 1 ORDER BY `sort` ASC [ RunTime:0.000339s ]
[ sql ] [ SQL ] SELECT * FROM `lizhili_pilot_list` WHERE  `fid` = 2  AND `isopen` = 1 ORDER BY `sort` ASC [ RunTime:0.000319s ]
[ sql ] [ SQL ] SELECT * FROM `lizhili_pilot_list` WHERE  `fid` = 3  AND `isopen` = 1 ORDER BY `sort` ASC [ RunTime:0.000338s ]
[ sql ] [ SQL ] SELECT * FROM `lizhili_pilot_list` WHERE  `fid` = 4  AND `isopen` = 1 ORDER BY `sort` ASC [ RunTime:0.000328s ]
[ sql ] [ SQL ] SELECT * FROM `lizhili_pilot_list` WHERE  `fid` = 31  AND `isopen` = 1 ORDER BY `sort` ASC [ RunTime:0.000321s ]
[ sql ] [ SQL ] SELECT * FROM `lizhili_pilot_list` WHERE  `fid` = 5  AND `isopen` = 1 ORDER BY `sort` ASC [ RunTime:0.000319s ]
[ sql ] [ SQL ] SELECT * FROM `lizhili_pilot_list` WHERE  `fid` = 6  AND `isopen` = 1 ORDER BY `sort` ASC [ RunTime:0.000311s ]
[ sql ] [ SQL ] SELECT * FROM `lizhili_pilot_list` WHERE  `fid` = 24  AND `isopen` = 1 ORDER BY `sort` ASC [ RunTime:0.000304s ]
[ sql ] [ SQL ] SELECT * FROM `lizhili_pilot_list` WHERE  `fid` = 0  AND `pn_id` = 2  AND `isopen` = 1 ORDER BY `sort` ASC [ RunTime:0.000337s ]
[ sql ] [ SQL ] SELECT * FROM `lizhili_pilot_list` WHERE  `fid` = 8  AND `isopen` = 1 ORDER BY `sort` ASC [ RunTime:0.000314s ]
[ sql ] [ SQL ] SELECT * FROM `lizhili_pilot_list` WHERE  `fid` = 9  AND `isopen` = 1 ORDER BY `sort` ASC [ RunTime:0.000317s ]
[ sql ] [ SQL ] SELECT * FROM `lizhili_pilot_list` WHERE  `fid` = 10  AND `isopen` = 1 ORDER BY `sort` ASC [ RunTime:0.000317s ]
[ sql ] [ SQL ] SELECT * FROM `lizhili_pilot_list` WHERE  `fid` = 11  AND `isopen` = 1 ORDER BY `sort` ASC [ RunTime:0.000312s ]
[ sql ] [ SQL ] SELECT * FROM `lizhili_pilot_list` WHERE  `fid` = 12  AND `isopen` = 1 ORDER BY `sort` ASC [ RunTime:0.000316s ]
[ sql ] [ SQL ] SHOW COLUMNS FROM `lizhili_cate` [ RunTime:0.001255s ]
[ sql ] [ SQL ] SELECT * FROM `lizhili_cate` ORDER BY `sort` ASC [ RunTime:0.000283s ]
[ sql ] [ DB ] CONNECT:[ UseTime:0.001490s ] mysql:host=127.0.0.1;dbname=thinkphpcms.com;charset=utf8
[ sql ] [ SQL ] SELECT COUNT(*) AS tp_count FROM `lizhili_cate` [ RunTime:0.000907s ]
---------------------------------------------------------------

[2020-06-05T18:30:18+08:00] 127.0.0.1 GET thinkphpcms.com/manage.php/cate/index
[运行时间：0.054120s] [吞吐率：18.48req/s] [内存消耗：3,105.05kb] [文件加载：77]
[ info ] [ LANG ] D:\phpstudy_pro\WWW\thinkphpcms\thinkphp\lang\zh-cn.php
[ info ] [ BIND ] 'manage'
[ info ] [ ROUTE ] array (
  'rule' => 'cate/<id>',
  'route' => 'index/cate',
  'option' => 
  array (
    'merge_rule_regex' => false,
  ),
  'var' => 
  array (
    'id' => 'index',
  ),
)
[ info ] [ HEADER ] array (
  'cookie' => '__guid=51701228.1641357141932602600.1588816275384.601; PHPSESSID=qvh8l5kkqhjjaqi5lft16tqtvq; monitor_count=171',
  'accept-language' => 'zh-CN,zh;q=0.9',
  'accept-encoding' => 'gzip, deflate',
  'accept' => 'text/html,application/xhtml+xml,application/xml;q=0.9,image/webp,image/apng,*/*;q=0.8,application/signed-exchange;v=b3',
  'user-agent' => 'Mozilla/5.0 (Windows NT 10.0; WOW64) AppleWebKit/537.36 (KHTML, like Gecko) Chrome/78.0.3904.108 Safari/537.36',
  'upgrade-insecure-requests' => '1',
  'connection' => 'close',
  'host' => 'thinkphpcms.com',
)
[ info ] [ PARAM ] array (
  'id' => 'index',
)
[ info ] [ DB ] INIT mysql
[ sql ] [ DB ] CONNECT:[ UseTime:0.001651s ] mysql:host=127.0.0.1;dbname=thinkphpcms.com;charset=utf8
[ sql ] [ SQL ] SHOW COLUMNS FROM `lizhili_comment` [ RunTime:0.000659s ]
[ sql ] [ SQL ] SELECT COUNT(*) AS tp_count FROM `lizhili_comment` WHERE  `isopen` = -1 [ RunTime:0.000297s ]
[ sql ] [ SQL ] SHOW COLUMNS FROM `lizhili_message` [ RunTime:0.000634s ]
[ sql ] [ SQL ] SELECT COUNT(*) AS tp_count FROM `lizhili_message` WHERE  `isopen` = 0 [ RunTime:0.000270s ]
[ sql ] [ SQL ] SHOW COLUMNS FROM `lizhili_pilot_nav` [ RunTime:0.000545s ]
[ sql ] [ SQL ] SELECT * FROM `lizhili_pilot_nav` WHERE  `isopen` = 1 ORDER BY `sort` ASC [ RunTime:0.000317s ]
[ sql ] [ SQL ] SHOW COLUMNS FROM `lizhili_pilot_list` [ RunTime:0.000545s ]
[ sql ] [ SQL ] SELECT * FROM `lizhili_pilot_list` WHERE  `fid` = 0  AND `pn_id` = 1  AND `isopen` = 1 ORDER BY `sort` ASC [ RunTime:0.000364s ]
[ sql ] [ SQL ] SELECT * FROM `lizhili_pilot_list` WHERE  `fid` = 1  AND `isopen` = 1 ORDER BY `sort` ASC [ RunTime:0.000317s ]
[ sql ] [ SQL ] SELECT * FROM `lizhili_pilot_list` WHERE  `fid` = 2  AND `isopen` = 1 ORDER BY `sort` ASC [ RunTime:0.000366s ]
[ sql ] [ SQL ] SELECT * FROM `lizhili_pilot_list` WHERE  `fid` = 3  AND `isopen` = 1 ORDER BY `sort` ASC [ RunTime:0.000327s ]
[ sql ] [ SQL ] SELECT * FROM `lizhili_pilot_list` WHERE  `fid` = 4  AND `isopen` = 1 ORDER BY `sort` ASC [ RunTime:0.000332s ]
[ sql ] [ SQL ] SELECT * FROM `lizhili_pilot_list` WHERE  `fid` = 31  AND `isopen` = 1 ORDER BY `sort` ASC [ RunTime:0.000325s ]
[ sql ] [ SQL ] SELECT * FROM `lizhili_pilot_list` WHERE  `fid` = 5  AND `isopen` = 1 ORDER BY `sort` ASC [ RunTime:0.000308s ]
[ sql ] [ SQL ] SELECT * FROM `lizhili_pilot_list` WHERE  `fid` = 6  AND `isopen` = 1 ORDER BY `sort` ASC [ RunTime:0.000307s ]
[ sql ] [ SQL ] SELECT * FROM `lizhili_pilot_list` WHERE  `fid` = 24  AND `isopen` = 1 ORDER BY `sort` ASC [ RunTime:0.000304s ]
[ sql ] [ SQL ] SELECT * FROM `lizhili_pilot_list` WHERE  `fid` = 0  AND `pn_id` = 2  AND `isopen` = 1 ORDER BY `sort` ASC [ RunTime:0.000343s ]
[ sql ] [ SQL ] SELECT * FROM `lizhili_pilot_list` WHERE  `fid` = 8  AND `isopen` = 1 ORDER BY `sort` ASC [ RunTime:0.000324s ]
[ sql ] [ SQL ] SELECT * FROM `lizhili_pilot_list` WHERE  `fid` = 9  AND `isopen` = 1 ORDER BY `sort` ASC [ RunTime:0.000319s ]
[ sql ] [ SQL ] SELECT * FROM `lizhili_pilot_list` WHERE  `fid` = 10  AND `isopen` = 1 ORDER BY `sort` ASC [ RunTime:0.000328s ]
[ sql ] [ SQL ] SELECT * FROM `lizhili_pilot_list` WHERE  `fid` = 11  AND `isopen` = 1 ORDER BY `sort` ASC [ RunTime:0.000314s ]
[ sql ] [ SQL ] SELECT * FROM `lizhili_pilot_list` WHERE  `fid` = 12  AND `isopen` = 1 ORDER BY `sort` ASC [ RunTime:0.000316s ]
---------------------------------------------------------------

[2020-06-05T18:31:24+08:00] 127.0.0.1 GET thinkphpcms.com/manage.php/cate/index
[运行时间：0.075133s] [吞吐率：13.31req/s] [内存消耗：3,656.06kb] [文件加载：87]
[ info ] [ LANG ] D:\phpstudy_pro\WWW\thinkphpcms\thinkphp\lang\zh-cn.php
[ info ] [ BIND ] 'manage'
[ info ] [ ROUTE ] array (
)
[ info ] [ HEADER ] array (
  'cookie' => '__guid=51701228.1641357141932602600.1588816275384.601; PHPSESSID=qvh8l5kkqhjjaqi5lft16tqtvq; monitor_count=172',
  'accept-language' => 'zh-CN,zh;q=0.9',
  'accept-encoding' => 'gzip, deflate',
  'accept' => 'text/html,application/xhtml+xml,application/xml;q=0.9,image/webp,image/apng,*/*;q=0.8,application/signed-exchange;v=b3',
  'user-agent' => 'Mozilla/5.0 (Windows NT 10.0; WOW64) AppleWebKit/537.36 (KHTML, like Gecko) Chrome/78.0.3904.108 Safari/537.36',
  'upgrade-insecure-requests' => '1',
  'cache-control' => 'max-age=0',
  'connection' => 'close',
  'host' => 'thinkphpcms.com',
)
[ info ] [ PARAM ] array (
)
[ info ] [ DB ] INIT mysql
[ info ] [ DB ] INIT mysql
[ info ] [ VIEW ] D:\phpstudy_pro\WWW\thinkphpcms\application\manage\view\cate\index.html [ array (
  0 => 'comment',
  1 => 'message',
  2 => 'pilot_nav',
  3 => 'pilot_list',
  4 => 'datasort',
  5 => 'count1',
) ]
[ sql ] [ DB ] CONNECT:[ UseTime:0.001679s ] mysql:host=127.0.0.1;dbname=thinkphpcms.com;charset=utf8
[ sql ] [ SQL ] SHOW COLUMNS FROM `lizhili_comment` [ RunTime:0.000689s ]
[ sql ] [ SQL ] SELECT COUNT(*) AS tp_count FROM `lizhili_comment` WHERE  `isopen` = -1 [ RunTime:0.000311s ]
[ sql ] [ SQL ] SHOW COLUMNS FROM `lizhili_message` [ RunTime:0.000602s ]
[ sql ] [ SQL ] SELECT COUNT(*) AS tp_count FROM `lizhili_message` WHERE  `isopen` = 0 [ RunTime:0.000322s ]
[ sql ] [ SQL ] SHOW COLUMNS FROM `lizhili_pilot_nav` [ RunTime:0.000553s ]
[ sql ] [ SQL ] SELECT * FROM `lizhili_pilot_nav` WHERE  `isopen` = 1 ORDER BY `sort` ASC [ RunTime:0.000327s ]
[ sql ] [ SQL ] SHOW COLUMNS FROM `lizhili_pilot_list` [ RunTime:0.000570s ]
[ sql ] [ SQL ] SELECT * FROM `lizhili_pilot_list` WHERE  `fid` = 0  AND `pn_id` = 1  AND `isopen` = 1 ORDER BY `sort` ASC [ RunTime:0.000376s ]
[ sql ] [ SQL ] SELECT * FROM `lizhili_pilot_list` WHERE  `fid` = 1  AND `isopen` = 1 ORDER BY `sort` ASC [ RunTime:0.000323s ]
[ sql ] [ SQL ] SELECT * FROM `lizhili_pilot_list` WHERE  `fid` = 2  AND `isopen` = 1 ORDER BY `sort` ASC [ RunTime:0.000321s ]
[ sql ] [ SQL ] SELECT * FROM `lizhili_pilot_list` WHERE  `fid` = 3  AND `isopen` = 1 ORDER BY `sort` ASC [ RunTime:0.000472s ]
[ sql ] [ SQL ] SELECT * FROM `lizhili_pilot_list` WHERE  `fid` = 4  AND `isopen` = 1 ORDER BY `sort` ASC [ RunTime:0.000377s ]
[ sql ] [ SQL ] SELECT * FROM `lizhili_pilot_list` WHERE  `fid` = 31  AND `isopen` = 1 ORDER BY `sort` ASC [ RunTime:0.000412s ]
[ sql ] [ SQL ] SELECT * FROM `lizhili_pilot_list` WHERE  `fid` = 5  AND `isopen` = 1 ORDER BY `sort` ASC [ RunTime:0.000392s ]
[ sql ] [ SQL ] SELECT * FROM `lizhili_pilot_list` WHERE  `fid` = 6  AND `isopen` = 1 ORDER BY `sort` ASC [ RunTime:0.000347s ]
[ sql ] [ SQL ] SELECT * FROM `lizhili_pilot_list` WHERE  `fid` = 24  AND `isopen` = 1 ORDER BY `sort` ASC [ RunTime:0.000327s ]
[ sql ] [ SQL ] SELECT * FROM `lizhili_pilot_list` WHERE  `fid` = 0  AND `pn_id` = 2  AND `isopen` = 1 ORDER BY `sort` ASC [ RunTime:0.000364s ]
[ sql ] [ SQL ] SELECT * FROM `lizhili_pilot_list` WHERE  `fid` = 8  AND `isopen` = 1 ORDER BY `sort` ASC [ RunTime:0.000448s ]
[ sql ] [ SQL ] SELECT * FROM `lizhili_pilot_list` WHERE  `fid` = 9  AND `isopen` = 1 ORDER BY `sort` ASC [ RunTime:0.000439s ]
[ sql ] [ SQL ] SELECT * FROM `lizhili_pilot_list` WHERE  `fid` = 10  AND `isopen` = 1 ORDER BY `sort` ASC [ RunTime:0.000432s ]
[ sql ] [ SQL ] SELECT * FROM `lizhili_pilot_list` WHERE  `fid` = 11  AND `isopen` = 1 ORDER BY `sort` ASC [ RunTime:0.000333s ]
[ sql ] [ SQL ] SELECT * FROM `lizhili_pilot_list` WHERE  `fid` = 12  AND `isopen` = 1 ORDER BY `sort` ASC [ RunTime:0.000336s ]
[ sql ] [ SQL ] SHOW COLUMNS FROM `lizhili_cate` [ RunTime:0.001386s ]
[ sql ] [ SQL ] SELECT * FROM `lizhili_cate` ORDER BY `sort` ASC [ RunTime:0.000315s ]
[ sql ] [ DB ] CONNECT:[ UseTime:0.001589s ] mysql:host=127.0.0.1;dbname=thinkphpcms.com;charset=utf8
[ sql ] [ SQL ] SELECT COUNT(*) AS tp_count FROM `lizhili_cate` [ RunTime:0.000774s ]
---------------------------------------------------------------

[2020-06-05T18:31:32+08:00] 127.0.0.1 GET thinkphpcms.com/manage.php/cate/index
[运行时间：0.080647s] [吞吐率：12.40req/s] [内存消耗：3,656.05kb] [文件加载：87]
[ info ] [ LANG ] D:\phpstudy_pro\WWW\thinkphpcms\thinkphp\lang\zh-cn.php
[ info ] [ BIND ] 'manage'
[ info ] [ ROUTE ] array (
)
[ info ] [ HEADER ] array (
  'cookie' => '__guid=51701228.1641357141932602600.1588816275384.601; PHPSESSID=qvh8l5kkqhjjaqi5lft16tqtvq; monitor_count=173',
  'accept-language' => 'zh-CN,zh;q=0.9',
  'accept-encoding' => 'gzip, deflate',
  'referer' => 'http://thinkphpcms.com/manage.php/index/index.html',
  'accept' => 'text/html,application/xhtml+xml,application/xml;q=0.9,image/webp,image/apng,*/*;q=0.8,application/signed-exchange;v=b3',
  'user-agent' => 'Mozilla/5.0 (Windows NT 10.0; WOW64) AppleWebKit/537.36 (KHTML, like Gecko) Chrome/78.0.3904.108 Safari/537.36',
  'upgrade-insecure-requests' => '1',
  'connection' => 'close',
  'host' => 'thinkphpcms.com',
)
[ info ] [ PARAM ] array (
)
[ info ] [ DB ] INIT mysql
[ info ] [ DB ] INIT mysql
[ info ] [ VIEW ] D:\phpstudy_pro\WWW\thinkphpcms\application\manage\view\cate\index.html [ array (
  0 => 'comment',
  1 => 'message',
  2 => 'pilot_nav',
  3 => 'pilot_list',
  4 => 'datasort',
  5 => 'count1',
) ]
[ sql ] [ DB ] CONNECT:[ UseTime:0.011195s ] mysql:host=127.0.0.1;dbname=thinkphpcms.com;charset=utf8
[ sql ] [ SQL ] SHOW COLUMNS FROM `lizhili_comment` [ RunTime:0.000660s ]
[ sql ] [ SQL ] SELECT COUNT(*) AS tp_count FROM `lizhili_comment` WHERE  `isopen` = -1 [ RunTime:0.000296s ]
[ sql ] [ SQL ] SHOW COLUMNS FROM `lizhili_message` [ RunTime:0.000558s ]
[ sql ] [ SQL ] SELECT COUNT(*) AS tp_count FROM `lizhili_message` WHERE  `isopen` = 0 [ RunTime:0.000281s ]
[ sql ] [ SQL ] SHOW COLUMNS FROM `lizhili_pilot_nav` [ RunTime:0.000548s ]
[ sql ] [ SQL ] SELECT * FROM `lizhili_pilot_nav` WHERE  `isopen` = 1 ORDER BY `sort` ASC [ RunTime:0.000316s ]
[ sql ] [ SQL ] SHOW COLUMNS FROM `lizhili_pilot_list` [ RunTime:0.000543s ]
[ sql ] [ SQL ] SELECT * FROM `lizhili_pilot_list` WHERE  `fid` = 0  AND `pn_id` = 1  AND `isopen` = 1 ORDER BY `sort` ASC [ RunTime:0.000447s ]
[ sql ] [ SQL ] SELECT * FROM `lizhili_pilot_list` WHERE  `fid` = 1  AND `isopen` = 1 ORDER BY `sort` ASC [ RunTime:0.000320s ]
[ sql ] [ SQL ] SELECT * FROM `lizhili_pilot_list` WHERE  `fid` = 2  AND `isopen` = 1 ORDER BY `sort` ASC [ RunTime:0.000322s ]
[ sql ] [ SQL ] SELECT * FROM `lizhili_pilot_list` WHERE  `fid` = 3  AND `isopen` = 1 ORDER BY `sort` ASC [ RunTime:0.000325s ]
[ sql ] [ SQL ] SELECT * FROM `lizhili_pilot_list` WHERE  `fid` = 4  AND `isopen` = 1 ORDER BY `sort` ASC [ RunTime:0.000326s ]
[ sql ] [ SQL ] SELECT * FROM `lizhili_pilot_list` WHERE  `fid` = 31  AND `isopen` = 1 ORDER BY `sort` ASC [ RunTime:0.000324s ]
[ sql ] [ SQL ] SELECT * FROM `lizhili_pilot_list` WHERE  `fid` = 5  AND `isopen` = 1 ORDER BY `sort` ASC [ RunTime:0.000310s ]
[ sql ] [ SQL ] SELECT * FROM `lizhili_pilot_list` WHERE  `fid` = 6  AND `isopen` = 1 ORDER BY `sort` ASC [ RunTime:0.000308s ]
[ sql ] [ SQL ] SELECT * FROM `lizhili_pilot_list` WHERE  `fid` = 24  AND `isopen` = 1 ORDER BY `sort` ASC [ RunTime:0.000306s ]
[ sql ] [ SQL ] SELECT * FROM `lizhili_pilot_list` WHERE  `fid` = 0  AND `pn_id` = 2  AND `isopen` = 1 ORDER BY `sort` ASC [ RunTime:0.000335s ]
[ sql ] [ SQL ] SELECT * FROM `lizhili_pilot_list` WHERE  `fid` = 8  AND `isopen` = 1 ORDER BY `sort` ASC [ RunTime:0.000327s ]
[ sql ] [ SQL ] SELECT * FROM `lizhili_pilot_list` WHERE  `fid` = 9  AND `isopen` = 1 ORDER BY `sort` ASC [ RunTime:0.000315s ]
[ sql ] [ SQL ] SELECT * FROM `lizhili_pilot_list` WHERE  `fid` = 10  AND `isopen` = 1 ORDER BY `sort` ASC [ RunTime:0.000323s ]
[ sql ] [ SQL ] SELECT * FROM `lizhili_pilot_list` WHERE  `fid` = 11  AND `isopen` = 1 ORDER BY `sort` ASC [ RunTime:0.000311s ]
[ sql ] [ SQL ] SELECT * FROM `lizhili_pilot_list` WHERE  `fid` = 12  AND `isopen` = 1 ORDER BY `sort` ASC [ RunTime:0.000312s ]
[ sql ] [ SQL ] SHOW COLUMNS FROM `lizhili_cate` [ RunTime:0.001204s ]
[ sql ] [ SQL ] SELECT * FROM `lizhili_cate` ORDER BY `sort` ASC [ RunTime:0.000280s ]
[ sql ] [ DB ] CONNECT:[ UseTime:0.010432s ] mysql:host=127.0.0.1;dbname=thinkphpcms.com;charset=utf8
[ sql ] [ SQL ] SELECT COUNT(*) AS tp_count FROM `lizhili_cate` [ RunTime:0.000699s ]
---------------------------------------------------------------

[2020-06-05T18:31:32+08:00] 127.0.0.1 GET thinkphpcms.com/manage.php/cate/index
[运行时间：0.070012s] [吞吐率：14.28req/s] [内存消耗：3,656.05kb] [文件加载：87]
[ info ] [ LANG ] D:\phpstudy_pro\WWW\thinkphpcms\thinkphp\lang\zh-cn.php
[ info ] [ BIND ] 'manage'
[ info ] [ ROUTE ] array (
)
[ info ] [ HEADER ] array (
  'cookie' => '__guid=51701228.1641357141932602600.1588816275384.601; PHPSESSID=qvh8l5kkqhjjaqi5lft16tqtvq; monitor_count=173',
  'accept-language' => 'zh-CN,zh;q=0.9',
  'accept-encoding' => 'gzip, deflate',
  'referer' => 'http://thinkphpcms.com/manage.php/index/index.html',
  'accept' => 'text/html,application/xhtml+xml,application/xml;q=0.9,image/webp,image/apng,*/*;q=0.8,application/signed-exchange;v=b3',
  'user-agent' => 'Mozilla/5.0 (Windows NT 10.0; WOW64) AppleWebKit/537.36 (KHTML, like Gecko) Chrome/78.0.3904.108 Safari/537.36',
  'upgrade-insecure-requests' => '1',
  'connection' => 'close',
  'host' => 'thinkphpcms.com',
)
[ info ] [ PARAM ] array (
)
[ info ] [ DB ] INIT mysql
[ info ] [ DB ] INIT mysql
[ info ] [ VIEW ] D:\phpstudy_pro\WWW\thinkphpcms\application\manage\view\cate\index.html [ array (
  0 => 'comment',
  1 => 'message',
  2 => 'pilot_nav',
  3 => 'pilot_list',
  4 => 'datasort',
  5 => 'count1',
) ]
[ sql ] [ DB ] CONNECT:[ UseTime:0.001642s ] mysql:host=127.0.0.1;dbname=thinkphpcms.com;charset=utf8
[ sql ] [ SQL ] SHOW COLUMNS FROM `lizhili_comment` [ RunTime:0.000677s ]
[ sql ] [ SQL ] SELECT COUNT(*) AS tp_count FROM `lizhili_comment` WHERE  `isopen` = -1 [ RunTime:0.000297s ]
[ sql ] [ SQL ] SHOW COLUMNS FROM `lizhili_message` [ RunTime:0.000558s ]
[ sql ] [ SQL ] SELECT COUNT(*) AS tp_count FROM `lizhili_message` WHERE  `isopen` = 0 [ RunTime:0.000265s ]
[ sql ] [ SQL ] SHOW COLUMNS FROM `lizhili_pilot_nav` [ RunTime:0.000554s ]
[ sql ] [ SQL ] SELECT * FROM `lizhili_pilot_nav` WHERE  `isopen` = 1 ORDER BY `sort` ASC [ RunTime:0.000337s ]
[ sql ] [ SQL ] SHOW COLUMNS FROM `lizhili_pilot_list` [ RunTime:0.000560s ]
[ sql ] [ SQL ] SELECT * FROM `lizhili_pilot_list` WHERE  `fid` = 0  AND `pn_id` = 1  AND `isopen` = 1 ORDER BY `sort` ASC [ RunTime:0.000367s ]
[ sql ] [ SQL ] SELECT * FROM `lizhili_pilot_list` WHERE  `fid` = 1  AND `isopen` = 1 ORDER BY `sort` ASC [ RunTime:0.000327s ]
[ sql ] [ SQL ] SELECT * FROM `lizhili_pilot_list` WHERE  `fid` = 2  AND `isopen` = 1 ORDER BY `sort` ASC [ RunTime:0.000328s ]
[ sql ] [ SQL ] SELECT * FROM `lizhili_pilot_list` WHERE  `fid` = 3  AND `isopen` = 1 ORDER BY `sort` ASC [ RunTime:0.000354s ]
[ sql ] [ SQL ] SELECT * FROM `lizhili_pilot_list` WHERE  `fid` = 4  AND `isopen` = 1 ORDER BY `sort` ASC [ RunTime:0.000345s ]
[ sql ] [ SQL ] SELECT * FROM `lizhili_pilot_list` WHERE  `fid` = 31  AND `isopen` = 1 ORDER BY `sort` ASC [ RunTime:0.000330s ]
[ sql ] [ SQL ] SELECT * FROM `lizhili_pilot_list` WHERE  `fid` = 5  AND `isopen` = 1 ORDER BY `sort` ASC [ RunTime:0.000319s ]
[ sql ] [ SQL ] SELECT * FROM `lizhili_pilot_list` WHERE  `fid` = 6  AND `isopen` = 1 ORDER BY `sort` ASC [ RunTime:0.000311s ]
[ sql ] [ SQL ] SELECT * FROM `lizhili_pilot_list` WHERE  `fid` = 24  AND `isopen` = 1 ORDER BY `sort` ASC [ RunTime:0.000315s ]
[ sql ] [ SQL ] SELECT * FROM `lizhili_pilot_list` WHERE  `fid` = 0  AND `pn_id` = 2  AND `isopen` = 1 ORDER BY `sort` ASC [ RunTime:0.000340s ]
[ sql ] [ SQL ] SELECT * FROM `lizhili_pilot_list` WHERE  `fid` = 8  AND `isopen` = 1 ORDER BY `sort` ASC [ RunTime:0.000318s ]
[ sql ] [ SQL ] SELECT * FROM `lizhili_pilot_list` WHERE  `fid` = 9  AND `isopen` = 1 ORDER BY `sort` ASC [ RunTime:0.000316s ]
[ sql ] [ SQL ] SELECT * FROM `lizhili_pilot_list` WHERE  `fid` = 10  AND `isopen` = 1 ORDER BY `sort` ASC [ RunTime:0.000334s ]
[ sql ] [ SQL ] SELECT * FROM `lizhili_pilot_list` WHERE  `fid` = 11  AND `isopen` = 1 ORDER BY `sort` ASC [ RunTime:0.000320s ]
[ sql ] [ SQL ] SELECT * FROM `lizhili_pilot_list` WHERE  `fid` = 12  AND `isopen` = 1 ORDER BY `sort` ASC [ RunTime:0.000326s ]
[ sql ] [ SQL ] SHOW COLUMNS FROM `lizhili_cate` [ RunTime:0.001277s ]
[ sql ] [ SQL ] SELECT * FROM `lizhili_cate` ORDER BY `sort` ASC [ RunTime:0.000302s ]
[ sql ] [ DB ] CONNECT:[ UseTime:0.009910s ] mysql:host=127.0.0.1;dbname=thinkphpcms.com;charset=utf8
[ sql ] [ SQL ] SELECT COUNT(*) AS tp_count FROM `lizhili_cate` [ RunTime:0.000782s ]
